{
  "stats": {
    "suites": 1,
    "tests": 6,
    "passes": 0,
    "pending": 0,
    "failures": 6,
    "start": "2026-09-26T13:02:22.393Z",
    "end": "2026-09-26T13:02:36.577Z",
    "duration": 14184,
    "testsRegistered": 6,
    "passPercent": 0,
    "pendingPercent": 0,
    "other": 0,
    "hasOther": false,
    "skipped": 0,
    "hasSkipped": false
  },
  "results": [
    {
      "uuid": "b3dfe6a1-c07c-4877-b37c-dda650c3cd3b",
      "title": "",
      "fullFile": "cypress/e2e/auth/logout.cy.ts",
      "file": "cypress/e2e/auth/logout.cy.ts",
      "beforeHooks": [],
      "afterHooks": [],
      "tests": [],
      "suites": [
        {
          "uuid": "40aff099-8b3b-47fd-9513-5163b2cd1f30",
          "title": "Auth — Logout",
          "fullFile": "",
          "file": "",
          "beforeHooks": [],
          "afterHooks": [],
          "tests": [
            {
              "title": "P1 | Logout clears nepay_refresh cookie",
              "fullTitle": "Auth — Logout P1 | Logout clears nepay_refresh cookie",
              "timedOut": null,
              "duration": 632,
              "state": "failed",
              "speed": null,
              "pass": false,
              "fail": true,
              "pending": false,
              "context": null,
              "code": "clickLogout();\n// HARD: cookie must be gone\ncy.getCookie(\"nepay_refresh\", { timeout: 8000 }).should(\"not.exist\");",
              "err": {
                "message": "CypressError: `cy.click()` can only be called on a single element. Your subject contained 2 elements. Pass `{ multiple: true }` if you want to serially click each element.\n\nhttps://on.cypress.io/click",
                "estack": "CypressError: `cy.click()` can only be called on a single element. Your subject contained 2 elements. Pass `{ multiple: true }` if you want to serially click each element.\n\nhttps://on.cypress.io/click\n    at mouseAction (https://staging-nepay.vercel.app/__cypress/runner/cypress_runner.js:135434:76)\n    at Context.click (https://staging-nepay.vercel.app/__cypress/runner/cypress_runner.js:135612:14)\n    at wrapped (https://staging-nepay.vercel.app/__cypress/runner/cypress_runner.js:157859:19)\nFrom Your Spec Code:\n    at clickLogout (webpack:///./cypress/e2e/auth/logout.cy.ts:5:56)\n    at Context.eval (webpack:///./cypress/e2e/auth/logout.cy.ts:15:0)",
                "diff": null
              },
              "uuid": "717a9aee-9fce-4832-ae7f-eddcb1037791",
              "parentUUID": "40aff099-8b3b-47fd-9513-5163b2cd1f30",
              "isHook": false,
              "skipped": false
            },
            {
              "title": "P2 | Logout redirects to /login",
              "fullTitle": "Auth — Logout P2 | Logout redirects to /login",
              "timedOut": null,
              "duration": 614,
              "state": "failed",
              "speed": null,
              "pass": false,
              "fail": true,
              "pending": false,
              "context": null,
              "code": "clickLogout();\n// HARD\ncy.url({ timeout: 8000 }).should(\"include\", \"/login\");",
              "err": {
                "message": "CypressError: `cy.click()` can only be called on a single element. Your subject contained 2 elements. Pass `{ multiple: true }` if you want to serially click each element.\n\nhttps://on.cypress.io/click",
                "estack": "CypressError: `cy.click()` can only be called on a single element. Your subject contained 2 elements. Pass `{ multiple: true }` if you want to serially click each element.\n\nhttps://on.cypress.io/click\n    at mouseAction (https://staging-nepay.vercel.app/__cypress/runner/cypress_runner.js:135434:76)\n    at Context.click (https://staging-nepay.vercel.app/__cypress/runner/cypress_runner.js:135612:14)\n    at wrapped (https://staging-nepay.vercel.app/__cypress/runner/cypress_runner.js:157859:19)\nFrom Your Spec Code:\n    at clickLogout (webpack:///./cypress/e2e/auth/logout.cy.ts:5:56)\n    at Context.eval (webpack:///./cypress/e2e/auth/logout.cy.ts:20:0)",
                "diff": null
              },
              "uuid": "d6699ea5-0eb7-459a-91d4-caad1087f32c",
              "parentUUID": "40aff099-8b3b-47fd-9513-5163b2cd1f30",
              "isHook": false,
              "skipped": false
            },
            {
              "title": "P3 | Signed out toast is shown",
              "fullTitle": "Auth — Logout P3 | Signed out toast is shown",
              "timedOut": null,
              "duration": 729,
              "state": "failed",
              "speed": null,
              "pass": false,
              "fail": true,
              "pending": false,
              "context": null,
              "code": "clickLogout();\n// SOFT: toast is cosmetic\ncy.softAssert(() => {\n    cy.contains(/signed out|logged out/i, { timeout: 5000 }).should(\"be.visible\");\n}, \"Signed out toast\");\ncy.assertAll();",
              "err": {
                "message": "CypressError: `cy.click()` can only be called on a single element. Your subject contained 2 elements. Pass `{ multiple: true }` if you want to serially click each element.\n\nhttps://on.cypress.io/click",
                "estack": "CypressError: `cy.click()` can only be called on a single element. Your subject contained 2 elements. Pass `{ multiple: true }` if you want to serially click each element.\n\nhttps://on.cypress.io/click\n    at mouseAction (https://staging-nepay.vercel.app/__cypress/runner/cypress_runner.js:135434:76)\n    at Context.click (https://staging-nepay.vercel.app/__cypress/runner/cypress_runner.js:135612:14)\n    at wrapped (https://staging-nepay.vercel.app/__cypress/runner/cypress_runner.js:157859:19)\nFrom Your Spec Code:\n    at clickLogout (webpack:///./cypress/e2e/auth/logout.cy.ts:5:56)\n    at Context.eval (webpack:///./cypress/e2e/auth/logout.cy.ts:25:0)",
                "diff": null
              },
              "uuid": "2e5d9175-48ff-4ac2-9bad-6d6683ecdba9",
              "parentUUID": "40aff099-8b3b-47fd-9513-5163b2cd1f30",
              "isHook": false,
              "skipped": false
            },
            {
              "title": "P4 | localStorage is cleared after logout",
              "fullTitle": "Auth — Logout P4 | localStorage is cleared after logout",
              "timedOut": null,
              "duration": 955,
              "state": "failed",
              "speed": null,
              "pass": false,
              "fail": true,
              "pending": false,
              "context": null,
              "code": "clickLogout();\ncy.url({ timeout: 8000 }).should(\"include\", \"/login\");\n// HARD: tokens must be gone from localStorage\ncy.window().then((win) => {\n    expect(win.localStorage.getItem(\"nepay-auth\")).to.be.null;\n});",
              "err": {
                "message": "CypressError: `cy.click()` can only be called on a single element. Your subject contained 2 elements. Pass `{ multiple: true }` if you want to serially click each element.\n\nhttps://on.cypress.io/click",
                "estack": "CypressError: `cy.click()` can only be called on a single element. Your subject contained 2 elements. Pass `{ multiple: true }` if you want to serially click each element.\n\nhttps://on.cypress.io/click\n    at mouseAction (https://staging-nepay.vercel.app/__cypress/runner/cypress_runner.js:135434:76)\n    at Context.click (https://staging-nepay.vercel.app/__cypress/runner/cypress_runner.js:135612:14)\n    at wrapped (https://staging-nepay.vercel.app/__cypress/runner/cypress_runner.js:157859:19)\nFrom Your Spec Code:\n    at clickLogout (webpack:///./cypress/e2e/auth/logout.cy.ts:5:56)\n    at Context.eval (webpack:///./cypress/e2e/auth/logout.cy.ts:33:0)",
                "diff": null
              },
              "uuid": "1781ff95-0a93-45d7-90db-988f23c5fe9f",
              "parentUUID": "40aff099-8b3b-47fd-9513-5163b2cd1f30",
              "isHook": false,
              "skipped": false
            },
            {
              "title": "N1 | After logout, browser back to protected route → redirected to /login",
              "fullTitle": "Auth — Logout N1 | After logout, browser back to protected route → redirected to /login",
              "timedOut": null,
              "duration": 858,
              "state": "failed",
              "speed": null,
              "pass": false,
              "fail": true,
              "pending": false,
              "context": null,
              "code": "clickLogout();\ncy.url({ timeout: 8000 }).should(\"include\", \"/login\");\ncy.go(\"back\");\n// HARD: middleware must gate the route\ncy.url({ timeout: 8000 }).should(\"include\", \"/login\");",
              "err": {
                "message": "CypressError: `cy.click()` can only be called on a single element. Your subject contained 2 elements. Pass `{ multiple: true }` if you want to serially click each element.\n\nhttps://on.cypress.io/click",
                "estack": "CypressError: `cy.click()` can only be called on a single element. Your subject contained 2 elements. Pass `{ multiple: true }` if you want to serially click each element.\n\nhttps://on.cypress.io/click\n    at mouseAction (https://staging-nepay.vercel.app/__cypress/runner/cypress_runner.js:135434:76)\n    at Context.click (https://staging-nepay.vercel.app/__cypress/runner/cypress_runner.js:135612:14)\n    at wrapped (https://staging-nepay.vercel.app/__cypress/runner/cypress_runner.js:157859:19)\nFrom Your Spec Code:\n    at clickLogout (webpack:///./cypress/e2e/auth/logout.cy.ts:5:56)\n    at Context.eval (webpack:///./cypress/e2e/auth/logout.cy.ts:41:0)",
                "diff": null
              },
              "uuid": "35f6682c-a3c0-4594-b655-298c079c02bd",
              "parentUUID": "40aff099-8b3b-47fd-9513-5163b2cd1f30",
              "isHook": false,
              "skipped": false
            },
            {
              "title": "N2 | Logout when API fails → still clears state and redirects",
              "fullTitle": "Auth — Logout N2 | Logout when API fails → still clears state and redirects",
              "timedOut": null,
              "duration": 809,
              "state": "failed",
              "speed": null,
              "pass": false,
              "fail": true,
              "pending": false,
              "context": null,
              "code": "cy.intercept(\"POST\", \"**/auth/logout\", { forceNetworkError: true }).as(\"logoutFail\");\nclickLogout();\n// HARD: even on API failure, user must be logged out locally\ncy.url({ timeout: 8000 }).should(\"include\", \"/login\");\ncy.getCookie(\"nepay_refresh\").should(\"not.exist\");",
              "err": {
                "message": "CypressError: `cy.click()` can only be called on a single element. Your subject contained 2 elements. Pass `{ multiple: true }` if you want to serially click each element.\n\nhttps://on.cypress.io/click",
                "estack": "CypressError: `cy.click()` can only be called on a single element. Your subject contained 2 elements. Pass `{ multiple: true }` if you want to serially click each element.\n\nhttps://on.cypress.io/click\n    at mouseAction (https://staging-nepay.vercel.app/__cypress/runner/cypress_runner.js:135434:76)\n    at Context.click (https://staging-nepay.vercel.app/__cypress/runner/cypress_runner.js:135612:14)\n    at wrapped (https://staging-nepay.vercel.app/__cypress/runner/cypress_runner.js:157859:19)\nFrom Your Spec Code:\n    at clickLogout (webpack:///./cypress/e2e/auth/logout.cy.ts:5:56)\n    at Context.eval (webpack:///./cypress/e2e/auth/logout.cy.ts:49:0)",
                "diff": null
              },
              "uuid": "b06964bc-17e8-45c9-b92f-931595177ca0",
              "parentUUID": "40aff099-8b3b-47fd-9513-5163b2cd1f30",
              "isHook": false,
              "skipped": false
            }
          ],
          "suites": [],
          "passes": [],
          "failures": [
            "717a9aee-9fce-4832-ae7f-eddcb1037791",
            "d6699ea5-0eb7-459a-91d4-caad1087f32c",
            "2e5d9175-48ff-4ac2-9bad-6d6683ecdba9",
            "1781ff95-0a93-45d7-90db-988f23c5fe9f",
            "35f6682c-a3c0-4594-b655-298c079c02bd",
            "b06964bc-17e8-45c9-b92f-931595177ca0"
          ],
          "pending": [],
          "skipped": [],
          "duration": 4597,
          "root": false,
          "rootEmpty": false,
          "_timeout": 2000
        }
      ],
      "passes": [],
      "failures": [],
      "pending": [],
      "skipped": [],
      "duration": 0,
      "root": true,
      "rootEmpty": true,
      "_timeout": 2000
    }
  ],
  "meta": {
    "mocha": {
      "version": "7.0.1"
    },
    "mochawesome": {
      "options": {
        "quiet": false,
        "reportFilename": "mochawesome",
        "saveHtml": false,
        "saveJson": true,
        "consoleReporter": "spec",
        "useInlineDiffs": false,
        "code": true
      },
      "version": "8.1.1"
    },
    "marge": {
      "options": {
        "reportDir": "cypress/reports",
        "overwrite": false,
        "html": false,
        "json": true,
        "timestamp": "isoDateTime"
      },
      "version": "6.3.2"
    }
  }
}