{
  "stats": {
    "suites": 1,
    "tests": 12,
    "passes": 11,
    "pending": 0,
    "failures": 1,
    "start": "2026-09-26T10:52:21.962Z",
    "end": "2026-09-26T10:56:30.497Z",
    "duration": 248535,
    "testsRegistered": 12,
    "passPercent": 91.66666666666666,
    "pendingPercent": 0,
    "other": 0,
    "hasOther": false,
    "skipped": 0,
    "hasSkipped": false
  },
  "results": [
    {
      "uuid": "95168364-d207-4f6f-a802-78026dd0eb35",
      "title": "",
      "fullFile": "cypress/e2e/auth/login.cy.ts",
      "file": "cypress/e2e/auth/login.cy.ts",
      "beforeHooks": [],
      "afterHooks": [],
      "tests": [],
      "suites": [
        {
          "uuid": "5f3223be-d20d-4e5d-8bab-10aac3aa3043",
          "title": "Auth — Login",
          "fullFile": "",
          "file": "",
          "beforeHooks": [],
          "afterHooks": [],
          "tests": [
            {
              "title": "P1 | Valid credentials → redirects to /overview",
              "fullTitle": "Auth — Login P1 | Valid credentials → redirects to /overview",
              "timedOut": null,
              "duration": 61648,
              "state": "failed",
              "speed": null,
              "pass": false,
              "fail": true,
              "pending": false,
              "context": null,
              "code": "cy.get('input[name=\"identifier\"]').type(Cypress.env(\"TEST_EMAIL\"));\ncy.get('input[name=\"password\"]').type(Cypress.env(\"TEST_PASSWORD\"));\ncy.get('button[type=\"submit\"]').click();\n// HARD: must land on overview — no point running further checks without this\ncy.url({ timeout: 60000 }).should(\"include\", \"/overview\");",
              "err": {
                "message": "AssertionError: Timed out retrying after 60000ms: expected 'https://staging-nepay.vercel.app/login' to include '/overview'",
                "estack": "AssertionError: Timed out retrying after 60000ms: expected 'https://staging-nepay.vercel.app/login' to include '/overview'\n    at Context.eval (webpack:///./cypress/e2e/auth/login.cy.ts:15:33)",
                "diff": null
              },
              "uuid": "78f991b4-adb3-422f-ae44-9cc21da385e0",
              "parentUUID": "5f3223be-d20d-4e5d-8bab-10aac3aa3043",
              "isHook": false,
              "skipped": false
            },
            {
              "title": "P2 | nepay_refresh cookie is set after successful login",
              "fullTitle": "Auth — Login P2 | nepay_refresh cookie is set after successful login",
              "timedOut": null,
              "duration": 41345,
              "state": "passed",
              "speed": "slow",
              "pass": true,
              "fail": false,
              "pending": false,
              "context": null,
              "code": "cy.get('input[name=\"identifier\"]').type(Cypress.env(\"TEST_EMAIL\"));\ncy.get('input[name=\"password\"]').type(Cypress.env(\"TEST_PASSWORD\"));\ncy.get('button[type=\"submit\"]').click();\ncy.url({ timeout: 60000 }).should(\"include\", \"/overview\");\n// HARD: cookie is the middleware session gate — must be present\ncy.getCookie(\"nepay_refresh\").should(\"exist\").and(\"have.property\", \"value\", \"true\");",
              "err": {},
              "uuid": "3d83c6c2-bd1a-4c93-9ee3-209c325d9d14",
              "parentUUID": "5f3223be-d20d-4e5d-8bab-10aac3aa3043",
              "isHook": false,
              "skipped": false
            },
            {
              "title": "P4 | returnTo query param redirects to original route after login",
              "fullTitle": "Auth — Login P4 | returnTo query param redirects to original route after login",
              "timedOut": null,
              "duration": 1570,
              "state": "passed",
              "speed": "fast",
              "pass": true,
              "fail": false,
              "pending": false,
              "context": null,
              "code": "cy.visit(\"/login?returnTo=/transfer\");\ncy.get('input[name=\"identifier\"]').type(Cypress.env(\"TEST_EMAIL\"));\ncy.get('input[name=\"password\"]').type(Cypress.env(\"TEST_PASSWORD\"));\ncy.get('button[type=\"submit\"]').click();\n// HARD: must honour the returnTo param\ncy.url({ timeout: 60000 }).should(\"include\", \"/transfer\");",
              "err": {},
              "uuid": "763148d3-bf4a-40f2-bf2b-76802ec18eb2",
              "parentUUID": "5f3223be-d20d-4e5d-8bab-10aac3aa3043",
              "isHook": false,
              "skipped": false
            },
            {
              "title": "P5 | Accessing /login when already logged in → bounced to /overview",
              "fullTitle": "Auth — Login P5 | Accessing /login when already logged in → bounced to /overview",
              "timedOut": null,
              "duration": 5772,
              "state": "passed",
              "speed": "medium",
              "pass": true,
              "fail": false,
              "pending": false,
              "context": null,
              "code": "cy.login();\ncy.visit(\"/login\");\n// HARD: middleware should redirect away\ncy.url({ timeout: 10000 }).should(\"include\", \"/overview\");",
              "err": {},
              "uuid": "fd4bd751-228f-417f-baaf-575b133b3fbb",
              "parentUUID": "5f3223be-d20d-4e5d-8bab-10aac3aa3043",
              "isHook": false,
              "skipped": false
            },
            {
              "title": "N1 | Wrong password → inline error shown (not a toast)",
              "fullTitle": "Auth — Login N1 | Wrong password → inline error shown (not a toast)",
              "timedOut": null,
              "duration": 4427,
              "state": "passed",
              "speed": "fast",
              "pass": true,
              "fail": false,
              "pending": false,
              "context": null,
              "code": "cy.get('input[name=\"identifier\"]').type(Cypress.env(\"TEST_EMAIL\"));\ncy.get('input[name=\"password\"]').type(\"WrongPassword999!\");\ncy.get('button[type=\"submit\"]').click();\n// HARD: must stay on login page\ncy.url().should(\"include\", \"/login\");\n// HARD: inline error must appear (not just a toast that auto-dismisses)\ncy.contains(/invalid|incorrect|wrong|credentials/i, { timeout: 8000 }).should(\"be.visible\");\n// SOFT: no toast shown for invalid credentials (per auth-context.tsx design)\ncy.softAssert(() => {\n    cy.get('[data-sonner-toast]').should(\"not.exist\");\n}, \"No toast for invalid credentials\");\ncy.assertAll();",
              "err": {},
              "uuid": "d173f95c-04e8-462f-90b4-5fce14c7fa4a",
              "parentUUID": "5f3223be-d20d-4e5d-8bab-10aac3aa3043",
              "isHook": false,
              "skipped": false
            },
            {
              "title": "N2 | Empty email field → validation error before API call",
              "fullTitle": "Auth — Login N2 | Empty email field → validation error before API call",
              "timedOut": null,
              "duration": 958,
              "state": "passed",
              "speed": "fast",
              "pass": true,
              "fail": false,
              "pending": false,
              "context": null,
              "code": "cy.get('input[name=\"password\"]').type(\"SomePassword1\");\ncy.get('button[type=\"submit\"]').click();\n// HARD: form validation should block submission\ncy.contains(/email|required|enter/i).should(\"be.visible\");\ncy.url().should(\"include\", \"/login\");",
              "err": {},
              "uuid": "5412fb5e-f757-4182-b0a0-92ddecd952fc",
              "parentUUID": "5f3223be-d20d-4e5d-8bab-10aac3aa3043",
              "isHook": false,
              "skipped": false
            },
            {
              "title": "N3 | Empty password field → validation error before API call",
              "fullTitle": "Auth — Login N3 | Empty password field → validation error before API call",
              "timedOut": null,
              "duration": 1046,
              "state": "passed",
              "speed": "fast",
              "pass": true,
              "fail": false,
              "pending": false,
              "context": null,
              "code": "cy.get('input[name=\"identifier\"]').type(Cypress.env(\"TEST_EMAIL\"));\ncy.get('button[type=\"submit\"]').click();\n// HARD\ncy.contains(/password|required/i).should(\"be.visible\");\ncy.url().should(\"include\", \"/login\");",
              "err": {},
              "uuid": "baded9fa-715e-42c1-b2fc-eacc2932056e",
              "parentUUID": "5f3223be-d20d-4e5d-8bab-10aac3aa3043",
              "isHook": false,
              "skipped": false
            },
            {
              "title": "N4 | Submit button disabled while login request is in-flight (no double submit)",
              "fullTitle": "Auth — Login N4 | Submit button disabled while login request is in-flight (no double submit)",
              "timedOut": null,
              "duration": 3834,
              "state": "passed",
              "speed": "fast",
              "pass": true,
              "fail": false,
              "pending": false,
              "context": null,
              "code": "cy.get('input[name=\"identifier\"]').type(Cypress.env(\"TEST_EMAIL\"));\ncy.get('input[name=\"password\"]').type(Cypress.env(\"TEST_PASSWORD\"));\ncy.intercept(\"POST\", \"**/auth/login\").as(\"loginRequest\");\ncy.get('button[type=\"submit\"]').click();\n// HARD: button must be disabled or show loading state during the request\ncy.get('button[type=\"submit\"]').should(\"be.disabled\");\ncy.wait(\"@loginRequest\");",
              "err": {},
              "uuid": "42d7dcdf-3a35-4a5b-ae40-18d18f54d9f0",
              "parentUUID": "5f3223be-d20d-4e5d-8bab-10aac3aa3043",
              "isHook": false,
              "skipped": false
            },
            {
              "title": "N5 | Network error during login → graceful error shown",
              "fullTitle": "Auth — Login N5 | Network error during login → graceful error shown",
              "timedOut": null,
              "duration": 1422,
              "state": "passed",
              "speed": "fast",
              "pass": true,
              "fail": false,
              "pending": false,
              "context": null,
              "code": "cy.intercept(\"POST\", \"**/auth/login\", { forceNetworkError: true }).as(\"loginFail\");\ncy.get('input[name=\"identifier\"]').type(Cypress.env(\"TEST_EMAIL\"));\ncy.get('input[name=\"password\"]').type(Cypress.env(\"TEST_PASSWORD\"));\ncy.get('button[type=\"submit\"]').click();\ncy.wait(\"@loginFail\");\n// HARD: error message should appear — no crash/blank page\ncy.softAssert(() => {\n    cy.contains(/error|failed|try again|problem/i, { timeout: 8000 }).should(\"be.visible\");\n}, \"Error message on network failure\");\n// HARD: still on login page\ncy.url().should(\"include\", \"/login\");\ncy.assertAll();",
              "err": {},
              "uuid": "34195479-f943-4cb7-92e3-dbef9895cefe",
              "parentUUID": "5f3223be-d20d-4e5d-8bab-10aac3aa3043",
              "isHook": false,
              "skipped": false
            },
            {
              "title": "N6 | Suspended account → persistent banner shown (not just toast)",
              "fullTitle": "Auth — Login N6 | Suspended account → persistent banner shown (not just toast)",
              "timedOut": null,
              "duration": 1192,
              "state": "passed",
              "speed": "fast",
              "pass": true,
              "fail": false,
              "pending": false,
              "context": null,
              "code": "cy.intercept(\"POST\", \"**/auth/login\", {\n    statusCode: 403,\n    body: {\n        success: false,\n        code: \"ACCOUNT_SUSPENDED\",\n        message: \"Your account has been suspended. Please contact support.\",\n    },\n}).as(\"suspendedLogin\");\ncy.get('input[name=\"identifier\"]').type(\"suspended@test.com\");\ncy.get('input[name=\"password\"]').type(\"AnyPass123\");\ncy.get('button[type=\"submit\"]').click();\ncy.wait(\"@suspendedLogin\");\n// HARD: must show a visible, persistent suspended banner\ncy.contains(/suspended|contact support/i, { timeout: 8000 }).should(\"be.visible\");\n// SOFT: no toast (per auth-context.tsx design decision)\ncy.softAssert(() => {\n    cy.get('[data-sonner-toast]').should(\"not.exist\");\n}, \"No auto-dismiss toast for suspended account\");\ncy.assertAll();",
              "err": {},
              "uuid": "768dd8b3-f1aa-4bd5-9aac-9616c4661c82",
              "parentUUID": "5f3223be-d20d-4e5d-8bab-10aac3aa3043",
              "isHook": false,
              "skipped": false
            },
            {
              "title": "N7 | Open redirect — returnTo with external URL → fallback to /overview",
              "fullTitle": "Auth — Login N7 | Open redirect — returnTo with external URL → fallback to /overview",
              "timedOut": null,
              "duration": 865,
              "state": "passed",
              "speed": "fast",
              "pass": true,
              "fail": false,
              "pending": false,
              "context": null,
              "code": "cy.login();\ncy.visit(\"/login?returnTo=https://evil.com\");\n// HARD: middleware safeReturnTo must reject the external URL\ncy.url({ timeout: 10000 }).should(\"include\", \"/overview\");\ncy.url().should(\"not.include\", \"evil.com\");",
              "err": {},
              "uuid": "d765bb86-5ff2-4ff0-9409-d1021e068cfc",
              "parentUUID": "5f3223be-d20d-4e5d-8bab-10aac3aa3043",
              "isHook": false,
              "skipped": false
            },
            {
              "title": "N8 | Open redirect — returnTo with protocol-relative URL → fallback to /overview",
              "fullTitle": "Auth — Login N8 | Open redirect — returnTo with protocol-relative URL → fallback to /overview",
              "timedOut": null,
              "duration": 784,
              "state": "passed",
              "speed": "fast",
              "pass": true,
              "fail": false,
              "pending": false,
              "context": null,
              "code": "cy.login();\ncy.visit(\"/login?returnTo=//evil.com\");\ncy.url({ timeout: 10000 }).should(\"include\", \"/overview\");\ncy.url().should(\"not.include\", \"evil.com\");",
              "err": {},
              "uuid": "5b90b194-c31c-40c1-9150-da21a94ed921",
              "parentUUID": "5f3223be-d20d-4e5d-8bab-10aac3aa3043",
              "isHook": false,
              "skipped": false
            }
          ],
          "suites": [],
          "passes": [
            "3d83c6c2-bd1a-4c93-9ee3-209c325d9d14",
            "763148d3-bf4a-40f2-bf2b-76802ec18eb2",
            "fd4bd751-228f-417f-baaf-575b133b3fbb",
            "d173f95c-04e8-462f-90b4-5fce14c7fa4a",
            "5412fb5e-f757-4182-b0a0-92ddecd952fc",
            "baded9fa-715e-42c1-b2fc-eacc2932056e",
            "42d7dcdf-3a35-4a5b-ae40-18d18f54d9f0",
            "34195479-f943-4cb7-92e3-dbef9895cefe",
            "768dd8b3-f1aa-4bd5-9aac-9616c4661c82",
            "d765bb86-5ff2-4ff0-9409-d1021e068cfc",
            "5b90b194-c31c-40c1-9150-da21a94ed921"
          ],
          "failures": [
            "78f991b4-adb3-422f-ae44-9cc21da385e0"
          ],
          "pending": [],
          "skipped": [],
          "duration": 124863,
          "root": false,
          "rootEmpty": false,
          "_timeout": 2000
        }
      ],
      "passes": [],
      "failures": [],
      "pending": [],
      "skipped": [],
      "duration": 0,
      "root": true,
      "rootEmpty": true,
      "_timeout": 2000
    }
  ],
  "meta": {
    "mocha": {
      "version": "7.0.1"
    },
    "mochawesome": {
      "options": {
        "quiet": false,
        "reportFilename": "mochawesome",
        "saveHtml": false,
        "saveJson": true,
        "consoleReporter": "spec",
        "useInlineDiffs": false,
        "code": true
      },
      "version": "8.1.1"
    },
    "marge": {
      "options": {
        "reportDir": "cypress/reports",
        "overwrite": false,
        "html": false,
        "json": true,
        "timestamp": "isoDateTime"
      },
      "version": "6.3.2"
    }
  }
}