{
  "stats": {
    "suites": 1,
    "tests": 6,
    "passes": 2,
    "pending": 0,
    "failures": 4,
    "start": "2026-09-24T23:05:37.449Z",
    "end": "2026-09-24T23:08:06.266Z",
    "duration": 148817,
    "testsRegistered": 6,
    "passPercent": 33.33333333333333,
    "pendingPercent": 0,
    "other": 0,
    "hasOther": false,
    "skipped": 0,
    "hasSkipped": false
  },
  "results": [
    {
      "uuid": "071fe1bd-b2b3-4e2c-860d-764b3a772ce9",
      "title": "",
      "fullFile": "cypress/e2e/gift-cards/gift-cards.cy.ts",
      "file": "cypress/e2e/gift-cards/gift-cards.cy.ts",
      "beforeHooks": [],
      "afterHooks": [],
      "tests": [],
      "suites": [
        {
          "uuid": "27e109be-3dd6-435d-92f3-6d45ae33031f",
          "title": "Gift Cards",
          "fullFile": "",
          "file": "",
          "beforeHooks": [],
          "afterHooks": [],
          "tests": [
            {
              "title": "P1 | Gift cards page loads with available cards",
              "fullTitle": "Gift Cards P1 | Gift cards page loads with available cards",
              "timedOut": null,
              "duration": 1274,
              "state": "passed",
              "speed": "fast",
              "pass": true,
              "fail": false,
              "pending": false,
              "context": null,
              "code": "cy.get(\"body\").should(\"be.visible\");\ncy.softAssert(() => {\n    cy.contains(/gift card|Amazon|iTunes|Google Play/i, { timeout: 10000 }).should(\"be.visible\");\n}, \"Gift cards listed\");\ncy.assertAll();",
              "err": {},
              "uuid": "adefa486-cee6-4b36-820b-9c1f97a15fe7",
              "parentUUID": "27e109be-3dd6-435d-92f3-6d45ae33031f",
              "isHook": false,
              "skipped": false
            },
            {
              "title": "P2 | History tab navigates to gift card history",
              "fullTitle": "Gift Cards P2 | History tab navigates to gift card history",
              "timedOut": null,
              "duration": 9609,
              "state": "failed",
              "speed": null,
              "pass": false,
              "fail": true,
              "pending": false,
              "context": null,
              "code": "cy.contains(/history/i, { timeout: 8000 }).click();\ncy.url().should(\"include\", \"/gift-cards\");\ncy.softAssert(() => {\n    cy.contains(/history|purchase|bought/i).should(\"be.visible\");\n}, \"History tab content\");\ncy.assertAll();",
              "err": {
                "message": "AssertionError: Timed out retrying after 8000ms: Expected to find content: '/history/i' but never did.",
                "estack": "AssertionError: Timed out retrying after 8000ms: Expected to find content: '/history/i' but never did.\n    at Context.eval (webpack:///./cypress/e2e/gift-cards/gift-cards.cy.ts:18:0)",
                "diff": null
              },
              "uuid": "0d842b78-e8e9-4de8-9964-a71e32fa5f8e",
              "parentUUID": "27e109be-3dd6-435d-92f3-6d45ae33031f",
              "isHook": false,
              "skipped": false
            },
            {
              "title": "P3 | Sell tab navigates to gift card submission",
              "fullTitle": "Gift Cards P3 | Sell tab navigates to gift card submission",
              "timedOut": null,
              "duration": 937,
              "state": "passed",
              "speed": "fast",
              "pass": true,
              "fail": false,
              "pending": false,
              "context": null,
              "code": "cy.contains(/sell/i, { timeout: 8000 }).click();\ncy.softAssert(() => {\n    cy.contains(/sell|upload|submit/i).should(\"be.visible\");\n}, \"Sell tab content\");\ncy.assertAll();",
              "err": {},
              "uuid": "fe562bdc-209b-49b1-9ecb-d32356033689",
              "parentUUID": "27e109be-3dd6-435d-92f3-6d45ae33031f",
              "isHook": false,
              "skipped": false
            },
            {
              "title": "N1 | Sell gift card with no image uploaded → validation error",
              "fullTitle": "Gift Cards N1 | Sell gift card with no image uploaded → validation error",
              "timedOut": null,
              "duration": 6894,
              "state": "failed",
              "speed": null,
              "pass": false,
              "fail": true,
              "pending": false,
              "context": null,
              "code": "cy.contains(/sell/i, { timeout: 8000 }).click();\ncy.get('button[type=\"submit\"]').click();\ncy.contains(/image|upload|required/i, { timeout: 5000 }).should(\"be.visible\");",
              "err": {
                "message": "AssertionError: Timed out retrying after 5000ms: Expected to find content: '/image|upload|required/i' but never did.",
                "estack": "AssertionError: Timed out retrying after 5000ms: Expected to find content: '/image|upload|required/i' but never did.\n    at Context.eval (webpack:///./cypress/e2e/gift-cards/gift-cards.cy.ts:35:63)",
                "diff": null
              },
              "uuid": "a54c36de-d371-4680-9c07-457349d69c45",
              "parentUUID": "27e109be-3dd6-435d-92f3-6d45ae33031f",
              "isHook": false,
              "skipped": false
            },
            {
              "title": "N2 | Buy with insufficient balance → error shown",
              "fullTitle": "Gift Cards N2 | Buy with insufficient balance → error shown",
              "timedOut": null,
              "duration": 11647,
              "state": "failed",
              "speed": null,
              "pass": false,
              "fail": true,
              "pending": false,
              "context": null,
              "code": "cy.intercept(\"POST\", \"**/gift-cards**\", {\n    statusCode: 400,\n    body: { success: false, code: \"INSUFFICIENT_BALANCE\", message: \"Insufficient balance\" },\n}).as(\"giftCardInsufficient\");\ncy.softAssert(() => {\n    cy.contains(/Amazon|iTunes/i, { timeout: 10000 }).first().click();\n}, \"Click a gift card\");\n// Try to purchase\ncy.softAssert(() => {\n    cy.get('button[type=\"submit\"]').click();\n}, \"Submit purchase\");\ncy.assertAll();",
              "err": {
                "message": "AssertionError: Timed out retrying after 10000ms: Expected to find content: '/Amazon|iTunes/i' but never did.",
                "estack": "AssertionError: Timed out retrying after 10000ms: Expected to find content: '/Amazon|iTunes/i' but never did.\n    at eval (webpack:///./cypress/e2e/gift-cards/gift-cards.cy.ts:43:0)\n    at Context.eval (webpack:///./cypress/support/commands.ts:60:0)",
                "diff": null
              },
              "uuid": "51f3ed04-a4f2-4ed8-8ee1-dbfaa868c68d",
              "parentUUID": "27e109be-3dd6-435d-92f3-6d45ae33031f",
              "isHook": false,
              "skipped": false
            },
            {
              "title": "N3 | API error on gift card load → no crash",
              "fullTitle": "Gift Cards N3 | API error on gift card load → no crash",
              "timedOut": null,
              "duration": 30391,
              "state": "failed",
              "speed": null,
              "pass": false,
              "fail": true,
              "pending": false,
              "context": null,
              "code": "cy.intercept(\"GET\", \"**/gift-cards**\", {\n    statusCode: 500,\n    body: { success: false, message: \"Server error\" },\n}).as(\"gcError\");\ncy.reload();\ncy.wait(\"@gcError\");\ncy.get(\"body\").should(\"be.visible\");",
              "err": {
                "message": "TypeError: Timed out retrying after 30000ms: Cannot read properties of undefined (reading 'origin')\n\nBecause this error occurred during a `before each` hook we are skipping the remaining tests in the current suite: `Gift Cards`",
                "estack": "TypeError: Timed out retrying after 30000ms: Cannot read properties of undefined (reading 'origin')\n\nBecause this error occurred during a `before each` hook we are skipping the remaining tests in the current suite: `Gift Cards`\n    at $Cy.ensureCommandCanCommunicateWithAUT (https://staging-nepay.vercel.app/__cypress/runner/cypress_runner.js:148084:40)\n    at <unknown> (https://staging-nepay.vercel.app/__cypress/runner/cypress_runner.js:152522:14)\n    at tryCatcher (https://staging-nepay.vercel.app/__cypress/runner/cypress_runner.js:11327:23)\n    at Promise.attempt.Promise.try (https://staging-nepay.vercel.app/__cypress/runner/cypress_runner.js:8601:29)\n    at retryValue (https://staging-nepay.vercel.app/__cypress/runner/cypress_runner.js:152520:65)\n    at tryCatcher (https://staging-nepay.vercel.app/__cypress/runner/cypress_runner.js:11327:23)\n    at Promise.attempt.Promise.try (https://staging-nepay.vercel.app/__cypress/runner/cypress_runner.js:8601:29)\n    at whenStable (https://staging-nepay.vercel.app/__cypress/runner/cypress_runner.js:153099:65)\n    at <unknown> (https://staging-nepay.vercel.app/__cypress/runner/cypress_runner.js:152508:14)\n    at tryCatcher (https://staging-nepay.vercel.app/__cypress/runner/cypress_runner.js:11327:23)\n    at Promise._settlePromiseFromHandler (https://staging-nepay.vercel.app/__cypress/runner/cypress_runner.js:9262:31)\n    at Promise._settlePromise (https://staging-nepay.vercel.app/__cypress/runner/cypress_runner.js:9319:18)\n    at Promise._settlePromise0 (https://staging-nepay.vercel.app/__cypress/runner/cypress_runner.js:9364:10)\n    at Promise._settlePromises (https://staging-nepay.vercel.app/__cypress/runner/cypress_runner.js:9444:18)\n    at Promise._fulfill (https://staging-nepay.vercel.app/__cypress/runner/cypress_runner.js:9388:18)\n    at <unknown> (https://staging-nepay.vercel.app/__cypress/runner/cypress_runner.js:11002:46)",
                "diff": null
              },
              "uuid": "ba7706e1-c2de-4643-ad3a-1436c908d3fe",
              "parentUUID": "27e109be-3dd6-435d-92f3-6d45ae33031f",
              "isHook": false,
              "skipped": false
            }
          ],
          "suites": [],
          "passes": [
            "adefa486-cee6-4b36-820b-9c1f97a15fe7",
            "fe562bdc-209b-49b1-9ecb-d32356033689"
          ],
          "failures": [
            "0d842b78-e8e9-4de8-9964-a71e32fa5f8e",
            "a54c36de-d371-4680-9c07-457349d69c45",
            "51f3ed04-a4f2-4ed8-8ee1-dbfaa868c68d",
            "ba7706e1-c2de-4643-ad3a-1436c908d3fe"
          ],
          "pending": [],
          "skipped": [],
          "duration": 60752,
          "root": false,
          "rootEmpty": false,
          "_timeout": 2000
        }
      ],
      "passes": [],
      "failures": [],
      "pending": [],
      "skipped": [],
      "duration": 0,
      "root": true,
      "rootEmpty": true,
      "_timeout": 2000
    }
  ],
  "meta": {
    "mocha": {
      "version": "7.0.1"
    },
    "mochawesome": {
      "options": {
        "quiet": false,
        "reportFilename": "mochawesome",
        "saveHtml": false,
        "saveJson": true,
        "consoleReporter": "spec",
        "useInlineDiffs": false,
        "code": true
      },
      "version": "8.1.1"
    },
    "marge": {
      "options": {
        "reportDir": "cypress/reports",
        "overwrite": false,
        "html": false,
        "json": true,
        "timestamp": "isoDateTime"
      },
      "version": "6.3.2"
    }
  }
}