{
  "stats": {
    "suites": 2,
    "tests": 7,
    "passes": 7,
    "pending": 0,
    "failures": 0,
    "start": "2026-09-25T22:31:21.139Z",
    "end": "2026-09-25T22:31:31.492Z",
    "duration": 10353,
    "testsRegistered": 7,
    "passPercent": 100,
    "pendingPercent": 0,
    "other": 0,
    "hasOther": false,
    "skipped": 0,
    "hasSkipped": false
  },
  "results": [
    {
      "uuid": "b8cfd7eb-7027-47f5-b5da-8fb91f6f1e07",
      "title": "",
      "fullFile": "cypress/e2e/auth/forgot-password.cy.ts",
      "file": "cypress/e2e/auth/forgot-password.cy.ts",
      "beforeHooks": [],
      "afterHooks": [],
      "tests": [],
      "suites": [
        {
          "uuid": "b743de26-83c0-4c24-b14e-a5357586d13a",
          "title": "Auth — Forgot Password",
          "fullFile": "",
          "file": "",
          "beforeHooks": [],
          "afterHooks": [],
          "tests": [
            {
              "title": "P1 | Valid email → success message shown",
              "fullTitle": "Auth — Forgot Password P1 | Valid email → success message shown",
              "timedOut": null,
              "duration": 2494,
              "state": "passed",
              "speed": "fast",
              "pass": true,
              "fail": false,
              "pending": false,
              "context": null,
              "code": "const emailToType = Cypress.env(\"TEST_EMAIL\") || \"test@example.com\";\ncy.get('input[name=\"email\"]').type(emailToType);\ncy.get('button[type=\"submit\"]').click();\n// HARD: success/confirmation message must appear\ncy.contains(/check your|sent|email/i, { timeout: 10000 }).should(\"be.visible\");",
              "err": {},
              "uuid": "2ad07007-6338-485e-89b9-24c2bb95fe56",
              "parentUUID": "b743de26-83c0-4c24-b14e-a5357586d13a",
              "isHook": false,
              "skipped": false
            },
            {
              "title": "N1 | Empty email → validation error before API call",
              "fullTitle": "Auth — Forgot Password N1 | Empty email → validation error before API call",
              "timedOut": null,
              "duration": 1394,
              "state": "passed",
              "speed": "fast",
              "pass": true,
              "fail": false,
              "pending": false,
              "context": null,
              "code": "cy.get('button[type=\"submit\"]').click();\n// HARD: form validation blocks API call\ncy.contains(/email|required/i).should(\"be.visible\");",
              "err": {},
              "uuid": "da2a85ee-9eec-4490-be67-f47e67d3ecea",
              "parentUUID": "b743de26-83c0-4c24-b14e-a5357586d13a",
              "isHook": false,
              "skipped": false
            },
            {
              "title": "N2 | Malformed email → validation error",
              "fullTitle": "Auth — Forgot Password N2 | Malformed email → validation error",
              "timedOut": null,
              "duration": 761,
              "state": "passed",
              "speed": "fast",
              "pass": true,
              "fail": false,
              "pending": false,
              "context": null,
              "code": "cy.get('input[name=\"email\"]').type(\"not-an-email\");\ncy.get('button[type=\"submit\"]').click();\n// HARD\ncy.contains(/valid email/i).should(\"be.visible\");",
              "err": {},
              "uuid": "1a62edd0-7eac-418b-affe-5d836a034b6b",
              "parentUUID": "b743de26-83c0-4c24-b14e-a5357586d13a",
              "isHook": false,
              "skipped": false
            },
            {
              "title": "N3 | Non-existent email → shows error message",
              "fullTitle": "Auth — Forgot Password N3 | Non-existent email → shows error message",
              "timedOut": null,
              "duration": 942,
              "state": "passed",
              "speed": "fast",
              "pass": true,
              "fail": false,
              "pending": false,
              "context": null,
              "code": "cy.intercept(\"POST\", \"**/auth/forgot-password\", {\n    statusCode: 404,\n    body: { success: false, code: \"ACCOUNT_NOT_FOUND\", message: \"We couldn't find an account with that email.\" }\n}).as(\"forgotPasswordErr\");\ncy.get('input[name=\"email\"]').type(\"doesnotexist99999@nepay.io\");\ncy.get('button[type=\"submit\"]').click();\ncy.wait(\"@forgotPasswordErr\");\ncy.contains(/couldn't find|not found/i).should(\"be.visible\");",
              "err": {},
              "uuid": "30eeac9a-81c6-457d-b632-fb71a1b5926a",
              "parentUUID": "b743de26-83c0-4c24-b14e-a5357586d13a",
              "isHook": false,
              "skipped": false
            }
          ],
          "suites": [],
          "passes": [
            "2ad07007-6338-485e-89b9-24c2bb95fe56",
            "da2a85ee-9eec-4490-be67-f47e67d3ecea",
            "1a62edd0-7eac-418b-affe-5d836a034b6b",
            "30eeac9a-81c6-457d-b632-fb71a1b5926a"
          ],
          "failures": [],
          "pending": [],
          "skipped": [],
          "duration": 5591,
          "root": false,
          "rootEmpty": false,
          "_timeout": 2000
        },
        {
          "uuid": "b6853b98-614b-4659-8017-f742aa433e88",
          "title": "Auth — Reset Password",
          "fullFile": "",
          "file": "",
          "beforeHooks": [],
          "afterHooks": [],
          "tests": [
            {
              "title": "N1 | Passwords don't match → confirm error",
              "fullTitle": "Auth — Reset Password N1 | Passwords don't match → confirm error",
              "timedOut": null,
              "duration": 1669,
              "state": "passed",
              "speed": "fast",
              "pass": true,
              "fail": false,
              "pending": false,
              "context": null,
              "code": "cy.get('input[name=\"email\"]').type(\"test@example.com\");\ncy.get('input[name=\"code\"]').type(\"123456\");\ncy.get('input[name=\"password\"]').type(\"NewPass123\");\ncy.get('input[name=\"confirmPassword\"]').type(\"DifferentPass123\");\ncy.get('button[type=\"submit\"]').click();\n// HARD\ncy.contains(/passwords do not match/i).should(\"be.visible\");",
              "err": {},
              "uuid": "ea21464d-87f4-4c34-af73-8194c2da9865",
              "parentUUID": "b6853b98-614b-4659-8017-f742aa433e88",
              "isHook": false,
              "skipped": false
            },
            {
              "title": "N2 | Backend rejects code → validation error shown",
              "fullTitle": "Auth — Reset Password N2 | Backend rejects code → validation error shown",
              "timedOut": null,
              "duration": 1705,
              "state": "passed",
              "speed": "fast",
              "pass": true,
              "fail": false,
              "pending": false,
              "context": null,
              "code": "cy.intercept(\"POST\", \"**/auth/reset-password\", {\n    statusCode: 400,\n    body: { success: false, code: \"VALIDATION_FAILED\", message: \"Invalid or expired code\" }\n}).as(\"resetErr\");\ncy.get('input[name=\"email\"]').type(\"test@example.com\");\ncy.get('input[name=\"code\"]').type(\"000000\");\ncy.get('input[name=\"password\"]').type(\"NewPass123\");\ncy.get('input[name=\"confirmPassword\"]').type(\"NewPass123\");\ncy.get('button[type=\"submit\"]').click();\ncy.wait(\"@resetErr\");\ncy.contains(/invalid or expired/i).should(\"be.visible\");",
              "err": {},
              "uuid": "140b108c-29a3-4939-ae4f-20bb19829958",
              "parentUUID": "b6853b98-614b-4659-8017-f742aa433e88",
              "isHook": false,
              "skipped": false
            },
            {
              "title": "N3 | Weak new password → validation error",
              "fullTitle": "Auth — Reset Password N3 | Weak new password → validation error",
              "timedOut": null,
              "duration": 1325,
              "state": "passed",
              "speed": "fast",
              "pass": true,
              "fail": false,
              "pending": false,
              "context": null,
              "code": "cy.get('input[name=\"email\"]').type(\"test@example.com\");\ncy.get('input[name=\"code\"]').type(\"123456\");\ncy.get('input[name=\"password\"]').type(\"weak\");\ncy.get('input[name=\"confirmPassword\"]').type(\"weak\");\ncy.get('button[type=\"submit\"]').click();\n// HARD\ncy.contains(/at least 6 characters/i).should(\"be.visible\");",
              "err": {},
              "uuid": "d3c309ea-f8e6-4b7d-86ec-cbf3ec52b75b",
              "parentUUID": "b6853b98-614b-4659-8017-f742aa433e88",
              "isHook": false,
              "skipped": false
            }
          ],
          "suites": [],
          "passes": [
            "ea21464d-87f4-4c34-af73-8194c2da9865",
            "140b108c-29a3-4939-ae4f-20bb19829958",
            "d3c309ea-f8e6-4b7d-86ec-cbf3ec52b75b"
          ],
          "failures": [],
          "pending": [],
          "skipped": [],
          "duration": 4699,
          "root": false,
          "rootEmpty": false,
          "_timeout": 2000
        }
      ],
      "passes": [],
      "failures": [],
      "pending": [],
      "skipped": [],
      "duration": 0,
      "root": true,
      "rootEmpty": true,
      "_timeout": 2000
    }
  ],
  "meta": {
    "mocha": {
      "version": "7.0.1"
    },
    "mochawesome": {
      "options": {
        "quiet": false,
        "reportFilename": "mochawesome",
        "saveHtml": false,
        "saveJson": true,
        "consoleReporter": "spec",
        "useInlineDiffs": false,
        "code": true
      },
      "version": "8.1.1"
    },
    "marge": {
      "options": {
        "reportDir": "cypress/reports",
        "overwrite": false,
        "html": false,
        "json": true,
        "timestamp": "isoDateTime"
      },
      "version": "6.3.2"
    }
  }
}