{
  "stats": {
    "suites": 1,
    "tests": 6,
    "passes": 0,
    "pending": 0,
    "failures": 6,
    "start": "2026-09-24T13:05:55.986Z",
    "end": "2026-09-24T13:08:40.847Z",
    "duration": 164861,
    "testsRegistered": 6,
    "passPercent": 0,
    "pendingPercent": 0,
    "other": 0,
    "hasOther": false,
    "skipped": 0,
    "hasSkipped": false
  },
  "results": [
    {
      "uuid": "17be5947-dbb3-4f29-974d-8c07e499b884",
      "title": "",
      "fullFile": "cypress/e2e/auth/logout.cy.ts",
      "file": "cypress/e2e/auth/logout.cy.ts",
      "beforeHooks": [],
      "afterHooks": [],
      "tests": [],
      "suites": [
        {
          "uuid": "9a94c5de-72d3-4e90-b447-e8adb2e7565a",
          "title": "Auth — Logout",
          "fullFile": "",
          "file": "",
          "beforeHooks": [],
          "afterHooks": [],
          "tests": [
            {
              "title": "P1 | Logout clears nepay_refresh cookie",
              "fullTitle": "Auth — Logout P1 | Logout clears nepay_refresh cookie",
              "timedOut": null,
              "duration": 9015,
              "state": "failed",
              "speed": null,
              "pass": false,
              "fail": true,
              "pending": false,
              "context": null,
              "code": "// Find and click the logout trigger\ncy.contains(/log out|sign out/i, { timeout: 8000 }).click();\n// HARD: cookie must be gone\ncy.getCookie(\"nepay_refresh\", { timeout: 8000 }).should(\"not.exist\");",
              "err": {
                "message": "AssertionError: Timed out retrying after 8000ms: Expected to find content: '/log out|sign out/i' but never did.",
                "estack": "AssertionError: Timed out retrying after 8000ms: Expected to find content: '/log out|sign out/i' but never did.\n    at Context.eval (webpack:///./cypress/e2e/auth/logout.cy.ts:11:0)",
                "diff": null
              },
              "uuid": "9c4e12b4-cd0c-499c-a1d4-eb70fc039f2f",
              "parentUUID": "9a94c5de-72d3-4e90-b447-e8adb2e7565a",
              "isHook": false,
              "skipped": false
            },
            {
              "title": "P2 | Logout redirects to /login",
              "fullTitle": "Auth — Logout P2 | Logout redirects to /login",
              "timedOut": null,
              "duration": 9205,
              "state": "failed",
              "speed": null,
              "pass": false,
              "fail": true,
              "pending": false,
              "context": null,
              "code": "cy.contains(/log out|sign out/i, { timeout: 8000 }).click();\n// HARD\ncy.url({ timeout: 8000 }).should(\"include\", \"/login\");",
              "err": {
                "message": "AssertionError: Timed out retrying after 8000ms: Expected to find content: '/log out|sign out/i' but never did.",
                "estack": "AssertionError: Timed out retrying after 8000ms: Expected to find content: '/log out|sign out/i' but never did.\n    at Context.eval (webpack:///./cypress/e2e/auth/logout.cy.ts:16:0)",
                "diff": null
              },
              "uuid": "42ee2021-cd4c-4d17-b777-eb9a784d7e08",
              "parentUUID": "9a94c5de-72d3-4e90-b447-e8adb2e7565a",
              "isHook": false,
              "skipped": false
            },
            {
              "title": "P3 | Signed out toast is shown",
              "fullTitle": "Auth — Logout P3 | Signed out toast is shown",
              "timedOut": null,
              "duration": 9328,
              "state": "failed",
              "speed": null,
              "pass": false,
              "fail": true,
              "pending": false,
              "context": null,
              "code": "cy.contains(/log out|sign out/i, { timeout: 8000 }).click();\n// SOFT: toast is cosmetic\ncy.softAssert(() => {\n    cy.contains(/signed out|logged out/i, { timeout: 5000 }).should(\"be.visible\");\n}, \"Signed out toast\");\ncy.assertAll();",
              "err": {
                "message": "AssertionError: Timed out retrying after 8000ms: Expected to find content: '/log out|sign out/i' but never did.",
                "estack": "AssertionError: Timed out retrying after 8000ms: Expected to find content: '/log out|sign out/i' but never did.\n    at Context.eval (webpack:///./cypress/e2e/auth/logout.cy.ts:21:0)",
                "diff": null
              },
              "uuid": "c1829d00-c53e-42f4-be9c-74006e4017af",
              "parentUUID": "9a94c5de-72d3-4e90-b447-e8adb2e7565a",
              "isHook": false,
              "skipped": false
            },
            {
              "title": "P4 | localStorage is cleared after logout",
              "fullTitle": "Auth — Logout P4 | localStorage is cleared after logout",
              "timedOut": null,
              "duration": 9206,
              "state": "failed",
              "speed": null,
              "pass": false,
              "fail": true,
              "pending": false,
              "context": null,
              "code": "cy.contains(/log out|sign out/i, { timeout: 8000 }).click();\ncy.url({ timeout: 8000 }).should(\"include\", \"/login\");\n// HARD: tokens must be gone from localStorage\ncy.window().then((win) => {\n    expect(win.localStorage.getItem(\"nepay-auth\")).to.be.null;\n});",
              "err": {
                "message": "AssertionError: Timed out retrying after 8000ms: Expected to find content: '/log out|sign out/i' but never did.",
                "estack": "AssertionError: Timed out retrying after 8000ms: Expected to find content: '/log out|sign out/i' but never did.\n    at Context.eval (webpack:///./cypress/e2e/auth/logout.cy.ts:29:0)",
                "diff": null
              },
              "uuid": "baab1aa1-54c9-4294-95e1-ed808e5eb014",
              "parentUUID": "9a94c5de-72d3-4e90-b447-e8adb2e7565a",
              "isHook": false,
              "skipped": false
            },
            {
              "title": "N1 | After logout, browser back to protected route → redirected to /login",
              "fullTitle": "Auth — Logout N1 | After logout, browser back to protected route → redirected to /login",
              "timedOut": null,
              "duration": 9283,
              "state": "failed",
              "speed": null,
              "pass": false,
              "fail": true,
              "pending": false,
              "context": null,
              "code": "cy.contains(/log out|sign out/i, { timeout: 8000 }).click();\ncy.url({ timeout: 8000 }).should(\"include\", \"/login\");\ncy.go(\"back\");\n// HARD: middleware must gate the route\ncy.url({ timeout: 8000 }).should(\"include\", \"/login\");",
              "err": {
                "message": "AssertionError: Timed out retrying after 8000ms: Expected to find content: '/log out|sign out/i' but never did.",
                "estack": "AssertionError: Timed out retrying after 8000ms: Expected to find content: '/log out|sign out/i' but never did.\n    at Context.eval (webpack:///./cypress/e2e/auth/logout.cy.ts:37:0)",
                "diff": null
              },
              "uuid": "12e432a6-2f33-4e31-b0ee-93e50c09d4aa",
              "parentUUID": "9a94c5de-72d3-4e90-b447-e8adb2e7565a",
              "isHook": false,
              "skipped": false
            },
            {
              "title": "N2 | Logout when API fails → still clears state and redirects",
              "fullTitle": "Auth — Logout N2 | Logout when API fails → still clears state and redirects",
              "timedOut": null,
              "duration": 9404,
              "state": "failed",
              "speed": null,
              "pass": false,
              "fail": true,
              "pending": false,
              "context": null,
              "code": "cy.intercept(\"POST\", \"**/auth/logout\", { forceNetworkError: true }).as(\"logoutFail\");\ncy.contains(/log out|sign out/i, { timeout: 8000 }).click();\ncy.wait(\"@logoutFail\");\n// HARD: even on API failure, user must be logged out locally\ncy.url({ timeout: 8000 }).should(\"include\", \"/login\");\ncy.getCookie(\"nepay_refresh\").should(\"not.exist\");",
              "err": {
                "message": "AssertionError: Timed out retrying after 8000ms: Expected to find content: '/log out|sign out/i' but never did.",
                "estack": "AssertionError: Timed out retrying after 8000ms: Expected to find content: '/log out|sign out/i' but never did.\n    at Context.eval (webpack:///./cypress/e2e/auth/logout.cy.ts:45:0)",
                "diff": null
              },
              "uuid": "bbf4b5f6-4e87-4733-9663-419f86c875cf",
              "parentUUID": "9a94c5de-72d3-4e90-b447-e8adb2e7565a",
              "isHook": false,
              "skipped": false
            }
          ],
          "suites": [],
          "passes": [],
          "failures": [
            "9c4e12b4-cd0c-499c-a1d4-eb70fc039f2f",
            "42ee2021-cd4c-4d17-b777-eb9a784d7e08",
            "c1829d00-c53e-42f4-be9c-74006e4017af",
            "baab1aa1-54c9-4294-95e1-ed808e5eb014",
            "12e432a6-2f33-4e31-b0ee-93e50c09d4aa",
            "bbf4b5f6-4e87-4733-9663-419f86c875cf"
          ],
          "pending": [],
          "skipped": [],
          "duration": 55441,
          "root": false,
          "rootEmpty": false,
          "_timeout": 2000
        }
      ],
      "passes": [],
      "failures": [],
      "pending": [],
      "skipped": [],
      "duration": 0,
      "root": true,
      "rootEmpty": true,
      "_timeout": 2000
    }
  ],
  "meta": {
    "mocha": {
      "version": "7.0.1"
    },
    "mochawesome": {
      "options": {
        "quiet": false,
        "reportFilename": "mochawesome",
        "saveHtml": false,
        "saveJson": true,
        "consoleReporter": "spec",
        "useInlineDiffs": false,
        "code": true
      },
      "version": "8.1.1"
    },
    "marge": {
      "options": {
        "reportDir": "cypress/reports",
        "overwrite": false,
        "html": false,
        "json": true,
        "timestamp": "isoDateTime"
      },
      "version": "6.3.2"
    }
  }
}