{
  "stats": {
    "suites": 1,
    "tests": 13,
    "passes": 8,
    "pending": 0,
    "failures": 5,
    "start": "2026-09-24T17:20:15.174Z",
    "end": "2026-09-24T17:23:03.988Z",
    "duration": 168814,
    "testsRegistered": 13,
    "passPercent": 61.53846153846154,
    "pendingPercent": 0,
    "other": 0,
    "hasOther": false,
    "skipped": 0,
    "hasSkipped": false
  },
  "results": [
    {
      "uuid": "34f71dff-c059-4488-9ccd-013036d892f6",
      "title": "",
      "fullFile": "cypress/e2e/middleware/route-protection.cy.ts",
      "file": "cypress/e2e/middleware/route-protection.cy.ts",
      "beforeHooks": [],
      "afterHooks": [],
      "tests": [],
      "suites": [
        {
          "uuid": "cb27d4e3-21cb-4366-b6b2-0447041c7b51",
          "title": "Middleware — Route Protection",
          "fullFile": "",
          "file": "",
          "beforeHooks": [],
          "afterHooks": [],
          "tests": [
            {
              "title": "P1 | No session + protected route → redirect to /login with returnTo param",
              "fullTitle": "Middleware — Route Protection P1 | No session + protected route → redirect to /login with returnTo param",
              "timedOut": null,
              "duration": 863,
              "state": "passed",
              "speed": "fast",
              "pass": true,
              "fail": false,
              "pending": false,
              "context": null,
              "code": "cy.visit(\"/overview\");\n// HARD\ncy.url().should(\"include\", \"/login\");\ncy.url().should(\"include\", \"returnTo=%2Foverview\");",
              "err": {},
              "uuid": "bf902f46-29c8-480c-9805-be52a79839cc",
              "parentUUID": "cb27d4e3-21cb-4366-b6b2-0447041c7b51",
              "isHook": false,
              "skipped": false
            },
            {
              "title": "P2 | /terms accessible without session",
              "fullTitle": "Middleware — Route Protection P2 | /terms accessible without session",
              "timedOut": null,
              "duration": 647,
              "state": "passed",
              "speed": "fast",
              "pass": true,
              "fail": false,
              "pending": false,
              "context": null,
              "code": "cy.visit(\"/terms\");\n// HARD: must not redirect\ncy.url().should(\"include\", \"/terms\");\ncy.url().should(\"not.include\", \"/login\");",
              "err": {},
              "uuid": "9aaf7424-7842-43b5-a274-cd5719b6bcce",
              "parentUUID": "cb27d4e3-21cb-4366-b6b2-0447041c7b51",
              "isHook": false,
              "skipped": false
            },
            {
              "title": "P3 | /privacy accessible without session",
              "fullTitle": "Middleware — Route Protection P3 | /privacy accessible without session",
              "timedOut": null,
              "duration": 591,
              "state": "passed",
              "speed": "fast",
              "pass": true,
              "fail": false,
              "pending": false,
              "context": null,
              "code": "cy.visit(\"/privacy\");\ncy.url().should(\"include\", \"/privacy\");",
              "err": {},
              "uuid": "cc598500-6957-4d96-8e8a-1d4d527b4910",
              "parentUUID": "cb27d4e3-21cb-4366-b6b2-0447041c7b51",
              "isHook": false,
              "skipped": false
            },
            {
              "title": "P4 | /faq accessible without session",
              "fullTitle": "Middleware — Route Protection P4 | /faq accessible without session",
              "timedOut": null,
              "duration": 740,
              "state": "passed",
              "speed": "fast",
              "pass": true,
              "fail": false,
              "pending": false,
              "context": null,
              "code": "cy.visit(\"/faq\");\ncy.url().should(\"include\", \"/faq\");",
              "err": {},
              "uuid": "7b638776-f99e-4713-9c63-a92221878ca1",
              "parentUUID": "cb27d4e3-21cb-4366-b6b2-0447041c7b51",
              "isHook": false,
              "skipped": false
            },
            {
              "title": "P5 | /about accessible without session",
              "fullTitle": "Middleware — Route Protection P5 | /about accessible without session",
              "timedOut": null,
              "duration": 824,
              "state": "passed",
              "speed": "fast",
              "pass": true,
              "fail": false,
              "pending": false,
              "context": null,
              "code": "cy.visit(\"/about\");\ncy.url().should(\"include\", \"/about\");",
              "err": {},
              "uuid": "df0de5f3-14d3-4bb3-a908-d6d992070790",
              "parentUUID": "cb27d4e3-21cb-4366-b6b2-0447041c7b51",
              "isHook": false,
              "skipped": false
            },
            {
              "title": "P6 | /marketer/* accessible without nepay_refresh cookie",
              "fullTitle": "Middleware — Route Protection P6 | /marketer/* accessible without nepay_refresh cookie",
              "timedOut": null,
              "duration": 402,
              "state": "passed",
              "speed": "fast",
              "pass": true,
              "fail": false,
              "pending": false,
              "context": null,
              "code": "cy.visit(\"/marketer\", { failOnStatusCode: false });\n// HARD: must NOT redirect to /login (marketer has its own auth)\ncy.url().should(\"not.include\", \"/login\");",
              "err": {},
              "uuid": "ede89180-c03b-4e57-a8a8-cb9bef0cfb59",
              "parentUUID": "cb27d4e3-21cb-4366-b6b2-0447041c7b51",
              "isHook": false,
              "skipped": false
            },
            {
              "title": "P7 | Logged-in user visits /login → bounced to /overview",
              "fullTitle": "Middleware — Route Protection P7 | Logged-in user visits /login → bounced to /overview",
              "timedOut": null,
              "duration": 10824,
              "state": "failed",
              "speed": null,
              "pass": false,
              "fail": true,
              "pending": false,
              "context": null,
              "code": "cy.login();\ncy.visit(\"/login\");\n// HARD\ncy.url({ timeout: 10000 }).should(\"include\", \"/overview\");",
              "err": {
                "message": "AssertionError: Timed out retrying after 10000ms: expected 'https://staging-nepay.vercel.app/login' to include '/overview'",
                "estack": "AssertionError: Timed out retrying after 10000ms: expected 'https://staging-nepay.vercel.app/login' to include '/overview'\n    at Context.eval (webpack:///./cypress/e2e/middleware/route-protection.cy.ts:43:33)",
                "diff": null
              },
              "uuid": "6c3a06e4-9a44-4f0f-a093-2277059f6e1c",
              "parentUUID": "cb27d4e3-21cb-4366-b6b2-0447041c7b51",
              "isHook": false,
              "skipped": false
            },
            {
              "title": "P8 | Logged-in user visits /register → bounced to /overview",
              "fullTitle": "Middleware — Route Protection P8 | Logged-in user visits /register → bounced to /overview",
              "timedOut": null,
              "duration": 10885,
              "state": "failed",
              "speed": null,
              "pass": false,
              "fail": true,
              "pending": false,
              "context": null,
              "code": "cy.login();\ncy.visit(\"/register\");\ncy.url({ timeout: 10000 }).should(\"include\", \"/overview\");",
              "err": {
                "message": "AssertionError: Timed out retrying after 10000ms: expected 'https://staging-nepay.vercel.app/register' to include '/overview'",
                "estack": "AssertionError: Timed out retrying after 10000ms: expected 'https://staging-nepay.vercel.app/register' to include '/overview'\n    at Context.eval (webpack:///./cypress/e2e/middleware/route-protection.cy.ts:48:33)",
                "diff": null
              },
              "uuid": "b0b0db0b-1c11-4031-b3cf-88c76a060c56",
              "parentUUID": "cb27d4e3-21cb-4366-b6b2-0447041c7b51",
              "isHook": false,
              "skipped": false
            },
            {
              "title": "P9 | /transfer without session → redirect to /login?returnTo=/transfer",
              "fullTitle": "Middleware — Route Protection P9 | /transfer without session → redirect to /login?returnTo=/transfer",
              "timedOut": null,
              "duration": 486,
              "state": "passed",
              "speed": "fast",
              "pass": true,
              "fail": false,
              "pending": false,
              "context": null,
              "code": "cy.visit(\"/transfer\");\ncy.url().should(\"include\", \"/login\");\ncy.url().should(\"include\", \"returnTo=%2Ftransfer\");",
              "err": {},
              "uuid": "0af42446-ff72-45a5-9613-c8efbdf3d9d4",
              "parentUUID": "cb27d4e3-21cb-4366-b6b2-0447041c7b51",
              "isHook": false,
              "skipped": false
            },
            {
              "title": "N1 | returnTo=https://evil.com → rejected, fallback to /overview after login",
              "fullTitle": "Middleware — Route Protection N1 | returnTo=https://evil.com → rejected, fallback to /overview after login",
              "timedOut": null,
              "duration": 10898,
              "state": "failed",
              "speed": null,
              "pass": false,
              "fail": true,
              "pending": false,
              "context": null,
              "code": "cy.login();\ncy.visit(\"/login?returnTo=https://evil.com\");\ncy.url({ timeout: 10000 }).should(\"include\", \"/overview\");\ncy.url().should(\"not.include\", \"evil.com\");",
              "err": {
                "message": "AssertionError: Timed out retrying after 10000ms: expected 'https://staging-nepay.vercel.app/login?returnTo=https://evil.com' to include '/overview'",
                "estack": "AssertionError: Timed out retrying after 10000ms: expected 'https://staging-nepay.vercel.app/login?returnTo=https://evil.com' to include '/overview'\n    at Context.eval (webpack:///./cypress/e2e/middleware/route-protection.cy.ts:59:33)",
                "diff": null
              },
              "uuid": "3ed89599-f4dc-4c43-af57-0f47fdc06d0d",
              "parentUUID": "cb27d4e3-21cb-4366-b6b2-0447041c7b51",
              "isHook": false,
              "skipped": false
            },
            {
              "title": "N2 | returnTo=//evil.com → rejected (protocol-relative)",
              "fullTitle": "Middleware — Route Protection N2 | returnTo=//evil.com → rejected (protocol-relative)",
              "timedOut": null,
              "duration": 11024,
              "state": "failed",
              "speed": null,
              "pass": false,
              "fail": true,
              "pending": false,
              "context": null,
              "code": "cy.login();\ncy.visit(\"/login?returnTo=//evil.com\");\ncy.url({ timeout: 10000 }).should(\"include\", \"/overview\");\ncy.url().should(\"not.include\", \"evil.com\");",
              "err": {
                "message": "AssertionError: Timed out retrying after 10000ms: expected 'https://staging-nepay.vercel.app/login?returnTo=//evil.com' to include '/overview'",
                "estack": "AssertionError: Timed out retrying after 10000ms: expected 'https://staging-nepay.vercel.app/login?returnTo=//evil.com' to include '/overview'\n    at Context.eval (webpack:///./cypress/e2e/middleware/route-protection.cy.ts:65:33)",
                "diff": null
              },
              "uuid": "20f7e61b-7a78-488f-8411-8510ee9f9402",
              "parentUUID": "cb27d4e3-21cb-4366-b6b2-0447041c7b51",
              "isHook": false,
              "skipped": false
            },
            {
              "title": "N3 | returnTo=\\/evil.com → rejected (backslash bypass)",
              "fullTitle": "Middleware — Route Protection N3 | returnTo=\\/evil.com → rejected (backslash bypass)",
              "timedOut": null,
              "duration": 11057,
              "state": "failed",
              "speed": null,
              "pass": false,
              "fail": true,
              "pending": false,
              "context": null,
              "code": "cy.login();\ncy.visit(\"/login?returnTo=\\\\/evil.com\");\ncy.url({ timeout: 10000 }).should(\"include\", \"/overview\");\ncy.url().should(\"not.include\", \"evil.com\");",
              "err": {
                "message": "AssertionError: Timed out retrying after 10000ms: expected 'https://staging-nepay.vercel.app/login?returnTo=%5C/evil.com' to include '/overview'",
                "estack": "AssertionError: Timed out retrying after 10000ms: expected 'https://staging-nepay.vercel.app/login?returnTo=%5C/evil.com' to include '/overview'\n    at Context.eval (webpack:///./cypress/e2e/middleware/route-protection.cy.ts:71:33)",
                "diff": null
              },
              "uuid": "f22978bd-9f2d-4710-9529-e7d76a17c953",
              "parentUUID": "cb27d4e3-21cb-4366-b6b2-0447041c7b51",
              "isHook": false,
              "skipped": false
            },
            {
              "title": "N4 | Forged nepay_refresh cookie with no real token → API calls fail gracefully",
              "fullTitle": "Middleware — Route Protection N4 | Forged nepay_refresh cookie with no real token → API calls fail gracefully",
              "timedOut": null,
              "duration": 633,
              "state": "passed",
              "speed": "fast",
              "pass": true,
              "fail": false,
              "pending": false,
              "context": null,
              "code": "// Set a cookie without a real token — simulates a forged/expired session\ncy.setCookie(\"nepay_refresh\", \"true\", { path: \"/\" });\n// Do NOT set localStorage tokens\ncy.visit(\"/overview\");\n// SOFT: page shell may load, but data should fail/show error — not crash\ncy.softAssert(() => {\n    cy.get(\"body\").should(\"be.visible\");\n}, \"Page renders without crash on forged cookie\");\ncy.assertAll();",
              "err": {},
              "uuid": "3669db94-cf38-4df8-b6b5-03343b9ef74f",
              "parentUUID": "cb27d4e3-21cb-4366-b6b2-0447041c7b51",
              "isHook": false,
              "skipped": false
            }
          ],
          "suites": [],
          "passes": [
            "bf902f46-29c8-480c-9805-be52a79839cc",
            "9aaf7424-7842-43b5-a274-cd5719b6bcce",
            "cc598500-6957-4d96-8e8a-1d4d527b4910",
            "7b638776-f99e-4713-9c63-a92221878ca1",
            "df0de5f3-14d3-4bb3-a908-d6d992070790",
            "ede89180-c03b-4e57-a8a8-cb9bef0cfb59",
            "0af42446-ff72-45a5-9613-c8efbdf3d9d4",
            "3669db94-cf38-4df8-b6b5-03343b9ef74f"
          ],
          "failures": [
            "6c3a06e4-9a44-4f0f-a093-2277059f6e1c",
            "b0b0db0b-1c11-4031-b3cf-88c76a060c56",
            "3ed89599-f4dc-4c43-af57-0f47fdc06d0d",
            "20f7e61b-7a78-488f-8411-8510ee9f9402",
            "f22978bd-9f2d-4710-9529-e7d76a17c953"
          ],
          "pending": [],
          "skipped": [],
          "duration": 59874,
          "root": false,
          "rootEmpty": false,
          "_timeout": 2000
        }
      ],
      "passes": [],
      "failures": [],
      "pending": [],
      "skipped": [],
      "duration": 0,
      "root": true,
      "rootEmpty": true,
      "_timeout": 2000
    }
  ],
  "meta": {
    "mocha": {
      "version": "7.0.1"
    },
    "mochawesome": {
      "options": {
        "quiet": false,
        "reportFilename": "mochawesome",
        "saveHtml": false,
        "saveJson": true,
        "consoleReporter": "spec",
        "useInlineDiffs": false,
        "code": true
      },
      "version": "8.1.1"
    },
    "marge": {
      "options": {
        "reportDir": "cypress/reports",
        "overwrite": false,
        "html": false,
        "json": true,
        "timestamp": "isoDateTime"
      },
      "version": "6.3.2"
    }
  }
}