{
  "stats": {
    "suites": 1,
    "tests": 13,
    "passes": 2,
    "pending": 0,
    "failures": 11,
    "start": "2026-09-24T22:28:53.121Z",
    "end": "2026-09-24T22:30:55.370Z",
    "duration": 122249,
    "testsRegistered": 13,
    "passPercent": 15.384615384615385,
    "pendingPercent": 0,
    "other": 0,
    "hasOther": false,
    "skipped": 0,
    "hasSkipped": false
  },
  "results": [
    {
      "uuid": "8f1e4a2e-ec12-4870-92c6-ac52754d9769",
      "title": "",
      "fullFile": "cypress/e2e/auth/login.cy.ts",
      "file": "cypress/e2e/auth/login.cy.ts",
      "beforeHooks": [],
      "afterHooks": [],
      "tests": [],
      "suites": [
        {
          "uuid": "8c385850-d6e0-4bcc-91dc-2496784c8344",
          "title": "Auth — Login",
          "fullFile": "",
          "file": "",
          "beforeHooks": [],
          "afterHooks": [],
          "tests": [
            {
              "title": "P1 | Valid credentials → redirects to /overview",
              "fullTitle": "Auth — Login P1 | Valid credentials → redirects to /overview",
              "timedOut": null,
              "duration": 656,
              "state": "failed",
              "speed": null,
              "pass": false,
              "fail": true,
              "pending": false,
              "context": null,
              "code": "cy.get('input[name=\"identifier\"]').type(Cypress.env(\"TEST_EMAIL\"));\ncy.get('input[name=\"password\"]').type(Cypress.env(\"TEST_PASSWORD\"));\ncy.get('button[type=\"submit\"]').click();\n// HARD: must land on overview — no point running further checks without this\ncy.url({ timeout: 60000 }).should(\"include\", \"/overview\");",
              "err": {
                "message": "CypressError: `cy.type()` cannot accept an empty string. You need to actually type something.\n\nhttps://on.cypress.io/type",
                "estack": "CypressError: `cy.type()` cannot accept an empty string. You need to actually type something.\n\nhttps://on.cypress.io/type\n    at Context.type (https://staging-nepay.vercel.app/__cypress/runner/cypress_runner.js:137630:76)\n    at wrapped (https://staging-nepay.vercel.app/__cypress/runner/cypress_runner.js:157859:19)\nFrom Your Spec Code:\n    at Context.eval (webpack:///./cypress/e2e/auth/login.cy.ts:12:0)",
                "diff": null
              },
              "uuid": "639763b1-b23d-4ecd-95fc-05834ef08a65",
              "parentUUID": "8c385850-d6e0-4bcc-91dc-2496784c8344",
              "isHook": false,
              "skipped": false
            },
            {
              "title": "P2 | nepay_refresh cookie is set after successful login",
              "fullTitle": "Auth — Login P2 | nepay_refresh cookie is set after successful login",
              "timedOut": null,
              "duration": 718,
              "state": "failed",
              "speed": null,
              "pass": false,
              "fail": true,
              "pending": false,
              "context": null,
              "code": "cy.get('input[name=\"identifier\"]').type(Cypress.env(\"TEST_EMAIL\"));\ncy.get('input[name=\"password\"]').type(Cypress.env(\"TEST_PASSWORD\"));\ncy.get('button[type=\"submit\"]').click();\ncy.url({ timeout: 60000 }).should(\"include\", \"/overview\");\n// HARD: cookie is the middleware session gate — must be present\ncy.getCookie(\"nepay_refresh\").should(\"exist\").and(\"have.property\", \"value\", \"true\");",
              "err": {
                "message": "CypressError: `cy.type()` cannot accept an empty string. You need to actually type something.\n\nhttps://on.cypress.io/type",
                "estack": "CypressError: `cy.type()` cannot accept an empty string. You need to actually type something.\n\nhttps://on.cypress.io/type\n    at Context.type (https://staging-nepay.vercel.app/__cypress/runner/cypress_runner.js:137630:76)\n    at wrapped (https://staging-nepay.vercel.app/__cypress/runner/cypress_runner.js:157859:19)\nFrom Your Spec Code:\n    at Context.eval (webpack:///./cypress/e2e/auth/login.cy.ts:19:0)",
                "diff": null
              },
              "uuid": "dfa2c2c9-697c-40eb-bd29-7e640646a7e6",
              "parentUUID": "8c385850-d6e0-4bcc-91dc-2496784c8344",
              "isHook": false,
              "skipped": false
            },
            {
              "title": "P3 | Welcome toast shows user's first name after login",
              "fullTitle": "Auth — Login P3 | Welcome toast shows user's first name after login",
              "timedOut": null,
              "duration": 749,
              "state": "failed",
              "speed": null,
              "pass": false,
              "fail": true,
              "pending": false,
              "context": null,
              "code": "cy.get('input[name=\"identifier\"]').type(Cypress.env(\"TEST_EMAIL\"));\ncy.get('input[name=\"password\"]').type(Cypress.env(\"TEST_PASSWORD\"));\ncy.get('button[type=\"submit\"]').click();\ncy.url({ timeout: 60000 }).should(\"include\", \"/overview\");\n// SOFT: cosmetic — toast should appear, but shouldn't block the flow\ncy.softAssert(() => {\n    cy.get('[data-sonner-toast]', { timeout: 5000 }).should(\"be.visible\");\n}, \"Welcome toast visibility\");\ncy.assertAll();",
              "err": {
                "message": "CypressError: `cy.type()` cannot accept an empty string. You need to actually type something.\n\nhttps://on.cypress.io/type",
                "estack": "CypressError: `cy.type()` cannot accept an empty string. You need to actually type something.\n\nhttps://on.cypress.io/type\n    at Context.type (https://staging-nepay.vercel.app/__cypress/runner/cypress_runner.js:137630:76)\n    at wrapped (https://staging-nepay.vercel.app/__cypress/runner/cypress_runner.js:157859:19)\nFrom Your Spec Code:\n    at Context.eval (webpack:///./cypress/e2e/auth/login.cy.ts:27:0)",
                "diff": null
              },
              "uuid": "a3a855e6-67d4-4b2e-9bc7-999ba817157c",
              "parentUUID": "8c385850-d6e0-4bcc-91dc-2496784c8344",
              "isHook": false,
              "skipped": false
            },
            {
              "title": "P4 | returnTo query param redirects to original route after login",
              "fullTitle": "Auth — Login P4 | returnTo query param redirects to original route after login",
              "timedOut": null,
              "duration": 1084,
              "state": "failed",
              "speed": null,
              "pass": false,
              "fail": true,
              "pending": false,
              "context": null,
              "code": "cy.visit(\"/login?returnTo=/transfer\");\ncy.get('input[name=\"identifier\"]').type(Cypress.env(\"TEST_EMAIL\"));\ncy.get('input[name=\"password\"]').type(Cypress.env(\"TEST_PASSWORD\"));\ncy.get('button[type=\"submit\"]').click();\n// HARD: must honour the returnTo param\ncy.url({ timeout: 60000 }).should(\"include\", \"/transfer\");",
              "err": {
                "message": "CypressError: `cy.type()` cannot accept an empty string. You need to actually type something.\n\nhttps://on.cypress.io/type",
                "estack": "CypressError: `cy.type()` cannot accept an empty string. You need to actually type something.\n\nhttps://on.cypress.io/type\n    at Context.type (https://staging-nepay.vercel.app/__cypress/runner/cypress_runner.js:137630:76)\n    at wrapped (https://staging-nepay.vercel.app/__cypress/runner/cypress_runner.js:157859:19)\nFrom Your Spec Code:\n    at Context.eval (webpack:///./cypress/e2e/auth/login.cy.ts:39:0)",
                "diff": null
              },
              "uuid": "52079a80-7e37-41c8-a8e8-8506c3aab8a4",
              "parentUUID": "8c385850-d6e0-4bcc-91dc-2496784c8344",
              "isHook": false,
              "skipped": false
            },
            {
              "title": "P5 | Accessing /login when already logged in → bounced to /overview",
              "fullTitle": "Auth — Login P5 | Accessing /login when already logged in → bounced to /overview",
              "timedOut": null,
              "duration": 11215,
              "state": "failed",
              "speed": null,
              "pass": false,
              "fail": true,
              "pending": false,
              "context": null,
              "code": "cy.login();\ncy.visit(\"/login\");\n// HARD: middleware should redirect away\ncy.url({ timeout: 10000 }).should(\"include\", \"/overview\");",
              "err": {
                "message": "AssertionError: Timed out retrying after 10000ms: expected 'https://staging-nepay.vercel.app/login' to include '/overview'",
                "estack": "AssertionError: Timed out retrying after 10000ms: expected 'https://staging-nepay.vercel.app/login' to include '/overview'\n    at Context.eval (webpack:///./cypress/e2e/auth/login.cy.ts:49:33)",
                "diff": null
              },
              "uuid": "a949e5d0-349b-4c99-a790-b211cd2069b5",
              "parentUUID": "8c385850-d6e0-4bcc-91dc-2496784c8344",
              "isHook": false,
              "skipped": false
            },
            {
              "title": "N1 | Wrong password → inline error shown (not a toast)",
              "fullTitle": "Auth — Login N1 | Wrong password → inline error shown (not a toast)",
              "timedOut": null,
              "duration": 795,
              "state": "failed",
              "speed": null,
              "pass": false,
              "fail": true,
              "pending": false,
              "context": null,
              "code": "cy.get('input[name=\"identifier\"]').type(Cypress.env(\"TEST_EMAIL\"));\ncy.get('input[name=\"password\"]').type(\"WrongPassword999!\");\ncy.get('button[type=\"submit\"]').click();\n// HARD: must stay on login page\ncy.url().should(\"include\", \"/login\");\n// HARD: inline error must appear (not just a toast that auto-dismisses)\ncy.contains(/invalid|incorrect|wrong|credentials/i, { timeout: 8000 }).should(\"be.visible\");\n// SOFT: no toast shown for invalid credentials (per auth-context.tsx design)\ncy.softAssert(() => {\n    cy.get('[data-sonner-toast]').should(\"not.exist\");\n}, \"No toast for invalid credentials\");\ncy.assertAll();",
              "err": {
                "message": "CypressError: `cy.type()` cannot accept an empty string. You need to actually type something.\n\nhttps://on.cypress.io/type",
                "estack": "CypressError: `cy.type()` cannot accept an empty string. You need to actually type something.\n\nhttps://on.cypress.io/type\n    at Context.type (https://staging-nepay.vercel.app/__cypress/runner/cypress_runner.js:137630:76)\n    at wrapped (https://staging-nepay.vercel.app/__cypress/runner/cypress_runner.js:157859:19)\nFrom Your Spec Code:\n    at Context.eval (webpack:///./cypress/e2e/auth/login.cy.ts:53:0)",
                "diff": null
              },
              "uuid": "2fa2085b-fb59-4599-8e16-c2e4bd231bfd",
              "parentUUID": "8c385850-d6e0-4bcc-91dc-2496784c8344",
              "isHook": false,
              "skipped": false
            },
            {
              "title": "N2 | Empty email field → validation error before API call",
              "fullTitle": "Auth — Login N2 | Empty email field → validation error before API call",
              "timedOut": null,
              "duration": 858,
              "state": "passed",
              "speed": "fast",
              "pass": true,
              "fail": false,
              "pending": false,
              "context": null,
              "code": "cy.get('input[name=\"password\"]').type(\"SomePassword1\");\ncy.get('button[type=\"submit\"]').click();\n// HARD: form validation should block submission\ncy.contains(/email|required|enter/i).should(\"be.visible\");\ncy.url().should(\"include\", \"/login\");",
              "err": {},
              "uuid": "d9babe6b-24e6-44b0-977b-390c595fa375",
              "parentUUID": "8c385850-d6e0-4bcc-91dc-2496784c8344",
              "isHook": false,
              "skipped": false
            },
            {
              "title": "N3 | Empty password field → validation error before API call",
              "fullTitle": "Auth — Login N3 | Empty password field → validation error before API call",
              "timedOut": null,
              "duration": 857,
              "state": "failed",
              "speed": null,
              "pass": false,
              "fail": true,
              "pending": false,
              "context": null,
              "code": "cy.get('input[name=\"identifier\"]').type(Cypress.env(\"TEST_EMAIL\"));\ncy.get('button[type=\"submit\"]').click();\n// HARD\ncy.contains(/password|required/i).should(\"be.visible\");\ncy.url().should(\"include\", \"/login\");",
              "err": {
                "message": "CypressError: `cy.type()` cannot accept an empty string. You need to actually type something.\n\nhttps://on.cypress.io/type",
                "estack": "CypressError: `cy.type()` cannot accept an empty string. You need to actually type something.\n\nhttps://on.cypress.io/type\n    at Context.type (https://staging-nepay.vercel.app/__cypress/runner/cypress_runner.js:137630:76)\n    at wrapped (https://staging-nepay.vercel.app/__cypress/runner/cypress_runner.js:157859:19)\nFrom Your Spec Code:\n    at Context.eval (webpack:///./cypress/e2e/auth/login.cy.ts:74:0)",
                "diff": null
              },
              "uuid": "d4c1baf7-a6c4-4791-9bcb-afe878217b8e",
              "parentUUID": "8c385850-d6e0-4bcc-91dc-2496784c8344",
              "isHook": false,
              "skipped": false
            },
            {
              "title": "N4 | Submit button disabled while login request is in-flight (no double submit)",
              "fullTitle": "Auth — Login N4 | Submit button disabled while login request is in-flight (no double submit)",
              "timedOut": null,
              "duration": 916,
              "state": "failed",
              "speed": null,
              "pass": false,
              "fail": true,
              "pending": false,
              "context": null,
              "code": "cy.get('input[name=\"identifier\"]').type(Cypress.env(\"TEST_EMAIL\"));\ncy.get('input[name=\"password\"]').type(Cypress.env(\"TEST_PASSWORD\"));\ncy.intercept(\"POST\", \"**/auth/login\").as(\"loginRequest\");\ncy.get('button[type=\"submit\"]').click();\n// HARD: button must be disabled or show loading state during the request\ncy.get('button[type=\"submit\"]').should(\"be.disabled\");\ncy.wait(\"@loginRequest\");",
              "err": {
                "message": "CypressError: `cy.type()` cannot accept an empty string. You need to actually type something.\n\nhttps://on.cypress.io/type",
                "estack": "CypressError: `cy.type()` cannot accept an empty string. You need to actually type something.\n\nhttps://on.cypress.io/type\n    at Context.type (https://staging-nepay.vercel.app/__cypress/runner/cypress_runner.js:137630:76)\n    at wrapped (https://staging-nepay.vercel.app/__cypress/runner/cypress_runner.js:157859:19)\nFrom Your Spec Code:\n    at Context.eval (webpack:///./cypress/e2e/auth/login.cy.ts:81:0)",
                "diff": null
              },
              "uuid": "d5346298-3750-4e52-aa23-5e0b658e8d08",
              "parentUUID": "8c385850-d6e0-4bcc-91dc-2496784c8344",
              "isHook": false,
              "skipped": false
            },
            {
              "title": "N5 | Network error during login → graceful error shown",
              "fullTitle": "Auth — Login N5 | Network error during login → graceful error shown",
              "timedOut": null,
              "duration": 813,
              "state": "failed",
              "speed": null,
              "pass": false,
              "fail": true,
              "pending": false,
              "context": null,
              "code": "cy.intercept(\"POST\", \"**/auth/login\", { forceNetworkError: true }).as(\"loginFail\");\ncy.get('input[name=\"identifier\"]').type(Cypress.env(\"TEST_EMAIL\"));\ncy.get('input[name=\"password\"]').type(Cypress.env(\"TEST_PASSWORD\"));\ncy.get('button[type=\"submit\"]').click();\ncy.wait(\"@loginFail\");\n// HARD: error message should appear — no crash/blank page\ncy.softAssert(() => {\n    cy.contains(/error|failed|try again|problem/i, { timeout: 8000 }).should(\"be.visible\");\n}, \"Error message on network failure\");\n// HARD: still on login page\ncy.url().should(\"include\", \"/login\");\ncy.assertAll();",
              "err": {
                "message": "CypressError: `cy.type()` cannot accept an empty string. You need to actually type something.\n\nhttps://on.cypress.io/type",
                "estack": "CypressError: `cy.type()` cannot accept an empty string. You need to actually type something.\n\nhttps://on.cypress.io/type\n    at Context.type (https://staging-nepay.vercel.app/__cypress/runner/cypress_runner.js:137630:76)\n    at wrapped (https://staging-nepay.vercel.app/__cypress/runner/cypress_runner.js:157859:19)\nFrom Your Spec Code:\n    at Context.eval (webpack:///./cypress/e2e/auth/login.cy.ts:91:0)",
                "diff": null
              },
              "uuid": "03fa856a-6fc1-4430-80f5-936e13a46d7f",
              "parentUUID": "8c385850-d6e0-4bcc-91dc-2496784c8344",
              "isHook": false,
              "skipped": false
            },
            {
              "title": "N6 | Suspended account → persistent banner shown (not just toast)",
              "fullTitle": "Auth — Login N6 | Suspended account → persistent banner shown (not just toast)",
              "timedOut": null,
              "duration": 1193,
              "state": "passed",
              "speed": "fast",
              "pass": true,
              "fail": false,
              "pending": false,
              "context": null,
              "code": "cy.intercept(\"POST\", \"**/auth/login\", {\n    statusCode: 403,\n    body: {\n        success: false,\n        code: \"ACCOUNT_SUSPENDED\",\n        message: \"Your account has been suspended. Please contact support.\",\n    },\n}).as(\"suspendedLogin\");\ncy.get('input[name=\"identifier\"]').type(\"suspended@test.com\");\ncy.get('input[name=\"password\"]').type(\"AnyPass123\");\ncy.get('button[type=\"submit\"]').click();\ncy.wait(\"@suspendedLogin\");\n// HARD: must show a visible, persistent suspended banner\ncy.contains(/suspended|contact support/i, { timeout: 8000 }).should(\"be.visible\");\n// SOFT: no toast (per auth-context.tsx design decision)\ncy.softAssert(() => {\n    cy.get('[data-sonner-toast]').should(\"not.exist\");\n}, \"No auto-dismiss toast for suspended account\");\ncy.assertAll();",
              "err": {},
              "uuid": "05606c7c-79bc-4098-b4ed-bd5cec54360a",
              "parentUUID": "8c385850-d6e0-4bcc-91dc-2496784c8344",
              "isHook": false,
              "skipped": false
            },
            {
              "title": "N7 | Open redirect — returnTo with external URL → fallback to /overview",
              "fullTitle": "Auth — Login N7 | Open redirect — returnTo with external URL → fallback to /overview",
              "timedOut": null,
              "duration": 11249,
              "state": "failed",
              "speed": null,
              "pass": false,
              "fail": true,
              "pending": false,
              "context": null,
              "code": "cy.login();\ncy.visit(\"/login?returnTo=https://evil.com\");\n// HARD: middleware safeReturnTo must reject the external URL\ncy.url({ timeout: 10000 }).should(\"include\", \"/overview\");\ncy.url().should(\"not.include\", \"evil.com\");",
              "err": {
                "message": "AssertionError: Timed out retrying after 10000ms: expected 'https://staging-nepay.vercel.app/login?returnTo=https://evil.com' to include '/overview'",
                "estack": "AssertionError: Timed out retrying after 10000ms: expected 'https://staging-nepay.vercel.app/login?returnTo=https://evil.com' to include '/overview'\n    at Context.eval (webpack:///./cypress/e2e/auth/login.cy.ts:128:33)",
                "diff": null
              },
              "uuid": "290e9888-35c2-4ae5-8250-6e249d47611b",
              "parentUUID": "8c385850-d6e0-4bcc-91dc-2496784c8344",
              "isHook": false,
              "skipped": false
            },
            {
              "title": "N8 | Open redirect — returnTo with protocol-relative URL → fallback to /overview",
              "fullTitle": "Auth — Login N8 | Open redirect — returnTo with protocol-relative URL → fallback to /overview",
              "timedOut": null,
              "duration": 11207,
              "state": "failed",
              "speed": null,
              "pass": false,
              "fail": true,
              "pending": false,
              "context": null,
              "code": "cy.login();\ncy.visit(\"/login?returnTo=//evil.com\");\ncy.url({ timeout: 10000 }).should(\"include\", \"/overview\");\ncy.url().should(\"not.include\", \"evil.com\");",
              "err": {
                "message": "AssertionError: Timed out retrying after 10000ms: expected 'https://staging-nepay.vercel.app/login?returnTo=//evil.com' to include '/overview'",
                "estack": "AssertionError: Timed out retrying after 10000ms: expected 'https://staging-nepay.vercel.app/login?returnTo=//evil.com' to include '/overview'\n    at Context.eval (webpack:///./cypress/e2e/auth/login.cy.ts:134:33)",
                "diff": null
              },
              "uuid": "e978b73d-53c0-4461-a874-a624f669da80",
              "parentUUID": "8c385850-d6e0-4bcc-91dc-2496784c8344",
              "isHook": false,
              "skipped": false
            }
          ],
          "suites": [],
          "passes": [
            "d9babe6b-24e6-44b0-977b-390c595fa375",
            "05606c7c-79bc-4098-b4ed-bd5cec54360a"
          ],
          "failures": [
            "639763b1-b23d-4ecd-95fc-05834ef08a65",
            "dfa2c2c9-697c-40eb-bd29-7e640646a7e6",
            "a3a855e6-67d4-4b2e-9bc7-999ba817157c",
            "52079a80-7e37-41c8-a8e8-8506c3aab8a4",
            "a949e5d0-349b-4c99-a790-b211cd2069b5",
            "2fa2085b-fb59-4599-8e16-c2e4bd231bfd",
            "d4c1baf7-a6c4-4791-9bcb-afe878217b8e",
            "d5346298-3750-4e52-aa23-5e0b658e8d08",
            "03fa856a-6fc1-4430-80f5-936e13a46d7f",
            "290e9888-35c2-4ae5-8250-6e249d47611b",
            "e978b73d-53c0-4461-a874-a624f669da80"
          ],
          "pending": [],
          "skipped": [],
          "duration": 42310,
          "root": false,
          "rootEmpty": false,
          "_timeout": 2000
        }
      ],
      "passes": [],
      "failures": [],
      "pending": [],
      "skipped": [],
      "duration": 0,
      "root": true,
      "rootEmpty": true,
      "_timeout": 2000
    }
  ],
  "meta": {
    "mocha": {
      "version": "7.0.1"
    },
    "mochawesome": {
      "options": {
        "quiet": false,
        "reportFilename": "mochawesome",
        "saveHtml": false,
        "saveJson": true,
        "consoleReporter": "spec",
        "useInlineDiffs": false,
        "code": true
      },
      "version": "8.1.1"
    },
    "marge": {
      "options": {
        "reportDir": "cypress/reports",
        "overwrite": false,
        "html": false,
        "json": true,
        "timestamp": "isoDateTime"
      },
      "version": "6.3.2"
    }
  }
}