{
  "stats": {
    "suites": 2,
    "tests": 7,
    "passes": 7,
    "pending": 0,
    "failures": 0,
    "start": "2026-09-26T10:52:07.316Z",
    "end": "2026-09-26T10:52:17.446Z",
    "duration": 10130,
    "testsRegistered": 7,
    "passPercent": 100,
    "pendingPercent": 0,
    "other": 0,
    "hasOther": false,
    "skipped": 0,
    "hasSkipped": false
  },
  "results": [
    {
      "uuid": "56df49af-24a5-47d1-910a-9c6a9d84a792",
      "title": "",
      "fullFile": "cypress/e2e/auth/forgot-password.cy.ts",
      "file": "cypress/e2e/auth/forgot-password.cy.ts",
      "beforeHooks": [],
      "afterHooks": [],
      "tests": [],
      "suites": [
        {
          "uuid": "737b7dbf-f216-44ee-a086-3be254346cd6",
          "title": "Auth — Forgot Password",
          "fullFile": "",
          "file": "",
          "beforeHooks": [],
          "afterHooks": [],
          "tests": [
            {
              "title": "P1 | Valid email → success message shown",
              "fullTitle": "Auth — Forgot Password P1 | Valid email → success message shown",
              "timedOut": null,
              "duration": 3240,
              "state": "passed",
              "speed": "fast",
              "pass": true,
              "fail": false,
              "pending": false,
              "context": null,
              "code": "const emailToType = Cypress.env(\"TEST_EMAIL\") || \"test@example.com\";\ncy.get('input[name=\"email\"]').type(emailToType);\ncy.get('button[type=\"submit\"]').click();\n// HARD: success/confirmation message must appear\ncy.contains(/check your|sent|email/i, { timeout: 10000 }).should(\"be.visible\");",
              "err": {},
              "uuid": "8c12b2cd-5e20-4d3d-b722-aa288de8fa02",
              "parentUUID": "737b7dbf-f216-44ee-a086-3be254346cd6",
              "isHook": false,
              "skipped": false
            },
            {
              "title": "N1 | Empty email → validation error before API call",
              "fullTitle": "Auth — Forgot Password N1 | Empty email → validation error before API call",
              "timedOut": null,
              "duration": 626,
              "state": "passed",
              "speed": "fast",
              "pass": true,
              "fail": false,
              "pending": false,
              "context": null,
              "code": "cy.get('button[type=\"submit\"]').click();\n// HARD: form validation blocks API call\ncy.contains(/email|required/i).should(\"be.visible\");",
              "err": {},
              "uuid": "4bc508e4-215d-48ba-92be-9e8ce2c0ea64",
              "parentUUID": "737b7dbf-f216-44ee-a086-3be254346cd6",
              "isHook": false,
              "skipped": false
            },
            {
              "title": "N2 | Malformed email → validation error",
              "fullTitle": "Auth — Forgot Password N2 | Malformed email → validation error",
              "timedOut": null,
              "duration": 623,
              "state": "passed",
              "speed": "fast",
              "pass": true,
              "fail": false,
              "pending": false,
              "context": null,
              "code": "cy.get('input[name=\"email\"]').type(\"not-an-email\");\ncy.get('button[type=\"submit\"]').click();\n// HARD\ncy.contains(/valid email/i).should(\"be.visible\");",
              "err": {},
              "uuid": "7370bc90-e750-4714-aa6d-91181b70e6ae",
              "parentUUID": "737b7dbf-f216-44ee-a086-3be254346cd6",
              "isHook": false,
              "skipped": false
            },
            {
              "title": "N3 | Non-existent email → shows error message",
              "fullTitle": "Auth — Forgot Password N3 | Non-existent email → shows error message",
              "timedOut": null,
              "duration": 912,
              "state": "passed",
              "speed": "fast",
              "pass": true,
              "fail": false,
              "pending": false,
              "context": null,
              "code": "cy.intercept(\"POST\", \"**/auth/forgot-password\", {\n    statusCode: 404,\n    body: { success: false, code: \"ACCOUNT_NOT_FOUND\", message: \"We couldn't find an account with that email.\" }\n}).as(\"forgotPasswordErr\");\ncy.get('input[name=\"email\"]').type(\"doesnotexist99999@nepay.io\");\ncy.get('button[type=\"submit\"]').click();\ncy.wait(\"@forgotPasswordErr\");\ncy.contains(/couldn't find|not found/i).should(\"be.visible\");",
              "err": {},
              "uuid": "bb563471-eb2d-448d-b824-84b84058aeec",
              "parentUUID": "737b7dbf-f216-44ee-a086-3be254346cd6",
              "isHook": false,
              "skipped": false
            }
          ],
          "suites": [],
          "passes": [
            "8c12b2cd-5e20-4d3d-b722-aa288de8fa02",
            "4bc508e4-215d-48ba-92be-9e8ce2c0ea64",
            "7370bc90-e750-4714-aa6d-91181b70e6ae",
            "bb563471-eb2d-448d-b824-84b84058aeec"
          ],
          "failures": [],
          "pending": [],
          "skipped": [],
          "duration": 5401,
          "root": false,
          "rootEmpty": false,
          "_timeout": 2000
        },
        {
          "uuid": "f0d8c085-1475-4ef3-8f7b-cd43fb09f86f",
          "title": "Auth — Reset Password",
          "fullFile": "",
          "file": "",
          "beforeHooks": [],
          "afterHooks": [],
          "tests": [
            {
              "title": "N1 | Passwords don't match → confirm error",
              "fullTitle": "Auth — Reset Password N1 | Passwords don't match → confirm error",
              "timedOut": null,
              "duration": 1742,
              "state": "passed",
              "speed": "fast",
              "pass": true,
              "fail": false,
              "pending": false,
              "context": null,
              "code": "cy.get('input[name=\"email\"]').type(\"test@example.com\");\ncy.get('input[name=\"code\"]').type(\"123456\");\ncy.get('input[name=\"password\"]').type(\"NewPass123\");\ncy.get('input[name=\"confirmPassword\"]').type(\"DifferentPass123\");\ncy.get('button[type=\"submit\"]').click();\n// HARD\ncy.contains(/passwords do not match/i).should(\"be.visible\");",
              "err": {},
              "uuid": "30666666-80ad-4f7d-a06c-e0f0e3b9b409",
              "parentUUID": "f0d8c085-1475-4ef3-8f7b-cd43fb09f86f",
              "isHook": false,
              "skipped": false
            },
            {
              "title": "N2 | Backend rejects code → validation error shown",
              "fullTitle": "Auth — Reset Password N2 | Backend rejects code → validation error shown",
              "timedOut": null,
              "duration": 1684,
              "state": "passed",
              "speed": "fast",
              "pass": true,
              "fail": false,
              "pending": false,
              "context": null,
              "code": "cy.intercept(\"POST\", \"**/auth/reset-password\", {\n    statusCode: 400,\n    body: { success: false, code: \"VALIDATION_FAILED\", message: \"Invalid or expired code\" }\n}).as(\"resetErr\");\ncy.get('input[name=\"email\"]').type(\"test@example.com\");\ncy.get('input[name=\"code\"]').type(\"000000\");\ncy.get('input[name=\"password\"]').type(\"NewPass123\");\ncy.get('input[name=\"confirmPassword\"]').type(\"NewPass123\");\ncy.get('button[type=\"submit\"]').click();\ncy.wait(\"@resetErr\");\ncy.contains(/invalid or expired/i).should(\"be.visible\");",
              "err": {},
              "uuid": "c89f180d-8f3d-47c1-8bf6-c4fc4bffea24",
              "parentUUID": "f0d8c085-1475-4ef3-8f7b-cd43fb09f86f",
              "isHook": false,
              "skipped": false
            },
            {
              "title": "N3 | Weak new password → validation error",
              "fullTitle": "Auth — Reset Password N3 | Weak new password → validation error",
              "timedOut": null,
              "duration": 1235,
              "state": "passed",
              "speed": "fast",
              "pass": true,
              "fail": false,
              "pending": false,
              "context": null,
              "code": "cy.get('input[name=\"email\"]').type(\"test@example.com\");\ncy.get('input[name=\"code\"]').type(\"123456\");\ncy.get('input[name=\"password\"]').type(\"weak\");\ncy.get('input[name=\"confirmPassword\"]').type(\"weak\");\ncy.get('button[type=\"submit\"]').click();\n// HARD\ncy.contains(/at least 6 characters/i).should(\"be.visible\");",
              "err": {},
              "uuid": "c345ef4e-3f54-4258-abb2-e579d3513a04",
              "parentUUID": "f0d8c085-1475-4ef3-8f7b-cd43fb09f86f",
              "isHook": false,
              "skipped": false
            }
          ],
          "suites": [],
          "passes": [
            "30666666-80ad-4f7d-a06c-e0f0e3b9b409",
            "c89f180d-8f3d-47c1-8bf6-c4fc4bffea24",
            "c345ef4e-3f54-4258-abb2-e579d3513a04"
          ],
          "failures": [],
          "pending": [],
          "skipped": [],
          "duration": 4661,
          "root": false,
          "rootEmpty": false,
          "_timeout": 2000
        }
      ],
      "passes": [],
      "failures": [],
      "pending": [],
      "skipped": [],
      "duration": 0,
      "root": true,
      "rootEmpty": true,
      "_timeout": 2000
    }
  ],
  "meta": {
    "mocha": {
      "version": "7.0.1"
    },
    "mochawesome": {
      "options": {
        "quiet": false,
        "reportFilename": "mochawesome",
        "saveHtml": false,
        "saveJson": true,
        "consoleReporter": "spec",
        "useInlineDiffs": false,
        "code": true
      },
      "version": "8.1.1"
    },
    "marge": {
      "options": {
        "reportDir": "cypress/reports",
        "overwrite": false,
        "html": false,
        "json": true,
        "timestamp": "isoDateTime"
      },
      "version": "6.3.2"
    }
  }
}