{
  "stats": {
    "suites": 1,
    "tests": 9,
    "passes": 0,
    "pending": 0,
    "failures": 9,
    "start": "2026-09-24T13:25:16.671Z",
    "end": "2026-09-24T13:44:47.901Z",
    "duration": 1171230,
    "testsRegistered": 9,
    "passPercent": 0,
    "pendingPercent": 0,
    "other": 0,
    "hasOther": false,
    "skipped": 0,
    "hasSkipped": false
  },
  "results": [
    {
      "uuid": "9a9ee650-4e41-451e-a6c0-288cab78cc37",
      "title": "",
      "fullFile": "cypress/e2e/kyc/kyc.cy.ts",
      "file": "cypress/e2e/kyc/kyc.cy.ts",
      "beforeHooks": [],
      "afterHooks": [],
      "tests": [],
      "suites": [
        {
          "uuid": "c6b6f9bb-40d8-4a02-ba62-9224012634e7",
          "title": "KYC — Identity Verification",
          "fullFile": "",
          "file": "",
          "beforeHooks": [],
          "afterHooks": [],
          "tests": [
            {
              "title": "P1 | KYC page loads with BVN input form",
              "fullTitle": "KYC — Identity Verification P1 | KYC page loads with BVN input form",
              "timedOut": null,
              "duration": 9117,
              "state": "failed",
              "speed": null,
              "pass": false,
              "fail": true,
              "pending": false,
              "context": null,
              "code": "// SOFT: check multiple elements exist\ncy.softAssert(() => {\n    cy.get(\"input\", { timeout: 8000 }).should(\"be.visible\");\n}, \"BVN input field visible\");\ncy.softAssert(() => {\n    cy.contains(/BVN|verification|identity/i, { timeout: 8000 }).should(\"be.visible\");\n}, \"KYC heading visible\");\ncy.assertAll();",
              "err": {
                "message": "AssertionError: Timed out retrying after 8000ms: Expected to find content: '/BVN|verification|identity/i' but never did.",
                "estack": "AssertionError: Timed out retrying after 8000ms: Expected to find content: '/BVN|verification|identity/i' but never did.\n    at eval (webpack:///./cypress/e2e/kyc/kyc.cy.ts:17:71)\n    at Context.eval (webpack:///./cypress/support/commands.ts:60:0)",
                "diff": null
              },
              "uuid": "7ba5f88e-21f7-4d63-af9b-2b838e7bd942",
              "parentUUID": "c6b6f9bb-40d8-4a02-ba62-9224012634e7",
              "isHook": false,
              "skipped": false
            },
            {
              "title": "P2 | Valid BVN submitted → pending/success state shown",
              "fullTitle": "KYC — Identity Verification P2 | Valid BVN submitted → pending/success state shown",
              "timedOut": null,
              "duration": 61671,
              "state": "failed",
              "speed": null,
              "pass": false,
              "fail": true,
              "pending": false,
              "context": null,
              "code": "cy.intercept(\"POST\", \"**/kyc**\", {\n    statusCode: 200,\n    body: { success: true, data: { status: \"PENDING\" } },\n}).as(\"kycSubmit\");\ncy.get(\"input\").first().type(\"12345678901\"); // valid 11-digit BVN\ncy.get('button[type=\"submit\"]').click();\ncy.wait(\"@kycSubmit\");\n// HARD: some success/pending feedback\ncy.contains(/pending|submitted|processing|success/i, { timeout: 8000 }).should(\"be.visible\");",
              "err": {
                "message": "CypressError: Timed out retrying after 60000ms: `cy.wait()` timed out waiting `60000ms` for the 1st request to the route: `kycSubmit`. No request ever occurred.\n\nhttps://on.cypress.io/wait",
                "estack": "CypressError: Timed out retrying after 60000ms: `cy.wait()` timed out waiting `60000ms` for the 1st request to the route: `kycSubmit`. No request ever occurred.\n\nhttps://on.cypress.io/wait\n    at cypressErr (https://staging-nepay.vercel.app/__cypress/runner/cypress_runner.js:161339:18)\n    at Object.errByPath (https://staging-nepay.vercel.app/__cypress/runner/cypress_runner.js:161408:10)\n    at checkForXhr (https://staging-nepay.vercel.app/__cypress/runner/cypress_runner.js:146476:92)\n    at <unknown> (https://staging-nepay.vercel.app/__cypress/runner/cypress_runner.js:146499:28)\n    at tryCatcher (https://staging-nepay.vercel.app/__cypress/runner/cypress_runner.js:11327:23)\n    at Promise.attempt.Promise.try (https://staging-nepay.vercel.app/__cypress/runner/cypress_runner.js:8601:29)\n    at whenStable (https://staging-nepay.vercel.app/__cypress/runner/cypress_runner.js:153099:65)\n    at <unknown> (https://staging-nepay.vercel.app/__cypress/runner/cypress_runner.js:152508:14)\n    at tryCatcher (https://staging-nepay.vercel.app/__cypress/runner/cypress_runner.js:11327:23)\n    at Promise._settlePromiseFromHandler (https://staging-nepay.vercel.app/__cypress/runner/cypress_runner.js:9262:31)\n    at Promise._settlePromise (https://staging-nepay.vercel.app/__cypress/runner/cypress_runner.js:9319:18)\n    at Promise._settlePromise0 (https://staging-nepay.vercel.app/__cypress/runner/cypress_runner.js:9364:10)\n    at Promise._settlePromises (https://staging-nepay.vercel.app/__cypress/runner/cypress_runner.js:9444:18)\n    at Promise._fulfill (https://staging-nepay.vercel.app/__cypress/runner/cypress_runner.js:9388:18)\n    at <unknown> (https://staging-nepay.vercel.app/__cypress/runner/cypress_runner.js:11002:46)\nFrom Your Spec Code:\n    at Context.eval (webpack:///./cypress/e2e/kyc/kyc.cy.ts:28:0)",
                "diff": null
              },
              "uuid": "b34fe752-c7c8-48cc-b726-387dd4ea156d",
              "parentUUID": "c6b6f9bb-40d8-4a02-ba62-9224012634e7",
              "isHook": false,
              "skipped": false
            },
            {
              "title": "P3 | KYC banner on overview disappears after approval",
              "fullTitle": "KYC — Identity Verification P3 | KYC banner on overview disappears after approval",
              "timedOut": null,
              "duration": 61803,
              "state": "failed",
              "speed": null,
              "pass": false,
              "fail": true,
              "pending": false,
              "context": null,
              "code": "// Mock a verified user\ncy.intercept(\"GET\", \"**/users/me\", {\n    statusCode: 200,\n    body: {\n        success: true,\n        data: { id: \"user-1\", firstName: \"Dubem\", kycVerified: true },\n    },\n}).as(\"verifiedUser\");\ncy.visit(\"/overview\");\ncy.wait(\"@verifiedUser\");\n// HARD: banner should not be visible for verified users\ncy.contains(/verify your identity|complete KYC|BVN verification/i).should(\"not.exist\");",
              "err": {
                "message": "CypressError: Timed out retrying after 60000ms: `cy.wait()` timed out waiting `60000ms` for the 1st request to the route: `verifiedUser`. No request ever occurred.\n\nhttps://on.cypress.io/wait",
                "estack": "CypressError: Timed out retrying after 60000ms: `cy.wait()` timed out waiting `60000ms` for the 1st request to the route: `verifiedUser`. No request ever occurred.\n\nhttps://on.cypress.io/wait\n    at cypressErr (https://staging-nepay.vercel.app/__cypress/runner/cypress_runner.js:161339:18)\n    at Object.errByPath (https://staging-nepay.vercel.app/__cypress/runner/cypress_runner.js:161408:10)\n    at checkForXhr (https://staging-nepay.vercel.app/__cypress/runner/cypress_runner.js:146476:92)\n    at <unknown> (https://staging-nepay.vercel.app/__cypress/runner/cypress_runner.js:146499:28)\n    at tryCatcher (https://staging-nepay.vercel.app/__cypress/runner/cypress_runner.js:11327:23)\n    at Promise.attempt.Promise.try (https://staging-nepay.vercel.app/__cypress/runner/cypress_runner.js:8601:29)\n    at whenStable (https://staging-nepay.vercel.app/__cypress/runner/cypress_runner.js:153099:65)\n    at <unknown> (https://staging-nepay.vercel.app/__cypress/runner/cypress_runner.js:152508:14)\n    at tryCatcher (https://staging-nepay.vercel.app/__cypress/runner/cypress_runner.js:11327:23)\n    at Promise._settlePromiseFromHandler (https://staging-nepay.vercel.app/__cypress/runner/cypress_runner.js:9262:31)\n    at Promise._settlePromise (https://staging-nepay.vercel.app/__cypress/runner/cypress_runner.js:9319:18)\n    at Promise._settlePromise0 (https://staging-nepay.vercel.app/__cypress/runner/cypress_runner.js:9364:10)\n    at Promise._settlePromises (https://staging-nepay.vercel.app/__cypress/runner/cypress_runner.js:9444:18)\n    at Promise._fulfill (https://staging-nepay.vercel.app/__cypress/runner/cypress_runner.js:9388:18)\n    at <unknown> (https://staging-nepay.vercel.app/__cypress/runner/cypress_runner.js:11002:46)\nFrom Your Spec Code:\n    at Context.eval (webpack:///./cypress/e2e/kyc/kyc.cy.ts:42:0)",
                "diff": null
              },
              "uuid": "9806bd0a-4e84-4e6b-b3c9-449bdd2a23f4",
              "parentUUID": "c6b6f9bb-40d8-4a02-ba62-9224012634e7",
              "isHook": false,
              "skipped": false
            },
            {
              "title": "P4 | KYC banner visible on overview for unverified user",
              "fullTitle": "KYC — Identity Verification P4 | KYC banner visible on overview for unverified user",
              "timedOut": null,
              "duration": 61354,
              "state": "failed",
              "speed": null,
              "pass": false,
              "fail": true,
              "pending": false,
              "context": null,
              "code": "cy.intercept(\"GET\", \"**/users/me\", {\n    statusCode: 200,\n    body: {\n        success: true,\n        data: { id: \"user-1\", firstName: \"Dubem\", kycVerified: false },\n    },\n}).as(\"unverifiedUser\");\ncy.visit(\"/overview\");\ncy.wait(\"@unverifiedUser\");\n// HARD: banner must prompt user to verify\ncy.softAssert(() => {\n    cy.contains(/verify|KYC|identity/i, { timeout: 8000 }).should(\"be.visible\");\n}, \"KYC prompt visible for unverified users\");\ncy.assertAll();",
              "err": {
                "message": "CypressError: Timed out retrying after 60000ms: `cy.wait()` timed out waiting `60000ms` for the 1st request to the route: `unverifiedUser`. No request ever occurred.\n\nhttps://on.cypress.io/wait",
                "estack": "CypressError: Timed out retrying after 60000ms: `cy.wait()` timed out waiting `60000ms` for the 1st request to the route: `unverifiedUser`. No request ever occurred.\n\nhttps://on.cypress.io/wait\n    at cypressErr (https://staging-nepay.vercel.app/__cypress/runner/cypress_runner.js:161339:18)\n    at Object.errByPath (https://staging-nepay.vercel.app/__cypress/runner/cypress_runner.js:161408:10)\n    at checkForXhr (https://staging-nepay.vercel.app/__cypress/runner/cypress_runner.js:146476:92)\n    at <unknown> (https://staging-nepay.vercel.app/__cypress/runner/cypress_runner.js:146499:28)\n    at tryCatcher (https://staging-nepay.vercel.app/__cypress/runner/cypress_runner.js:11327:23)\n    at Promise.attempt.Promise.try (https://staging-nepay.vercel.app/__cypress/runner/cypress_runner.js:8601:29)\n    at whenStable (https://staging-nepay.vercel.app/__cypress/runner/cypress_runner.js:153099:65)\n    at <unknown> (https://staging-nepay.vercel.app/__cypress/runner/cypress_runner.js:152508:14)\n    at tryCatcher (https://staging-nepay.vercel.app/__cypress/runner/cypress_runner.js:11327:23)\n    at Promise._settlePromiseFromHandler (https://staging-nepay.vercel.app/__cypress/runner/cypress_runner.js:9262:31)\n    at Promise._settlePromise (https://staging-nepay.vercel.app/__cypress/runner/cypress_runner.js:9319:18)\n    at Promise._settlePromise0 (https://staging-nepay.vercel.app/__cypress/runner/cypress_runner.js:9364:10)\n    at Promise._settlePromises (https://staging-nepay.vercel.app/__cypress/runner/cypress_runner.js:9444:18)\n    at Promise._fulfill (https://staging-nepay.vercel.app/__cypress/runner/cypress_runner.js:9388:18)\n    at <unknown> (https://staging-nepay.vercel.app/__cypress/runner/cypress_runner.js:11002:46)\nFrom Your Spec Code:\n    at Context.eval (webpack:///./cypress/e2e/kyc/kyc.cy.ts:55:0)",
                "diff": null
              },
              "uuid": "eea1b25e-6484-406e-80bc-b34b6bf9f07e",
              "parentUUID": "c6b6f9bb-40d8-4a02-ba62-9224012634e7",
              "isHook": false,
              "skipped": false
            },
            {
              "title": "N1 | BVN shorter than 11 digits → validation error",
              "fullTitle": "KYC — Identity Verification N1 | BVN shorter than 11 digits → validation error",
              "timedOut": null,
              "duration": 31850,
              "state": "failed",
              "speed": null,
              "pass": false,
              "fail": true,
              "pending": false,
              "context": null,
              "code": "cy.get(\"input\").first().type(\"1234567890\"); // 10 digits\ncy.get('button[type=\"submit\"]').click();\n// HARD\ncy.contains(/11|invalid|BVN/i).should(\"be.visible\");\ncy.url().should(\"include\", \"/kyc\");",
              "err": {
                "message": "AssertionError: Timed out retrying after 30000ms: Expected to find content: '/11|invalid|BVN/i' but never did.",
                "estack": "AssertionError: Timed out retrying after 30000ms: Expected to find content: '/11|invalid|BVN/i' but never did.\n    at Context.eval (webpack:///./cypress/e2e/kyc/kyc.cy.ts:67:0)",
                "diff": null
              },
              "uuid": "b8ee2ed8-8b89-4e5e-8754-f00395afd2e8",
              "parentUUID": "c6b6f9bb-40d8-4a02-ba62-9224012634e7",
              "isHook": false,
              "skipped": false
            },
            {
              "title": "N2 | BVN with letters → validation error",
              "fullTitle": "KYC — Identity Verification N2 | BVN with letters → validation error",
              "timedOut": null,
              "duration": 31888,
              "state": "failed",
              "speed": null,
              "pass": false,
              "fail": true,
              "pending": false,
              "context": null,
              "code": "cy.get(\"input\").first().type(\"1234567890A\");\ncy.get('button[type=\"submit\"]').click();\n// HARD\ncy.contains(/invalid|digits only|numeric/i).should(\"be.visible\");",
              "err": {
                "message": "AssertionError: Timed out retrying after 30000ms: Expected to find content: '/invalid|digits only|numeric/i' but never did.",
                "estack": "AssertionError: Timed out retrying after 30000ms: Expected to find content: '/invalid|digits only|numeric/i' but never did.\n    at Context.eval (webpack:///./cypress/e2e/kyc/kyc.cy.ts:74:0)",
                "diff": null
              },
              "uuid": "8583bdec-3819-4c51-bf1f-7d41ae561d3e",
              "parentUUID": "c6b6f9bb-40d8-4a02-ba62-9224012634e7",
              "isHook": false,
              "skipped": false
            },
            {
              "title": "N3 | BVN already used by another account → API error shown",
              "fullTitle": "KYC — Identity Verification N3 | BVN already used by another account → API error shown",
              "timedOut": null,
              "duration": 62127,
              "state": "failed",
              "speed": null,
              "pass": false,
              "fail": true,
              "pending": false,
              "context": null,
              "code": "cy.intercept(\"POST\", \"**/kyc**\", {\n    statusCode: 409,\n    body: {\n        success: false,\n        code: \"CONFLICT\",\n        message: \"This BVN is already linked to another account\",\n    },\n}).as(\"bvnConflict\");\ncy.get(\"input\").first().type(\"12345678901\");\ncy.get('button[type=\"submit\"]').click();\ncy.wait(\"@bvnConflict\");\n// HARD\ncy.contains(/already linked|another account|conflict/i, { timeout: 8000 }).should(\"be.visible\");",
              "err": {
                "message": "CypressError: Timed out retrying after 60000ms: `cy.wait()` timed out waiting `60000ms` for the 1st request to the route: `bvnConflict`. No request ever occurred.\n\nhttps://on.cypress.io/wait",
                "estack": "CypressError: Timed out retrying after 60000ms: `cy.wait()` timed out waiting `60000ms` for the 1st request to the route: `bvnConflict`. No request ever occurred.\n\nhttps://on.cypress.io/wait\n    at cypressErr (https://staging-nepay.vercel.app/__cypress/runner/cypress_runner.js:161339:18)\n    at Object.errByPath (https://staging-nepay.vercel.app/__cypress/runner/cypress_runner.js:161408:10)\n    at checkForXhr (https://staging-nepay.vercel.app/__cypress/runner/cypress_runner.js:146476:92)\n    at <unknown> (https://staging-nepay.vercel.app/__cypress/runner/cypress_runner.js:146499:28)\n    at tryCatcher (https://staging-nepay.vercel.app/__cypress/runner/cypress_runner.js:11327:23)\n    at Promise.attempt.Promise.try (https://staging-nepay.vercel.app/__cypress/runner/cypress_runner.js:8601:29)\n    at whenStable (https://staging-nepay.vercel.app/__cypress/runner/cypress_runner.js:153099:65)\n    at <unknown> (https://staging-nepay.vercel.app/__cypress/runner/cypress_runner.js:152508:14)\n    at tryCatcher (https://staging-nepay.vercel.app/__cypress/runner/cypress_runner.js:11327:23)\n    at Promise._settlePromiseFromHandler (https://staging-nepay.vercel.app/__cypress/runner/cypress_runner.js:9262:31)\n    at Promise._settlePromise (https://staging-nepay.vercel.app/__cypress/runner/cypress_runner.js:9319:18)\n    at Promise._settlePromise0 (https://staging-nepay.vercel.app/__cypress/runner/cypress_runner.js:9364:10)\n    at Promise._settlePromises (https://staging-nepay.vercel.app/__cypress/runner/cypress_runner.js:9444:18)\n    at Promise._fulfill (https://staging-nepay.vercel.app/__cypress/runner/cypress_runner.js:9388:18)\n    at <unknown> (https://staging-nepay.vercel.app/__cypress/runner/cypress_runner.js:11002:46)\nFrom Your Spec Code:\n    at Context.eval (webpack:///./cypress/e2e/kyc/kyc.cy.ts:87:0)",
                "diff": null
              },
              "uuid": "ad6ebbb8-8fe4-4470-aa37-f5fdc159965f",
              "parentUUID": "c6b6f9bb-40d8-4a02-ba62-9224012634e7",
              "isHook": false,
              "skipped": false
            },
            {
              "title": "N4 | Already verified user → form not shown, verified state shown",
              "fullTitle": "KYC — Identity Verification N4 | Already verified user → form not shown, verified state shown",
              "timedOut": null,
              "duration": 9391,
              "state": "failed",
              "speed": null,
              "pass": false,
              "fail": true,
              "pending": false,
              "context": null,
              "code": "cy.intercept(\"GET\", \"**/users/me\", {\n    body: { success: true, data: { kycVerified: true } },\n});\ncy.reload();\n// HARD: form should be replaced by a verified state\ncy.softAssert(() => {\n    cy.contains(/verified|approved|complete/i, { timeout: 8000 }).should(\"be.visible\");\n}, \"Verified state shown for already-verified user\");\ncy.assertAll();",
              "err": {
                "message": "AssertionError: Timed out retrying after 8000ms: Expected to find content: '/verified|approved|complete/i' but never did.",
                "estack": "AssertionError: Timed out retrying after 8000ms: Expected to find content: '/verified|approved|complete/i' but never did.\n    at eval (webpack:///./cypress/e2e/kyc/kyc.cy.ts:98:72)\n    at Context.eval (webpack:///./cypress/support/commands.ts:60:0)",
                "diff": null
              },
              "uuid": "5c832314-9344-4e3c-accd-bd64c3ed918c",
              "parentUUID": "c6b6f9bb-40d8-4a02-ba62-9224012634e7",
              "isHook": false,
              "skipped": false
            },
            {
              "title": "N5 | API error on BVN submit → error shown, form not locked",
              "fullTitle": "KYC — Identity Verification N5 | API error on BVN submit → error shown, form not locked",
              "timedOut": null,
              "duration": 62191,
              "state": "failed",
              "speed": null,
              "pass": false,
              "fail": true,
              "pending": false,
              "context": null,
              "code": "cy.intercept(\"POST\", \"**/kyc**\", {\n    statusCode: 500,\n    body: { success: false, message: \"Server error. Please try again.\" },\n}).as(\"kycError\");\ncy.get(\"input\").first().type(\"12345678901\");\ncy.get('button[type=\"submit\"]').click();\ncy.wait(\"@kycError\");\n// SOFT: error shown\ncy.softAssert(() => {\n    cy.contains(/error|failed|try again/i, { timeout: 8000 }).should(\"be.visible\");\n}, \"Error message shown on API failure\");\n// SOFT: form should still be interactive (not locked)\ncy.softAssert(() => {\n    cy.get(\"input\").first().should(\"not.be.disabled\");\n}, \"Form remains interactive after error\");\ncy.assertAll();",
              "err": {
                "message": "CypressError: Timed out retrying after 60000ms: `cy.wait()` timed out waiting `60000ms` for the 1st request to the route: `kycError`. No request ever occurred.\n\nhttps://on.cypress.io/wait",
                "estack": "CypressError: Timed out retrying after 60000ms: `cy.wait()` timed out waiting `60000ms` for the 1st request to the route: `kycError`. No request ever occurred.\n\nhttps://on.cypress.io/wait\n    at cypressErr (https://staging-nepay.vercel.app/__cypress/runner/cypress_runner.js:161339:18)\n    at Object.errByPath (https://staging-nepay.vercel.app/__cypress/runner/cypress_runner.js:161408:10)\n    at checkForXhr (https://staging-nepay.vercel.app/__cypress/runner/cypress_runner.js:146476:92)\n    at <unknown> (https://staging-nepay.vercel.app/__cypress/runner/cypress_runner.js:146499:28)\n    at tryCatcher (https://staging-nepay.vercel.app/__cypress/runner/cypress_runner.js:11327:23)\n    at Promise.attempt.Promise.try (https://staging-nepay.vercel.app/__cypress/runner/cypress_runner.js:8601:29)\n    at whenStable (https://staging-nepay.vercel.app/__cypress/runner/cypress_runner.js:153099:65)\n    at <unknown> (https://staging-nepay.vercel.app/__cypress/runner/cypress_runner.js:152508:14)\n    at tryCatcher (https://staging-nepay.vercel.app/__cypress/runner/cypress_runner.js:11327:23)\n    at Promise._settlePromiseFromHandler (https://staging-nepay.vercel.app/__cypress/runner/cypress_runner.js:9262:31)\n    at Promise._settlePromise (https://staging-nepay.vercel.app/__cypress/runner/cypress_runner.js:9319:18)\n    at Promise._settlePromise0 (https://staging-nepay.vercel.app/__cypress/runner/cypress_runner.js:9364:10)\n    at Promise._settlePromises (https://staging-nepay.vercel.app/__cypress/runner/cypress_runner.js:9444:18)\n    at Promise._fulfill (https://staging-nepay.vercel.app/__cypress/runner/cypress_runner.js:9388:18)\n    at <unknown> (https://staging-nepay.vercel.app/__cypress/runner/cypress_runner.js:11002:46)\nFrom Your Spec Code:\n    at Context.eval (webpack:///./cypress/e2e/kyc/kyc.cy.ts:109:0)",
                "diff": null
              },
              "uuid": "c958847d-7c75-4238-b784-3a49bf1c5f18",
              "parentUUID": "c6b6f9bb-40d8-4a02-ba62-9224012634e7",
              "isHook": false,
              "skipped": false
            }
          ],
          "suites": [],
          "passes": [],
          "failures": [
            "7ba5f88e-21f7-4d63-af9b-2b838e7bd942",
            "b34fe752-c7c8-48cc-b726-387dd4ea156d",
            "9806bd0a-4e84-4e6b-b3c9-449bdd2a23f4",
            "eea1b25e-6484-406e-80bc-b34b6bf9f07e",
            "b8ee2ed8-8b89-4e5e-8754-f00395afd2e8",
            "8583bdec-3819-4c51-bf1f-7d41ae561d3e",
            "ad6ebbb8-8fe4-4470-aa37-f5fdc159965f",
            "5c832314-9344-4e3c-accd-bd64c3ed918c",
            "c958847d-7c75-4238-b784-3a49bf1c5f18"
          ],
          "pending": [],
          "skipped": [],
          "duration": 391392,
          "root": false,
          "rootEmpty": false,
          "_timeout": 2000
        }
      ],
      "passes": [],
      "failures": [],
      "pending": [],
      "skipped": [],
      "duration": 0,
      "root": true,
      "rootEmpty": true,
      "_timeout": 2000
    }
  ],
  "meta": {
    "mocha": {
      "version": "7.0.1"
    },
    "mochawesome": {
      "options": {
        "quiet": false,
        "reportFilename": "mochawesome",
        "saveHtml": false,
        "saveJson": true,
        "consoleReporter": "spec",
        "useInlineDiffs": false,
        "code": true
      },
      "version": "8.1.1"
    },
    "marge": {
      "options": {
        "reportDir": "cypress/reports",
        "overwrite": false,
        "html": false,
        "json": true,
        "timestamp": "isoDateTime"
      },
      "version": "6.3.2"
    }
  }
}