{
  "stats": {
    "suites": 1,
    "tests": 13,
    "passes": 8,
    "pending": 0,
    "failures": 5,
    "start": "2026-09-24T23:36:28.641Z",
    "end": "2026-09-24T23:39:18.260Z",
    "duration": 169619,
    "testsRegistered": 13,
    "passPercent": 61.53846153846154,
    "pendingPercent": 0,
    "other": 0,
    "hasOther": false,
    "skipped": 0,
    "hasSkipped": false
  },
  "results": [
    {
      "uuid": "5f9cb5e3-066e-4b2e-a4fa-16101f591adf",
      "title": "",
      "fullFile": "cypress/e2e/middleware/route-protection.cy.ts",
      "file": "cypress/e2e/middleware/route-protection.cy.ts",
      "beforeHooks": [],
      "afterHooks": [],
      "tests": [],
      "suites": [
        {
          "uuid": "d13b262b-a9d8-4185-b8ab-1d26d9801507",
          "title": "Middleware — Route Protection",
          "fullFile": "",
          "file": "",
          "beforeHooks": [],
          "afterHooks": [],
          "tests": [
            {
              "title": "P1 | No session + protected route → redirect to /login with returnTo param",
              "fullTitle": "Middleware — Route Protection P1 | No session + protected route → redirect to /login with returnTo param",
              "timedOut": null,
              "duration": 863,
              "state": "passed",
              "speed": "fast",
              "pass": true,
              "fail": false,
              "pending": false,
              "context": null,
              "code": "cy.visit(\"/overview\");\n// HARD\ncy.url().should(\"include\", \"/login\");\ncy.url().should(\"include\", \"returnTo=%2Foverview\");",
              "err": {},
              "uuid": "3113d844-79fd-4411-9b79-f854f469242a",
              "parentUUID": "d13b262b-a9d8-4185-b8ab-1d26d9801507",
              "isHook": false,
              "skipped": false
            },
            {
              "title": "P2 | /terms accessible without session",
              "fullTitle": "Middleware — Route Protection P2 | /terms accessible without session",
              "timedOut": null,
              "duration": 612,
              "state": "passed",
              "speed": "fast",
              "pass": true,
              "fail": false,
              "pending": false,
              "context": null,
              "code": "cy.visit(\"/terms\");\n// HARD: must not redirect\ncy.url().should(\"include\", \"/terms\");\ncy.url().should(\"not.include\", \"/login\");",
              "err": {},
              "uuid": "56e2a0a9-34c6-429f-904b-fceb5a6ab333",
              "parentUUID": "d13b262b-a9d8-4185-b8ab-1d26d9801507",
              "isHook": false,
              "skipped": false
            },
            {
              "title": "P3 | /privacy accessible without session",
              "fullTitle": "Middleware — Route Protection P3 | /privacy accessible without session",
              "timedOut": null,
              "duration": 646,
              "state": "passed",
              "speed": "fast",
              "pass": true,
              "fail": false,
              "pending": false,
              "context": null,
              "code": "cy.visit(\"/privacy\");\ncy.url().should(\"include\", \"/privacy\");",
              "err": {},
              "uuid": "240eaddc-3604-4e09-84be-170912f1a829",
              "parentUUID": "d13b262b-a9d8-4185-b8ab-1d26d9801507",
              "isHook": false,
              "skipped": false
            },
            {
              "title": "P4 | /faq accessible without session",
              "fullTitle": "Middleware — Route Protection P4 | /faq accessible without session",
              "timedOut": null,
              "duration": 876,
              "state": "passed",
              "speed": "fast",
              "pass": true,
              "fail": false,
              "pending": false,
              "context": null,
              "code": "cy.visit(\"/faq\");\ncy.url().should(\"include\", \"/faq\");",
              "err": {},
              "uuid": "5c016f7b-4b99-4471-b39e-1f6cc5fd3671",
              "parentUUID": "d13b262b-a9d8-4185-b8ab-1d26d9801507",
              "isHook": false,
              "skipped": false
            },
            {
              "title": "P5 | /about accessible without session",
              "fullTitle": "Middleware — Route Protection P5 | /about accessible without session",
              "timedOut": null,
              "duration": 929,
              "state": "passed",
              "speed": "fast",
              "pass": true,
              "fail": false,
              "pending": false,
              "context": null,
              "code": "cy.visit(\"/about\");\ncy.url().should(\"include\", \"/about\");",
              "err": {},
              "uuid": "fdb29182-29fb-48be-9201-08fee1270552",
              "parentUUID": "d13b262b-a9d8-4185-b8ab-1d26d9801507",
              "isHook": false,
              "skipped": false
            },
            {
              "title": "P6 | /marketer/* accessible without nepay_refresh cookie",
              "fullTitle": "Middleware — Route Protection P6 | /marketer/* accessible without nepay_refresh cookie",
              "timedOut": null,
              "duration": 365,
              "state": "passed",
              "speed": "fast",
              "pass": true,
              "fail": false,
              "pending": false,
              "context": null,
              "code": "cy.visit(\"/marketer\", { failOnStatusCode: false });\n// HARD: must NOT redirect to /login (marketer has its own auth)\ncy.url().should(\"not.include\", \"/login\");",
              "err": {},
              "uuid": "3dd975b9-0157-4314-aa8b-e1f190942993",
              "parentUUID": "d13b262b-a9d8-4185-b8ab-1d26d9801507",
              "isHook": false,
              "skipped": false
            },
            {
              "title": "P7 | Logged-in user visits /login → bounced to /overview",
              "fullTitle": "Middleware — Route Protection P7 | Logged-in user visits /login → bounced to /overview",
              "timedOut": null,
              "duration": 10903,
              "state": "failed",
              "speed": null,
              "pass": false,
              "fail": true,
              "pending": false,
              "context": null,
              "code": "cy.login();\ncy.visit(\"/login\");\n// HARD\ncy.url({ timeout: 10000 }).should(\"include\", \"/overview\");",
              "err": {
                "message": "AssertionError: Timed out retrying after 10000ms: expected 'https://staging-nepay.vercel.app/login' to include '/overview'",
                "estack": "AssertionError: Timed out retrying after 10000ms: expected 'https://staging-nepay.vercel.app/login' to include '/overview'\n    at Context.eval (webpack:///./cypress/e2e/middleware/route-protection.cy.ts:43:33)",
                "diff": null
              },
              "uuid": "1da6bf5a-0447-4ed0-a2f9-7bd3535f6e8c",
              "parentUUID": "d13b262b-a9d8-4185-b8ab-1d26d9801507",
              "isHook": false,
              "skipped": false
            },
            {
              "title": "P8 | Logged-in user visits /register → bounced to /overview",
              "fullTitle": "Middleware — Route Protection P8 | Logged-in user visits /register → bounced to /overview",
              "timedOut": null,
              "duration": 10926,
              "state": "failed",
              "speed": null,
              "pass": false,
              "fail": true,
              "pending": false,
              "context": null,
              "code": "cy.login();\ncy.visit(\"/register\");\ncy.url({ timeout: 10000 }).should(\"include\", \"/overview\");",
              "err": {
                "message": "AssertionError: Timed out retrying after 10000ms: expected 'https://staging-nepay.vercel.app/register' to include '/overview'",
                "estack": "AssertionError: Timed out retrying after 10000ms: expected 'https://staging-nepay.vercel.app/register' to include '/overview'\n    at Context.eval (webpack:///./cypress/e2e/middleware/route-protection.cy.ts:48:33)",
                "diff": null
              },
              "uuid": "304f8af4-2f1a-4771-bbae-ed2d5a102870",
              "parentUUID": "d13b262b-a9d8-4185-b8ab-1d26d9801507",
              "isHook": false,
              "skipped": false
            },
            {
              "title": "P9 | /transfer without session → redirect to /login?returnTo=/transfer",
              "fullTitle": "Middleware — Route Protection P9 | /transfer without session → redirect to /login?returnTo=/transfer",
              "timedOut": null,
              "duration": 560,
              "state": "passed",
              "speed": "fast",
              "pass": true,
              "fail": false,
              "pending": false,
              "context": null,
              "code": "cy.visit(\"/transfer\");\ncy.url().should(\"include\", \"/login\");\ncy.url().should(\"include\", \"returnTo=%2Ftransfer\");",
              "err": {},
              "uuid": "1bd5c6dc-59f0-4792-8d05-39b39f95854b",
              "parentUUID": "d13b262b-a9d8-4185-b8ab-1d26d9801507",
              "isHook": false,
              "skipped": false
            },
            {
              "title": "N1 | returnTo=https://evil.com → rejected, fallback to /overview after login",
              "fullTitle": "Middleware — Route Protection N1 | returnTo=https://evil.com → rejected, fallback to /overview after login",
              "timedOut": null,
              "duration": 10909,
              "state": "failed",
              "speed": null,
              "pass": false,
              "fail": true,
              "pending": false,
              "context": null,
              "code": "cy.login();\ncy.visit(\"/login?returnTo=https://evil.com\");\ncy.url({ timeout: 10000 }).should(\"include\", \"/overview\");\ncy.url().should(\"not.include\", \"evil.com\");",
              "err": {
                "message": "AssertionError: Timed out retrying after 10000ms: expected 'https://staging-nepay.vercel.app/login?returnTo=https://evil.com' to include '/overview'",
                "estack": "AssertionError: Timed out retrying after 10000ms: expected 'https://staging-nepay.vercel.app/login?returnTo=https://evil.com' to include '/overview'\n    at Context.eval (webpack:///./cypress/e2e/middleware/route-protection.cy.ts:59:33)",
                "diff": null
              },
              "uuid": "bce21f1f-0c23-4c62-969e-9179ff510143",
              "parentUUID": "d13b262b-a9d8-4185-b8ab-1d26d9801507",
              "isHook": false,
              "skipped": false
            },
            {
              "title": "N2 | returnTo=//evil.com → rejected (protocol-relative)",
              "fullTitle": "Middleware — Route Protection N2 | returnTo=//evil.com → rejected (protocol-relative)",
              "timedOut": null,
              "duration": 11025,
              "state": "failed",
              "speed": null,
              "pass": false,
              "fail": true,
              "pending": false,
              "context": null,
              "code": "cy.login();\ncy.visit(\"/login?returnTo=//evil.com\");\ncy.url({ timeout: 10000 }).should(\"include\", \"/overview\");\ncy.url().should(\"not.include\", \"evil.com\");",
              "err": {
                "message": "AssertionError: Timed out retrying after 10000ms: expected 'https://staging-nepay.vercel.app/login?returnTo=//evil.com' to include '/overview'",
                "estack": "AssertionError: Timed out retrying after 10000ms: expected 'https://staging-nepay.vercel.app/login?returnTo=//evil.com' to include '/overview'\n    at Context.eval (webpack:///./cypress/e2e/middleware/route-protection.cy.ts:65:33)",
                "diff": null
              },
              "uuid": "bea90c8c-ebe2-4d4d-af10-2f9d02925ca1",
              "parentUUID": "d13b262b-a9d8-4185-b8ab-1d26d9801507",
              "isHook": false,
              "skipped": false
            },
            {
              "title": "N3 | returnTo=\\/evil.com → rejected (backslash bypass)",
              "fullTitle": "Middleware — Route Protection N3 | returnTo=\\/evil.com → rejected (backslash bypass)",
              "timedOut": null,
              "duration": 10953,
              "state": "failed",
              "speed": null,
              "pass": false,
              "fail": true,
              "pending": false,
              "context": null,
              "code": "cy.login();\ncy.visit(\"/login?returnTo=\\\\/evil.com\");\ncy.url({ timeout: 10000 }).should(\"include\", \"/overview\");\ncy.url().should(\"not.include\", \"evil.com\");",
              "err": {
                "message": "AssertionError: Timed out retrying after 10000ms: expected 'https://staging-nepay.vercel.app/login?returnTo=%5C/evil.com' to include '/overview'",
                "estack": "AssertionError: Timed out retrying after 10000ms: expected 'https://staging-nepay.vercel.app/login?returnTo=%5C/evil.com' to include '/overview'\n    at Context.eval (webpack:///./cypress/e2e/middleware/route-protection.cy.ts:71:33)",
                "diff": null
              },
              "uuid": "b07fae89-b41e-4c45-8779-16a45862b809",
              "parentUUID": "d13b262b-a9d8-4185-b8ab-1d26d9801507",
              "isHook": false,
              "skipped": false
            },
            {
              "title": "N4 | Forged nepay_refresh cookie with no real token → API calls fail gracefully",
              "fullTitle": "Middleware — Route Protection N4 | Forged nepay_refresh cookie with no real token → API calls fail gracefully",
              "timedOut": null,
              "duration": 695,
              "state": "passed",
              "speed": "fast",
              "pass": true,
              "fail": false,
              "pending": false,
              "context": null,
              "code": "// Set a cookie without a real token — simulates a forged/expired session\ncy.setCookie(\"nepay_refresh\", \"true\", { path: \"/\" });\n// Do NOT set localStorage tokens\ncy.visit(\"/overview\");\n// SOFT: page shell may load, but data should fail/show error — not crash\ncy.softAssert(() => {\n    cy.get(\"body\").should(\"be.visible\");\n}, \"Page renders without crash on forged cookie\");\ncy.assertAll();",
              "err": {},
              "uuid": "3521fa7f-f7b1-4e31-89e3-402409543319",
              "parentUUID": "d13b262b-a9d8-4185-b8ab-1d26d9801507",
              "isHook": false,
              "skipped": false
            }
          ],
          "suites": [],
          "passes": [
            "3113d844-79fd-4411-9b79-f854f469242a",
            "56e2a0a9-34c6-429f-904b-fceb5a6ab333",
            "240eaddc-3604-4e09-84be-170912f1a829",
            "5c016f7b-4b99-4471-b39e-1f6cc5fd3671",
            "fdb29182-29fb-48be-9201-08fee1270552",
            "3dd975b9-0157-4314-aa8b-e1f190942993",
            "1bd5c6dc-59f0-4792-8d05-39b39f95854b",
            "3521fa7f-f7b1-4e31-89e3-402409543319"
          ],
          "failures": [
            "1da6bf5a-0447-4ed0-a2f9-7bd3535f6e8c",
            "304f8af4-2f1a-4771-bbae-ed2d5a102870",
            "bce21f1f-0c23-4c62-969e-9179ff510143",
            "bea90c8c-ebe2-4d4d-af10-2f9d02925ca1",
            "b07fae89-b41e-4c45-8779-16a45862b809"
          ],
          "pending": [],
          "skipped": [],
          "duration": 60262,
          "root": false,
          "rootEmpty": false,
          "_timeout": 2000
        }
      ],
      "passes": [],
      "failures": [],
      "pending": [],
      "skipped": [],
      "duration": 0,
      "root": true,
      "rootEmpty": true,
      "_timeout": 2000
    }
  ],
  "meta": {
    "mocha": {
      "version": "7.0.1"
    },
    "mochawesome": {
      "options": {
        "quiet": false,
        "reportFilename": "mochawesome",
        "saveHtml": false,
        "saveJson": true,
        "consoleReporter": "spec",
        "useInlineDiffs": false,
        "code": true
      },
      "version": "8.1.1"
    },
    "marge": {
      "options": {
        "reportDir": "cypress/reports",
        "overwrite": false,
        "html": false,
        "json": true,
        "timestamp": "isoDateTime"
      },
      "version": "6.3.2"
    }
  }
}