{
  "stats": {
    "suites": 1,
    "tests": 13,
    "passes": 13,
    "pending": 0,
    "failures": 0,
    "start": "2026-09-26T16:14:39.932Z",
    "end": "2026-09-26T16:14:46.922Z",
    "duration": 6990,
    "testsRegistered": 13,
    "passPercent": 100,
    "pendingPercent": 0,
    "other": 0,
    "hasOther": false,
    "skipped": 0,
    "hasSkipped": false
  },
  "results": [
    {
      "uuid": "61b12434-ece7-469e-b0db-727359042a9a",
      "title": "",
      "fullFile": "cypress/e2e/middleware/route-protection.cy.ts",
      "file": "cypress/e2e/middleware/route-protection.cy.ts",
      "beforeHooks": [],
      "afterHooks": [],
      "tests": [],
      "suites": [
        {
          "uuid": "b54e9310-0c48-4634-8e54-22765143e903",
          "title": "Middleware — Route Protection",
          "fullFile": "",
          "file": "",
          "beforeHooks": [],
          "afterHooks": [],
          "tests": [
            {
              "title": "P1 | No session + protected route → redirect to /login with returnTo param",
              "fullTitle": "Middleware — Route Protection P1 | No session + protected route → redirect to /login with returnTo param",
              "timedOut": null,
              "duration": 727,
              "state": "passed",
              "speed": "fast",
              "pass": true,
              "fail": false,
              "pending": false,
              "context": null,
              "code": "cy.visit(\"/overview\");\n// HARD\ncy.url().should(\"include\", \"/login\");\ncy.url().should(\"include\", \"returnTo=%2Foverview\");",
              "err": {},
              "uuid": "7297228c-5981-4412-95f5-3cd77abc8acd",
              "parentUUID": "b54e9310-0c48-4634-8e54-22765143e903",
              "isHook": false,
              "skipped": false
            },
            {
              "title": "P2 | /terms accessible without session",
              "fullTitle": "Middleware — Route Protection P2 | /terms accessible without session",
              "timedOut": null,
              "duration": 537,
              "state": "passed",
              "speed": "fast",
              "pass": true,
              "fail": false,
              "pending": false,
              "context": null,
              "code": "cy.visit(\"/terms\");\n// HARD: must not redirect\ncy.url().should(\"include\", \"/terms\");\ncy.url().should(\"not.include\", \"/login\");",
              "err": {},
              "uuid": "636406a6-7224-42de-a25c-2fe4f0a7e766",
              "parentUUID": "b54e9310-0c48-4634-8e54-22765143e903",
              "isHook": false,
              "skipped": false
            },
            {
              "title": "P3 | /privacy accessible without session",
              "fullTitle": "Middleware — Route Protection P3 | /privacy accessible without session",
              "timedOut": null,
              "duration": 595,
              "state": "passed",
              "speed": "fast",
              "pass": true,
              "fail": false,
              "pending": false,
              "context": null,
              "code": "cy.visit(\"/privacy\");\ncy.url().should(\"include\", \"/privacy\");",
              "err": {},
              "uuid": "59c65ae7-99ff-4d9a-b62a-ed7784d0b415",
              "parentUUID": "b54e9310-0c48-4634-8e54-22765143e903",
              "isHook": false,
              "skipped": false
            },
            {
              "title": "P4 | /faq accessible without session",
              "fullTitle": "Middleware — Route Protection P4 | /faq accessible without session",
              "timedOut": null,
              "duration": 573,
              "state": "passed",
              "speed": "fast",
              "pass": true,
              "fail": false,
              "pending": false,
              "context": null,
              "code": "cy.visit(\"/faq\");\ncy.url().should(\"include\", \"/faq\");",
              "err": {},
              "uuid": "63ccbfb6-28ce-4789-922a-a0c5f283e742",
              "parentUUID": "b54e9310-0c48-4634-8e54-22765143e903",
              "isHook": false,
              "skipped": false
            },
            {
              "title": "P5 | /about accessible without session",
              "fullTitle": "Middleware — Route Protection P5 | /about accessible without session",
              "timedOut": null,
              "duration": 631,
              "state": "passed",
              "speed": "fast",
              "pass": true,
              "fail": false,
              "pending": false,
              "context": null,
              "code": "cy.visit(\"/about\");\ncy.url().should(\"include\", \"/about\");",
              "err": {},
              "uuid": "84cdf69a-e2ab-4d36-ac63-6e20f89e9e52",
              "parentUUID": "b54e9310-0c48-4634-8e54-22765143e903",
              "isHook": false,
              "skipped": false
            },
            {
              "title": "P6 | /marketer/* accessible without nepay_refresh cookie",
              "fullTitle": "Middleware — Route Protection P6 | /marketer/* accessible without nepay_refresh cookie",
              "timedOut": null,
              "duration": 315,
              "state": "passed",
              "speed": "fast",
              "pass": true,
              "fail": false,
              "pending": false,
              "context": null,
              "code": "cy.visit(\"/marketer\", { failOnStatusCode: false });\n// HARD: must NOT redirect to /login (marketer has its own auth)\ncy.url().should(\"not.include\", \"/login\");",
              "err": {},
              "uuid": "184d0c90-9791-46bc-9d5e-d6f4ddc2c0ef",
              "parentUUID": "b54e9310-0c48-4634-8e54-22765143e903",
              "isHook": false,
              "skipped": false
            },
            {
              "title": "P7 | Logged-in user visits /login → bounced to /overview",
              "fullTitle": "Middleware — Route Protection P7 | Logged-in user visits /login → bounced to /overview",
              "timedOut": null,
              "duration": 581,
              "state": "passed",
              "speed": "fast",
              "pass": true,
              "fail": false,
              "pending": false,
              "context": null,
              "code": "cy.login();\ncy.visit(\"/login\");\n// HARD\ncy.url({ timeout: 10000 }).should(\"include\", \"/overview\");",
              "err": {},
              "uuid": "7bd553ff-4884-4460-a57b-c5d9a2abf745",
              "parentUUID": "b54e9310-0c48-4634-8e54-22765143e903",
              "isHook": false,
              "skipped": false
            },
            {
              "title": "P8 | Logged-in user visits /register → bounced to /overview",
              "fullTitle": "Middleware — Route Protection P8 | Logged-in user visits /register → bounced to /overview",
              "timedOut": null,
              "duration": 490,
              "state": "passed",
              "speed": "fast",
              "pass": true,
              "fail": false,
              "pending": false,
              "context": null,
              "code": "cy.login();\ncy.visit(\"/register\");\ncy.url({ timeout: 10000 }).should(\"include\", \"/overview\");",
              "err": {},
              "uuid": "4af9f998-2119-4d2f-a428-52e89abd733b",
              "parentUUID": "b54e9310-0c48-4634-8e54-22765143e903",
              "isHook": false,
              "skipped": false
            },
            {
              "title": "P9 | /transfer without session → redirect to /login?returnTo=/transfer",
              "fullTitle": "Middleware — Route Protection P9 | /transfer without session → redirect to /login?returnTo=/transfer",
              "timedOut": null,
              "duration": 403,
              "state": "passed",
              "speed": "fast",
              "pass": true,
              "fail": false,
              "pending": false,
              "context": null,
              "code": "cy.visit(\"/transfer\");\ncy.url().should(\"include\", \"/login\");\ncy.url().should(\"include\", \"returnTo=%2Ftransfer\");",
              "err": {},
              "uuid": "a22ae876-7d11-4f6b-9146-55e0bfe88de5",
              "parentUUID": "b54e9310-0c48-4634-8e54-22765143e903",
              "isHook": false,
              "skipped": false
            },
            {
              "title": "N1 | returnTo=https://evil.com → rejected, fallback to /overview after login",
              "fullTitle": "Middleware — Route Protection N1 | returnTo=https://evil.com → rejected, fallback to /overview after login",
              "timedOut": null,
              "duration": 501,
              "state": "passed",
              "speed": "fast",
              "pass": true,
              "fail": false,
              "pending": false,
              "context": null,
              "code": "cy.login();\ncy.visit(\"/login?returnTo=https://evil.com\");\ncy.url({ timeout: 10000 }).should(\"include\", \"/overview\");\ncy.url().should(\"not.include\", \"evil.com\");",
              "err": {},
              "uuid": "773d9436-f1ca-4bd2-9959-030bb03a2dac",
              "parentUUID": "b54e9310-0c48-4634-8e54-22765143e903",
              "isHook": false,
              "skipped": false
            },
            {
              "title": "N2 | returnTo=//evil.com → rejected (protocol-relative)",
              "fullTitle": "Middleware — Route Protection N2 | returnTo=//evil.com → rejected (protocol-relative)",
              "timedOut": null,
              "duration": 500,
              "state": "passed",
              "speed": "fast",
              "pass": true,
              "fail": false,
              "pending": false,
              "context": null,
              "code": "cy.login();\ncy.visit(\"/login?returnTo=//evil.com\");\ncy.url({ timeout: 10000 }).should(\"include\", \"/overview\");\ncy.url().should(\"not.include\", \"evil.com\");",
              "err": {},
              "uuid": "9315acb0-3f76-4529-acbc-efa93241e2c1",
              "parentUUID": "b54e9310-0c48-4634-8e54-22765143e903",
              "isHook": false,
              "skipped": false
            },
            {
              "title": "N3 | returnTo=\\/evil.com → rejected (backslash bypass)",
              "fullTitle": "Middleware — Route Protection N3 | returnTo=\\/evil.com → rejected (backslash bypass)",
              "timedOut": null,
              "duration": 550,
              "state": "passed",
              "speed": "fast",
              "pass": true,
              "fail": false,
              "pending": false,
              "context": null,
              "code": "cy.login();\ncy.visit(\"/login?returnTo=\\\\/evil.com\");\ncy.url({ timeout: 10000 }).should(\"include\", \"/overview\");\ncy.url().should(\"not.include\", \"evil.com\");",
              "err": {},
              "uuid": "962f8e18-4f30-42ee-88e5-6a5aeede2ab7",
              "parentUUID": "b54e9310-0c48-4634-8e54-22765143e903",
              "isHook": false,
              "skipped": false
            },
            {
              "title": "N4 | Forged nepay_refresh cookie with no real token → API calls fail gracefully",
              "fullTitle": "Middleware — Route Protection N4 | Forged nepay_refresh cookie with no real token → API calls fail gracefully",
              "timedOut": null,
              "duration": 349,
              "state": "passed",
              "speed": "fast",
              "pass": true,
              "fail": false,
              "pending": false,
              "context": null,
              "code": "// Set a cookie without a real token — simulates a forged/expired session\ncy.setCookie(\"nepay_refresh\", \"true\", { path: \"/\" });\n// Do NOT set localStorage tokens\ncy.visit(\"/overview\");\n// SOFT: page shell may load, but data should fail/show error — not crash\ncy.softAssert(() => {\n    cy.get(\"body\").should(\"be.visible\");\n}, \"Page renders without crash on forged cookie\");\ncy.assertAll();",
              "err": {},
              "uuid": "41f6f48f-d349-4f58-b083-04d85e1a323e",
              "parentUUID": "b54e9310-0c48-4634-8e54-22765143e903",
              "isHook": false,
              "skipped": false
            }
          ],
          "suites": [],
          "passes": [
            "7297228c-5981-4412-95f5-3cd77abc8acd",
            "636406a6-7224-42de-a25c-2fe4f0a7e766",
            "59c65ae7-99ff-4d9a-b62a-ed7784d0b415",
            "63ccbfb6-28ce-4789-922a-a0c5f283e742",
            "84cdf69a-e2ab-4d36-ac63-6e20f89e9e52",
            "184d0c90-9791-46bc-9d5e-d6f4ddc2c0ef",
            "7bd553ff-4884-4460-a57b-c5d9a2abf745",
            "4af9f998-2119-4d2f-a428-52e89abd733b",
            "a22ae876-7d11-4f6b-9146-55e0bfe88de5",
            "773d9436-f1ca-4bd2-9959-030bb03a2dac",
            "9315acb0-3f76-4529-acbc-efa93241e2c1",
            "962f8e18-4f30-42ee-88e5-6a5aeede2ab7",
            "41f6f48f-d349-4f58-b083-04d85e1a323e"
          ],
          "failures": [],
          "pending": [],
          "skipped": [],
          "duration": 6752,
          "root": false,
          "rootEmpty": false,
          "_timeout": 2000
        }
      ],
      "passes": [],
      "failures": [],
      "pending": [],
      "skipped": [],
      "duration": 0,
      "root": true,
      "rootEmpty": true,
      "_timeout": 2000
    }
  ],
  "meta": {
    "mocha": {
      "version": "7.0.1"
    },
    "mochawesome": {
      "options": {
        "quiet": false,
        "reportFilename": "mochawesome",
        "saveHtml": false,
        "saveJson": true,
        "consoleReporter": "spec",
        "useInlineDiffs": false,
        "code": true
      },
      "version": "8.1.1"
    },
    "marge": {
      "options": {
        "reportDir": "cypress/reports",
        "overwrite": false,
        "html": false,
        "json": true,
        "timestamp": "isoDateTime"
      },
      "version": "6.3.2"
    }
  }
}