{
  "stats": {
    "suites": 1,
    "tests": 6,
    "passes": 0,
    "pending": 0,
    "failures": 6,
    "start": "2026-09-26T10:56:55.612Z",
    "end": "2026-09-26T10:57:09.704Z",
    "duration": 14092,
    "testsRegistered": 6,
    "passPercent": 0,
    "pendingPercent": 0,
    "other": 0,
    "hasOther": false,
    "skipped": 0,
    "hasSkipped": false
  },
  "results": [
    {
      "uuid": "4bcbbdc0-b663-422d-92f7-1589b2b2addc",
      "title": "",
      "fullFile": "cypress/e2e/auth/logout.cy.ts",
      "file": "cypress/e2e/auth/logout.cy.ts",
      "beforeHooks": [],
      "afterHooks": [],
      "tests": [],
      "suites": [
        {
          "uuid": "bfba5e66-0d50-4476-aaf6-75a8e4b0f7d2",
          "title": "Auth — Logout",
          "fullFile": "",
          "file": "",
          "beforeHooks": [],
          "afterHooks": [],
          "tests": [
            {
              "title": "P1 | Logout clears nepay_refresh cookie",
              "fullTitle": "Auth — Logout P1 | Logout clears nepay_refresh cookie",
              "timedOut": null,
              "duration": 835,
              "state": "failed",
              "speed": null,
              "pass": false,
              "fail": true,
              "pending": false,
              "context": null,
              "code": "clickLogout();\n// HARD: cookie must be gone\ncy.getCookie(\"nepay_refresh\", { timeout: 8000 }).should(\"not.exist\");",
              "err": {
                "message": "CypressError: `cy.click()` can only be called on a single element. Your subject contained 2 elements. Pass `{ multiple: true }` if you want to serially click each element.\n\nhttps://on.cypress.io/click",
                "estack": "CypressError: `cy.click()` can only be called on a single element. Your subject contained 2 elements. Pass `{ multiple: true }` if you want to serially click each element.\n\nhttps://on.cypress.io/click\n    at mouseAction (https://staging-nepay.vercel.app/__cypress/runner/cypress_runner.js:135434:76)\n    at Context.click (https://staging-nepay.vercel.app/__cypress/runner/cypress_runner.js:135612:14)\n    at wrapped (https://staging-nepay.vercel.app/__cypress/runner/cypress_runner.js:157859:19)\nFrom Your Spec Code:\n    at clickLogout (webpack:///./cypress/e2e/auth/logout.cy.ts:5:56)\n    at Context.eval (webpack:///./cypress/e2e/auth/logout.cy.ts:15:0)",
                "diff": null
              },
              "uuid": "cd309367-aaae-4ffa-9225-e5f26eb8bc43",
              "parentUUID": "bfba5e66-0d50-4476-aaf6-75a8e4b0f7d2",
              "isHook": false,
              "skipped": false
            },
            {
              "title": "P2 | Logout redirects to /login",
              "fullTitle": "Auth — Logout P2 | Logout redirects to /login",
              "timedOut": null,
              "duration": 694,
              "state": "failed",
              "speed": null,
              "pass": false,
              "fail": true,
              "pending": false,
              "context": null,
              "code": "clickLogout();\n// HARD\ncy.url({ timeout: 8000 }).should(\"include\", \"/login\");",
              "err": {
                "message": "CypressError: `cy.click()` can only be called on a single element. Your subject contained 2 elements. Pass `{ multiple: true }` if you want to serially click each element.\n\nhttps://on.cypress.io/click",
                "estack": "CypressError: `cy.click()` can only be called on a single element. Your subject contained 2 elements. Pass `{ multiple: true }` if you want to serially click each element.\n\nhttps://on.cypress.io/click\n    at mouseAction (https://staging-nepay.vercel.app/__cypress/runner/cypress_runner.js:135434:76)\n    at Context.click (https://staging-nepay.vercel.app/__cypress/runner/cypress_runner.js:135612:14)\n    at wrapped (https://staging-nepay.vercel.app/__cypress/runner/cypress_runner.js:157859:19)\nFrom Your Spec Code:\n    at clickLogout (webpack:///./cypress/e2e/auth/logout.cy.ts:5:56)\n    at Context.eval (webpack:///./cypress/e2e/auth/logout.cy.ts:20:0)",
                "diff": null
              },
              "uuid": "255d84b5-1af7-4212-8245-0f037738829b",
              "parentUUID": "bfba5e66-0d50-4476-aaf6-75a8e4b0f7d2",
              "isHook": false,
              "skipped": false
            },
            {
              "title": "P3 | Signed out toast is shown",
              "fullTitle": "Auth — Logout P3 | Signed out toast is shown",
              "timedOut": null,
              "duration": 741,
              "state": "failed",
              "speed": null,
              "pass": false,
              "fail": true,
              "pending": false,
              "context": null,
              "code": "clickLogout();\n// SOFT: toast is cosmetic\ncy.softAssert(() => {\n    cy.contains(/signed out|logged out/i, { timeout: 5000 }).should(\"be.visible\");\n}, \"Signed out toast\");\ncy.assertAll();",
              "err": {
                "message": "CypressError: `cy.click()` can only be called on a single element. Your subject contained 2 elements. Pass `{ multiple: true }` if you want to serially click each element.\n\nhttps://on.cypress.io/click",
                "estack": "CypressError: `cy.click()` can only be called on a single element. Your subject contained 2 elements. Pass `{ multiple: true }` if you want to serially click each element.\n\nhttps://on.cypress.io/click\n    at mouseAction (https://staging-nepay.vercel.app/__cypress/runner/cypress_runner.js:135434:76)\n    at Context.click (https://staging-nepay.vercel.app/__cypress/runner/cypress_runner.js:135612:14)\n    at wrapped (https://staging-nepay.vercel.app/__cypress/runner/cypress_runner.js:157859:19)\nFrom Your Spec Code:\n    at clickLogout (webpack:///./cypress/e2e/auth/logout.cy.ts:5:56)\n    at Context.eval (webpack:///./cypress/e2e/auth/logout.cy.ts:25:0)",
                "diff": null
              },
              "uuid": "627b2c12-7acf-4321-a207-0bbab237d38f",
              "parentUUID": "bfba5e66-0d50-4476-aaf6-75a8e4b0f7d2",
              "isHook": false,
              "skipped": false
            },
            {
              "title": "P4 | localStorage is cleared after logout",
              "fullTitle": "Auth — Logout P4 | localStorage is cleared after logout",
              "timedOut": null,
              "duration": 917,
              "state": "failed",
              "speed": null,
              "pass": false,
              "fail": true,
              "pending": false,
              "context": null,
              "code": "clickLogout();\ncy.url({ timeout: 8000 }).should(\"include\", \"/login\");\n// HARD: tokens must be gone from localStorage\ncy.window().then((win) => {\n    expect(win.localStorage.getItem(\"nepay-auth\")).to.be.null;\n});",
              "err": {
                "message": "CypressError: `cy.click()` can only be called on a single element. Your subject contained 2 elements. Pass `{ multiple: true }` if you want to serially click each element.\n\nhttps://on.cypress.io/click",
                "estack": "CypressError: `cy.click()` can only be called on a single element. Your subject contained 2 elements. Pass `{ multiple: true }` if you want to serially click each element.\n\nhttps://on.cypress.io/click\n    at mouseAction (https://staging-nepay.vercel.app/__cypress/runner/cypress_runner.js:135434:76)\n    at Context.click (https://staging-nepay.vercel.app/__cypress/runner/cypress_runner.js:135612:14)\n    at wrapped (https://staging-nepay.vercel.app/__cypress/runner/cypress_runner.js:157859:19)\nFrom Your Spec Code:\n    at clickLogout (webpack:///./cypress/e2e/auth/logout.cy.ts:5:56)\n    at Context.eval (webpack:///./cypress/e2e/auth/logout.cy.ts:33:0)",
                "diff": null
              },
              "uuid": "f9ef5a28-5e5b-42e7-b162-30188b3f4e21",
              "parentUUID": "bfba5e66-0d50-4476-aaf6-75a8e4b0f7d2",
              "isHook": false,
              "skipped": false
            },
            {
              "title": "N1 | After logout, browser back to protected route → redirected to /login",
              "fullTitle": "Auth — Logout N1 | After logout, browser back to protected route → redirected to /login",
              "timedOut": null,
              "duration": 791,
              "state": "failed",
              "speed": null,
              "pass": false,
              "fail": true,
              "pending": false,
              "context": null,
              "code": "clickLogout();\ncy.url({ timeout: 8000 }).should(\"include\", \"/login\");\ncy.go(\"back\");\n// HARD: middleware must gate the route\ncy.url({ timeout: 8000 }).should(\"include\", \"/login\");",
              "err": {
                "message": "CypressError: `cy.click()` can only be called on a single element. Your subject contained 2 elements. Pass `{ multiple: true }` if you want to serially click each element.\n\nhttps://on.cypress.io/click",
                "estack": "CypressError: `cy.click()` can only be called on a single element. Your subject contained 2 elements. Pass `{ multiple: true }` if you want to serially click each element.\n\nhttps://on.cypress.io/click\n    at mouseAction (https://staging-nepay.vercel.app/__cypress/runner/cypress_runner.js:135434:76)\n    at Context.click (https://staging-nepay.vercel.app/__cypress/runner/cypress_runner.js:135612:14)\n    at wrapped (https://staging-nepay.vercel.app/__cypress/runner/cypress_runner.js:157859:19)\nFrom Your Spec Code:\n    at clickLogout (webpack:///./cypress/e2e/auth/logout.cy.ts:5:56)\n    at Context.eval (webpack:///./cypress/e2e/auth/logout.cy.ts:41:0)",
                "diff": null
              },
              "uuid": "f25a10e9-4f3e-4e29-b137-e0bcc8e19b32",
              "parentUUID": "bfba5e66-0d50-4476-aaf6-75a8e4b0f7d2",
              "isHook": false,
              "skipped": false
            },
            {
              "title": "N2 | Logout when API fails → still clears state and redirects",
              "fullTitle": "Auth — Logout N2 | Logout when API fails → still clears state and redirects",
              "timedOut": null,
              "duration": 829,
              "state": "failed",
              "speed": null,
              "pass": false,
              "fail": true,
              "pending": false,
              "context": null,
              "code": "cy.intercept(\"POST\", \"**/auth/logout\", { forceNetworkError: true }).as(\"logoutFail\");\nclickLogout();\n// HARD: even on API failure, user must be logged out locally\ncy.url({ timeout: 8000 }).should(\"include\", \"/login\");\ncy.getCookie(\"nepay_refresh\").should(\"not.exist\");",
              "err": {
                "message": "CypressError: `cy.click()` can only be called on a single element. Your subject contained 2 elements. Pass `{ multiple: true }` if you want to serially click each element.\n\nhttps://on.cypress.io/click",
                "estack": "CypressError: `cy.click()` can only be called on a single element. Your subject contained 2 elements. Pass `{ multiple: true }` if you want to serially click each element.\n\nhttps://on.cypress.io/click\n    at mouseAction (https://staging-nepay.vercel.app/__cypress/runner/cypress_runner.js:135434:76)\n    at Context.click (https://staging-nepay.vercel.app/__cypress/runner/cypress_runner.js:135612:14)\n    at wrapped (https://staging-nepay.vercel.app/__cypress/runner/cypress_runner.js:157859:19)\nFrom Your Spec Code:\n    at clickLogout (webpack:///./cypress/e2e/auth/logout.cy.ts:5:56)\n    at Context.eval (webpack:///./cypress/e2e/auth/logout.cy.ts:49:0)",
                "diff": null
              },
              "uuid": "e39764df-f2cd-434d-835f-4e200d1f5ef2",
              "parentUUID": "bfba5e66-0d50-4476-aaf6-75a8e4b0f7d2",
              "isHook": false,
              "skipped": false
            }
          ],
          "suites": [],
          "passes": [],
          "failures": [
            "cd309367-aaae-4ffa-9225-e5f26eb8bc43",
            "255d84b5-1af7-4212-8245-0f037738829b",
            "627b2c12-7acf-4321-a207-0bbab237d38f",
            "f9ef5a28-5e5b-42e7-b162-30188b3f4e21",
            "f25a10e9-4f3e-4e29-b137-e0bcc8e19b32",
            "e39764df-f2cd-434d-835f-4e200d1f5ef2"
          ],
          "pending": [],
          "skipped": [],
          "duration": 4807,
          "root": false,
          "rootEmpty": false,
          "_timeout": 2000
        }
      ],
      "passes": [],
      "failures": [],
      "pending": [],
      "skipped": [],
      "duration": 0,
      "root": true,
      "rootEmpty": true,
      "_timeout": 2000
    }
  ],
  "meta": {
    "mocha": {
      "version": "7.0.1"
    },
    "mochawesome": {
      "options": {
        "quiet": false,
        "reportFilename": "mochawesome",
        "saveHtml": false,
        "saveJson": true,
        "consoleReporter": "spec",
        "useInlineDiffs": false,
        "code": true
      },
      "version": "8.1.1"
    },
    "marge": {
      "options": {
        "reportDir": "cypress/reports",
        "overwrite": false,
        "html": false,
        "json": true,
        "timestamp": "isoDateTime"
      },
      "version": "6.3.2"
    }
  }
}