{
  "stats": {
    "suites": 1,
    "tests": 11,
    "passes": 7,
    "pending": 0,
    "failures": 4,
    "start": "2026-09-25T11:21:09.902Z",
    "end": "2026-09-25T11:27:48.294Z",
    "duration": 398392,
    "testsRegistered": 11,
    "passPercent": 63.63636363636363,
    "pendingPercent": 0,
    "other": 0,
    "hasOther": false,
    "skipped": 0,
    "hasSkipped": false
  },
  "results": [
    {
      "uuid": "849cab60-adc8-4ed0-8d4a-dfe33eda0a4b",
      "title": "",
      "fullFile": "cypress/e2e/auth/register.cy.ts",
      "file": "cypress/e2e/auth/register.cy.ts",
      "beforeHooks": [],
      "afterHooks": [],
      "tests": [],
      "suites": [
        {
          "uuid": "ef7cdd81-a6c8-4b9e-af47-b51bb75fe3c3",
          "title": "Auth — Register",
          "fullFile": "",
          "file": "",
          "beforeHooks": [],
          "afterHooks": [],
          "tests": [
            {
              "title": "P1 | Step 1: Fill name + phone → Step 2 renders",
              "fullTitle": "Auth — Register P1 | Step 1: Fill name + phone → Step 2 renders",
              "timedOut": null,
              "duration": 1872,
              "state": "passed",
              "speed": "fast",
              "pass": true,
              "fail": false,
              "pending": false,
              "context": null,
              "code": "cy.contains(\"Next\").click(); // try to proceed with empty fields first\n// HARD: Step 1 validation blocks\ncy.contains(/first name|required/i).should(\"be.visible\");\n// Now fill valid data\ncy.get('input[name=\"firstName\"]').type(\"Test\");\ncy.get('input[name=\"lastName\"]').type(\"User\");\ncy.get('input[name=\"phone\"]').type(\"08012345678\");\ncy.contains(\"Next\").click();\n// HARD: must advance to Step 2\ncy.contains(/email|username|password/i, { timeout: 5000 }).should(\"be.visible\");",
              "err": {},
              "uuid": "6286c7ac-be60-40cd-b76d-fe75a5f0e7e2",
              "parentUUID": "ef7cdd81-a6c8-4b9e-af47-b51bb75fe3c3",
              "isHook": false,
              "skipped": false
            },
            {
              "title": "P2 | hearAboutUs = OTHER → 'Please specify' field appears",
              "fullTitle": "Auth — Register P2 | hearAboutUs = OTHER → 'Please specify' field appears",
              "timedOut": null,
              "duration": 31854,
              "state": "failed",
              "speed": null,
              "pass": false,
              "fail": true,
              "pending": false,
              "context": null,
              "code": "// Navigate to Step 2\ncy.get('input[name=\"firstName\"]').type(\"Test\");\ncy.get('input[name=\"lastName\"]').type(\"User\");\ncy.get('input[name=\"phone\"]').type(\"08012345678\");\ncy.contains(\"Next\").click();\n// Select \"Other\" in the picker\ncy.contains(/how did you hear/i).should(\"be.visible\");\ncy.contains(\"Select an option\").click();\ncy.contains(\"Other\").click();\n// HARD: 'Please specify' field must appear\ncy.contains(/please specify/i, { timeout: 3000 }).should(\"be.visible\");\ncy.get('input[name=\"hearAboutUsOther\"]').should(\"be.visible\");",
              "err": {
                "message": "CypressError: Timed out retrying after 30050ms: `cy.click()` failed because this element:\n\n          `<option value=\"OTHER\">Other (...</option>`\n\n          has CSS `pointer-events: none`, inherited from this element:\n\n`<body class=\"__variable_a76894 font-sans text-ink bg-bg antialiased selection:bg-violet-200 selection:text-violet-900 min-h-screen flex flex-col overflow-x-hidden\" data-scroll-locked=\"1\" style=\"pointer-events: none;\">...</body>`\n\n          `pointer-events: none` prevents user mouse interaction.\n\n          Fix this problem, or use {force: true} to disable error checking.\n\nhttps://on.cypress.io/element-cannot-be-interacted-with",
                "estack": "CypressError: Timed out retrying after 30050ms: `cy.click()` failed because this element:\n\n          `<option value=\"OTHER\">Other (...</option>`\n\n          has CSS `pointer-events: none`, inherited from this element:\n\n`<body class=\"__variable_a76894 font-sans text-ink bg-bg antialiased selection:bg-violet-200 selection:text-violet-900 min-h-screen flex flex-col overflow-x-hidden\" data-scroll-locked=\"1\" style=\"pointer-events: none;\">...</body>`\n\n          `pointer-events: none` prevents user mouse interaction.\n\n          Fix this problem, or use {force: true} to disable error checking.\n\nhttps://on.cypress.io/element-cannot-be-interacted-with\n    at $Cy.ensureElDoesNotHaveCSS (https://staging-nepay.vercel.app/__cypress/runner/cypress_runner.js:147981:76)\n    at ensureDescendents (https://staging-nepay.vercel.app/__cypress/runner/cypress_runner.js:133246:8)\n    at ensureDescendentsAndScroll (https://staging-nepay.vercel.app/__cypress/runner/cypress_runner.js:133255:14)\n    at ensureElIsNotCovered (https://staging-nepay.vercel.app/__cypress/runner/cypress_runner.js:133387:5)\n    at runAllChecks (https://staging-nepay.vercel.app/__cypress/runner/cypress_runner.js:133577:52)\n    at retryActionability (https://staging-nepay.vercel.app/__cypress/runner/cypress_runner.js:133601:16)\n    at tryCatcher (https://staging-nepay.vercel.app/__cypress/runner/cypress_runner.js:11327:23)\n    at Promise.attempt.Promise.try (https://staging-nepay.vercel.app/__cypress/runner/cypress_runner.js:8601:29)\n    at whenStable (https://staging-nepay.vercel.app/__cypress/runner/cypress_runner.js:153099:65)\n    at <unknown> (https://staging-nepay.vercel.app/__cypress/runner/cypress_runner.js:152508:14)\n    at tryCatcher (https://staging-nepay.vercel.app/__cypress/runner/cypress_runner.js:11327:23)\n    at Promise._settlePromiseFromHandler (https://staging-nepay.vercel.app/__cypress/runner/cypress_runner.js:9262:31)\n    at Promise._settlePromise (https://staging-nepay.vercel.app/__cypress/runner/cypress_runner.js:9319:18)\n    at Promise._settlePromise0 (https://staging-nepay.vercel.app/__cypress/runner/cypress_runner.js:9364:10)\n    at Promise._settlePromises (https://staging-nepay.vercel.app/__cypress/runner/cypress_runner.js:9444:18)\n    at Promise._fulfill (https://staging-nepay.vercel.app/__cypress/runner/cypress_runner.js:9388:18)\n    at <unknown> (https://staging-nepay.vercel.app/__cypress/runner/cypress_runner.js:11002:46)\nFrom Your Spec Code:\n    at Context.eval (webpack:///./cypress/e2e/auth/register.cy.ts:31:0)",
                "diff": null
              },
              "uuid": "62441fbb-aa08-4dcc-835d-f76dbf308c9f",
              "parentUUID": "ef7cdd81-a6c8-4b9e-af47-b51bb75fe3c3",
              "isHook": false,
              "skipped": false
            },
            {
              "title": "P3 | Show/hide password toggle works",
              "fullTitle": "Auth — Register P3 | Show/hide password toggle works",
              "timedOut": null,
              "duration": 31608,
              "state": "failed",
              "speed": null,
              "pass": false,
              "fail": true,
              "pending": false,
              "context": null,
              "code": "cy.get('input[name=\"firstName\"]').type(\"Test\");\ncy.get('input[name=\"lastName\"]').type(\"User\");\ncy.get('input[name=\"phone\"]').type(\"08012345678\");\ncy.contains(\"Next\").click();\ncy.get('input[name=\"password\"]').should(\"have.attr\", \"type\", \"password\");\n// SOFT: toggle exists and switches type\ncy.softAssert(() => {\n    cy.get('[data-testid=\"toggle-password\"]').click();\n    cy.get('input[name=\"password\"]').should(\"have.attr\", \"type\", \"text\");\n}, \"Password show/hide toggle\");\ncy.assertAll();",
              "err": {
                "message": "AssertionError: Timed out retrying after 30000ms: Expected to find element: `[data-testid=\"toggle-password\"]`, but never found it.",
                "estack": "AssertionError: Timed out retrying after 30000ms: Expected to find element: `[data-testid=\"toggle-password\"]`, but never found it.\n    at eval (webpack:///./cypress/e2e/auth/register.cy.ts:44:0)\n    at Context.eval (webpack:///./cypress/support/commands.ts:60:0)",
                "diff": null
              },
              "uuid": "2c6a7bde-8265-4129-95b7-23caa2602ef1",
              "parentUUID": "ef7cdd81-a6c8-4b9e-af47-b51bb75fe3c3",
              "isHook": false,
              "skipped": false
            },
            {
              "title": "P4 | Password strength meter updates as user types",
              "fullTitle": "Auth — Register P4 | Password strength meter updates as user types",
              "timedOut": null,
              "duration": 31872,
              "state": "failed",
              "speed": null,
              "pass": false,
              "fail": true,
              "pending": false,
              "context": null,
              "code": "cy.get('input[name=\"firstName\"]').type(\"Test\");\ncy.get('input[name=\"lastName\"]').type(\"User\");\ncy.get('input[name=\"phone\"]').type(\"08012345678\");\ncy.contains(\"Next\").click();\ncy.get('input[name=\"password\"]').type(\"weak\");\n// SOFT: strength meter should change\ncy.softAssert(() => {\n    cy.get('[data-testid=\"password-strength\"]').should(\"be.visible\");\n}, \"Password strength meter visible\");\ncy.get('input[name=\"password\"]').clear().type(\"StrongPass123!\");\ncy.softAssert(() => {\n    cy.get('[data-testid=\"password-strength\"]').should(\"be.visible\");\n}, \"Password strength meter updates\");\ncy.assertAll();",
              "err": {
                "message": "AssertionError: Timed out retrying after 30000ms: Expected to find element: `[data-testid=\"password-strength\"]`, but never found it.",
                "estack": "AssertionError: Timed out retrying after 30000ms: Expected to find element: `[data-testid=\"password-strength\"]`, but never found it.\n    at eval (webpack:///./cypress/e2e/auth/register.cy.ts:57:0)\n    at Context.eval (webpack:///./cypress/support/commands.ts:60:0)",
                "diff": null
              },
              "uuid": "2d600a05-3384-41cf-ad4f-6c39fb07ebe5",
              "parentUUID": "ef7cdd81-a6c8-4b9e-af47-b51bb75fe3c3",
              "isHook": false,
              "skipped": false
            },
            {
              "title": "N1 | Password < 6 chars → validation error",
              "fullTitle": "Auth — Register N1 | Password < 6 chars → validation error",
              "timedOut": null,
              "duration": 2486,
              "state": "passed",
              "speed": "fast",
              "pass": true,
              "fail": false,
              "pending": false,
              "context": null,
              "code": "cy.get('input[name=\"firstName\"]').type(\"Test\");\ncy.get('input[name=\"lastName\"]').type(\"User\");\ncy.get('input[name=\"phone\"]').type(\"08012345678\");\ncy.contains(\"Next\").click();\ncy.get('input[name=\"username\"]').type(\"testuser123\");\ncy.get('input[name=\"email\"]').type(\"test@example.com\");\ncy.get('input[name=\"password\"]').type(\"abc\");\ncy.get('input[name=\"confirmPassword\"]').type(\"abc\");\ncy.contains(\"Create Account\").click();\n// HARD\ncy.contains(/at least 6 characters/i).should(\"be.visible\");",
              "err": {},
              "uuid": "92eef4a1-3c6b-4107-a196-db3baec80efe",
              "parentUUID": "ef7cdd81-a6c8-4b9e-af47-b51bb75fe3c3",
              "isHook": false,
              "skipped": false
            },
            {
              "title": "N2 | Passwords do not match → confirm password error",
              "fullTitle": "Auth — Register N2 | Passwords do not match → confirm password error",
              "timedOut": null,
              "duration": 1933,
              "state": "passed",
              "speed": "fast",
              "pass": true,
              "fail": false,
              "pending": false,
              "context": null,
              "code": "cy.get('input[name=\"firstName\"]').type(\"Test\");\ncy.get('input[name=\"lastName\"]').type(\"User\");\ncy.get('input[name=\"phone\"]').type(\"08012345678\");\ncy.contains(\"Next\").click();\ncy.get('input[name=\"password\"]').type(\"ValidPass1\");\ncy.get('input[name=\"confirmPassword\"]').type(\"DifferentPass1\");\ncy.contains(\"Create Account\").click();\n// HARD\ncy.contains(/passwords do not match/i).should(\"be.visible\");",
              "err": {},
              "uuid": "85964d11-c53d-4bdf-8ba4-03c2692effb4",
              "parentUUID": "ef7cdd81-a6c8-4b9e-af47-b51bb75fe3c3",
              "isHook": false,
              "skipped": false
            },
            {
              "title": "N3 | Username with spaces → validation error",
              "fullTitle": "Auth — Register N3 | Username with spaces → validation error",
              "timedOut": null,
              "duration": 1676,
              "state": "passed",
              "speed": "fast",
              "pass": true,
              "fail": false,
              "pending": false,
              "context": null,
              "code": "cy.get('input[name=\"firstName\"]').type(\"Test\");\ncy.get('input[name=\"lastName\"]').type(\"User\");\ncy.get('input[name=\"phone\"]').type(\"08012345678\");\ncy.contains(\"Next\").click();\ncy.get('input[name=\"username\"]').type(\"invalid username\");\ncy.contains(\"Create Account\").click();\n// HARD\ncy.contains(/letters, numbers and underscores/i).should(\"be.visible\");",
              "err": {},
              "uuid": "0cff371e-77e6-412e-9f67-869e5c3a0964",
              "parentUUID": "ef7cdd81-a6c8-4b9e-af47-b51bb75fe3c3",
              "isHook": false,
              "skipped": false
            },
            {
              "title": "N4 | Invalid Nigerian phone format → validation error",
              "fullTitle": "Auth — Register N4 | Invalid Nigerian phone format → validation error",
              "timedOut": null,
              "duration": 1227,
              "state": "passed",
              "speed": "fast",
              "pass": true,
              "fail": false,
              "pending": false,
              "context": null,
              "code": "cy.get('input[name=\"firstName\"]').type(\"Test\");\ncy.get('input[name=\"lastName\"]').type(\"User\");\ncy.get('input[name=\"phone\"]').type(\"12345\");\ncy.contains(\"Next\").click();\n// HARD: must not advance\ncy.contains(/valid Nigerian phone/i).should(\"be.visible\");",
              "err": {},
              "uuid": "3a01973c-4a2c-4503-8b52-43bed331ea70",
              "parentUUID": "ef7cdd81-a6c8-4b9e-af47-b51bb75fe3c3",
              "isHook": false,
              "skipped": false
            },
            {
              "title": "N5 | hearAboutUs = OTHER + empty 'Please specify' → error on submit",
              "fullTitle": "Auth — Register N5 | hearAboutUs = OTHER + empty 'Please specify' → error on submit",
              "timedOut": null,
              "duration": 33403,
              "state": "failed",
              "speed": null,
              "pass": false,
              "fail": true,
              "pending": false,
              "context": null,
              "code": "cy.get('input[name=\"firstName\"]').type(\"Test\");\ncy.get('input[name=\"lastName\"]').type(\"User\");\ncy.get('input[name=\"phone\"]').type(\"08012345678\");\ncy.contains(\"Next\").click();\ncy.get('input[name=\"username\"]').type(\"testuser9999\");\ncy.get('input[name=\"email\"]').type(\"testuser9999@example.com\");\ncy.get('input[name=\"password\"]').type(\"ValidPass1\");\ncy.get('input[name=\"confirmPassword\"]').type(\"ValidPass1\");\ncy.contains(\"Select an option\").click();\ncy.contains(\"Other\").click();\n// Leave hearAboutUsOther empty\ncy.contains(\"Create Account\").click();\n// HARD\ncy.contains(/please specify/i).should(\"be.visible\");",
              "err": {
                "message": "CypressError: Timed out retrying after 30050ms: `cy.click()` failed because this element:\n\n          `<option value=\"OTHER\">Other (...</option>`\n\n          has CSS `pointer-events: none`, inherited from this element:\n\n`<body class=\"__variable_a76894 font-sans text-ink bg-bg antialiased selection:bg-violet-200 selection:text-violet-900 min-h-screen flex flex-col overflow-x-hidden\" data-scroll-locked=\"1\" style=\"pointer-events: none;\">...</body>`\n\n          `pointer-events: none` prevents user mouse interaction.\n\n          Fix this problem, or use {force: true} to disable error checking.\n\nhttps://on.cypress.io/element-cannot-be-interacted-with",
                "estack": "CypressError: Timed out retrying after 30050ms: `cy.click()` failed because this element:\n\n          `<option value=\"OTHER\">Other (...</option>`\n\n          has CSS `pointer-events: none`, inherited from this element:\n\n`<body class=\"__variable_a76894 font-sans text-ink bg-bg antialiased selection:bg-violet-200 selection:text-violet-900 min-h-screen flex flex-col overflow-x-hidden\" data-scroll-locked=\"1\" style=\"pointer-events: none;\">...</body>`\n\n          `pointer-events: none` prevents user mouse interaction.\n\n          Fix this problem, or use {force: true} to disable error checking.\n\nhttps://on.cypress.io/element-cannot-be-interacted-with\n    at $Cy.ensureElDoesNotHaveCSS (https://staging-nepay.vercel.app/__cypress/runner/cypress_runner.js:147981:76)\n    at ensureDescendents (https://staging-nepay.vercel.app/__cypress/runner/cypress_runner.js:133246:8)\n    at ensureDescendentsAndScroll (https://staging-nepay.vercel.app/__cypress/runner/cypress_runner.js:133255:14)\n    at ensureElIsNotCovered (https://staging-nepay.vercel.app/__cypress/runner/cypress_runner.js:133387:5)\n    at runAllChecks (https://staging-nepay.vercel.app/__cypress/runner/cypress_runner.js:133577:52)\n    at retryActionability (https://staging-nepay.vercel.app/__cypress/runner/cypress_runner.js:133601:16)\n    at tryCatcher (https://staging-nepay.vercel.app/__cypress/runner/cypress_runner.js:11327:23)\n    at Promise.attempt.Promise.try (https://staging-nepay.vercel.app/__cypress/runner/cypress_runner.js:8601:29)\n    at whenStable (https://staging-nepay.vercel.app/__cypress/runner/cypress_runner.js:153099:65)\n    at <unknown> (https://staging-nepay.vercel.app/__cypress/runner/cypress_runner.js:152508:14)\n    at tryCatcher (https://staging-nepay.vercel.app/__cypress/runner/cypress_runner.js:11327:23)\n    at Promise._settlePromiseFromHandler (https://staging-nepay.vercel.app/__cypress/runner/cypress_runner.js:9262:31)\n    at Promise._settlePromise (https://staging-nepay.vercel.app/__cypress/runner/cypress_runner.js:9319:18)\n    at Promise._settlePromise0 (https://staging-nepay.vercel.app/__cypress/runner/cypress_runner.js:9364:10)\n    at Promise._settlePromises (https://staging-nepay.vercel.app/__cypress/runner/cypress_runner.js:9444:18)\n    at Promise._fulfill (https://staging-nepay.vercel.app/__cypress/runner/cypress_runner.js:9388:18)\n    at <unknown> (https://staging-nepay.vercel.app/__cypress/runner/cypress_runner.js:11002:46)\nFrom Your Spec Code:\n    at Context.eval (webpack:///./cypress/e2e/auth/register.cy.ts:118:0)",
                "diff": null
              },
              "uuid": "64fd78ed-087e-48f6-b7e6-2eaf9506deda",
              "parentUUID": "ef7cdd81-a6c8-4b9e-af47-b51bb75fe3c3",
              "isHook": false,
              "skipped": false
            },
            {
              "title": "N6 | Terms checkbox not checked → submit blocked",
              "fullTitle": "Auth — Register N6 | Terms checkbox not checked → submit blocked",
              "timedOut": null,
              "duration": 2634,
              "state": "passed",
              "speed": "fast",
              "pass": true,
              "fail": false,
              "pending": false,
              "context": null,
              "code": "cy.get('input[name=\"firstName\"]').type(\"Test\");\ncy.get('input[name=\"lastName\"]').type(\"User\");\ncy.get('input[name=\"phone\"]').type(\"08012345678\");\ncy.contains(\"Next\").click();\ncy.get('input[name=\"username\"]').type(\"testuser9988\");\ncy.get('input[name=\"email\"]').type(\"test9988@example.com\");\ncy.get('input[name=\"password\"]').type(\"ValidPass1\");\ncy.get('input[name=\"confirmPassword\"]').type(\"ValidPass1\");\n// Do NOT check terms\ncy.contains(\"Create Account\").click();\n// HARD: should not call the API — stay on register page\ncy.url().should(\"include\", \"/register\");",
              "err": {},
              "uuid": "c85d24a0-beb0-41c9-8579-f19f88016cac",
              "parentUUID": "ef7cdd81-a6c8-4b9e-af47-b51bb75fe3c3",
              "isHook": false,
              "skipped": false
            },
            {
              "title": "N7 | Back button on Step 2 → returns to Step 1 with data intact",
              "fullTitle": "Auth — Register N7 | Back button on Step 2 → returns to Step 1 with data intact",
              "timedOut": null,
              "duration": 1321,
              "state": "passed",
              "speed": "fast",
              "pass": true,
              "fail": false,
              "pending": false,
              "context": null,
              "code": "cy.get('input[name=\"firstName\"]').type(\"Dubem\");\ncy.get('input[name=\"lastName\"]').type(\"Test\");\ncy.get('input[name=\"phone\"]').type(\"08012345678\");\ncy.contains(\"Next\").click();\n// Go back\ncy.contains(\"Back\").click();\n// SOFT: Step 1 data should be retained\ncy.softAssert(() => {\n    cy.get('input[name=\"firstName\"]').should(\"have.value\", \"Dubem\");\n}, \"First name retained on back navigation\");\ncy.softAssert(() => {\n    cy.get('input[name=\"phone\"]').should(\"have.value\", \"08012345678\");\n}, \"Phone retained on back navigation\");\ncy.assertAll();",
              "err": {},
              "uuid": "7d77b151-81bd-49ad-a99a-2abc8c279206",
              "parentUUID": "ef7cdd81-a6c8-4b9e-af47-b51bb75fe3c3",
              "isHook": false,
              "skipped": false
            }
          ],
          "suites": [],
          "passes": [
            "6286c7ac-be60-40cd-b76d-fe75a5f0e7e2",
            "92eef4a1-3c6b-4107-a196-db3baec80efe",
            "85964d11-c53d-4bdf-8ba4-03c2692effb4",
            "0cff371e-77e6-412e-9f67-869e5c3a0964",
            "3a01973c-4a2c-4503-8b52-43bed331ea70",
            "c85d24a0-beb0-41c9-8579-f19f88016cac",
            "7d77b151-81bd-49ad-a99a-2abc8c279206"
          ],
          "failures": [
            "62441fbb-aa08-4dcc-835d-f76dbf308c9f",
            "2c6a7bde-8265-4129-95b7-23caa2602ef1",
            "2d600a05-3384-41cf-ad4f-6c39fb07ebe5",
            "64fd78ed-087e-48f6-b7e6-2eaf9506deda"
          ],
          "pending": [],
          "skipped": [],
          "duration": 141886,
          "root": false,
          "rootEmpty": false,
          "_timeout": 2000
        }
      ],
      "passes": [],
      "failures": [],
      "pending": [],
      "skipped": [],
      "duration": 0,
      "root": true,
      "rootEmpty": true,
      "_timeout": 2000
    }
  ],
  "meta": {
    "mocha": {
      "version": "7.0.1"
    },
    "mochawesome": {
      "options": {
        "quiet": false,
        "reportFilename": "mochawesome",
        "saveHtml": false,
        "saveJson": true,
        "consoleReporter": "spec",
        "useInlineDiffs": false,
        "code": true
      },
      "version": "8.1.1"
    },
    "marge": {
      "options": {
        "reportDir": "cypress/reports",
        "overwrite": false,
        "html": false,
        "json": true,
        "timestamp": "isoDateTime"
      },
      "version": "6.3.2"
    }
  }
}