{
  "stats": {
    "suites": 1,
    "tests": 6,
    "passes": 0,
    "pending": 0,
    "failures": 6,
    "start": "2026-09-24T17:33:55.371Z",
    "end": "2026-09-24T17:38:26.949Z",
    "duration": 271578,
    "testsRegistered": 6,
    "passPercent": 0,
    "pendingPercent": 0,
    "other": 0,
    "hasOther": false,
    "skipped": 0,
    "hasSkipped": false
  },
  "results": [
    {
      "uuid": "1a513983-3255-472e-861e-693f80e454f3",
      "title": "",
      "fullFile": "cypress/e2e/services/airtime.cy.ts",
      "file": "cypress/e2e/services/airtime.cy.ts",
      "beforeHooks": [],
      "afterHooks": [],
      "tests": [],
      "suites": [
        {
          "uuid": "e6ba675a-003b-4f1f-b514-4ab40a9c1fab",
          "title": "Services — Airtime",
          "fullFile": "",
          "file": "",
          "beforeHooks": [],
          "afterHooks": [],
          "tests": [
            {
              "title": "P1 | Airtime page loads with provider list",
              "fullTitle": "Services — Airtime P1 | Airtime page loads with provider list",
              "timedOut": null,
              "duration": 11632,
              "state": "failed",
              "speed": null,
              "pass": false,
              "fail": true,
              "pending": false,
              "context": null,
              "code": "cy.softAssert(() => {\n    cy.contains(/MTN|Airtel|Glo|9mobile/i, { timeout: 10000 }).should(\"be.visible\");\n}, \"Network providers listed\");\ncy.assertAll();",
              "err": {
                "message": "AssertionError: Timed out retrying after 10000ms: Expected to find content: '/MTN|Airtel|Glo|9mobile/i' but never did.",
                "estack": "AssertionError: Timed out retrying after 10000ms: Expected to find content: '/MTN|Airtel|Glo|9mobile/i' but never did.\n    at eval (webpack:///./cypress/e2e/services/airtime.cy.ts:12:69)\n    at Context.eval (webpack:///./cypress/support/commands.ts:60:0)",
                "diff": null
              },
              "uuid": "9dbba019-73e5-4a7f-8b71-369999e22be3",
              "parentUUID": "e6ba675a-003b-4f1f-b514-4ab40a9c1fab",
              "isHook": false,
              "skipped": false
            },
            {
              "title": "P2 | Select provider → amount/phone form shown",
              "fullTitle": "Services — Airtime P2 | Select provider → amount/phone form shown",
              "timedOut": null,
              "duration": 11636,
              "state": "failed",
              "speed": null,
              "pass": false,
              "fail": true,
              "pending": false,
              "context": null,
              "code": "cy.contains(/MTN|Airtel|Glo/i, { timeout: 10000 }).first().click();\ncy.softAssert(() => {\n    cy.get(\"input\", { timeout: 5000 }).should(\"be.visible\");\n}, \"Form appears after selecting provider\");\ncy.assertAll();",
              "err": {
                "message": "AssertionError: Timed out retrying after 10000ms: Expected to find content: '/MTN|Airtel|Glo/i' but never did.",
                "estack": "AssertionError: Timed out retrying after 10000ms: Expected to find content: '/MTN|Airtel|Glo/i' but never did.\n    at Context.eval (webpack:///./cypress/e2e/services/airtime.cy.ts:17:0)",
                "diff": null
              },
              "uuid": "81d96249-e91b-4a2c-bceb-04865b89ea04",
              "parentUUID": "e6ba675a-003b-4f1f-b514-4ab40a9c1fab",
              "isHook": false,
              "skipped": false
            },
            {
              "title": "N1 | Invalid phone number → validation error",
              "fullTitle": "Services — Airtime N1 | Invalid phone number → validation error",
              "timedOut": null,
              "duration": 11702,
              "state": "failed",
              "speed": null,
              "pass": false,
              "fail": true,
              "pending": false,
              "context": null,
              "code": "cy.contains(/MTN|Airtel|Glo/i, { timeout: 10000 }).first().click();\ncy.get('input[name=\"phone\"], input[placeholder*=\"phone\" i], input[placeholder*=\"number\" i]')\n    .first()\n    .type(\"12345\");\ncy.get('button[type=\"submit\"]').click();\ncy.contains(/valid|Nigerian|phone/i, { timeout: 5000 }).should(\"be.visible\");",
              "err": {
                "message": "AssertionError: Timed out retrying after 10000ms: Expected to find content: '/MTN|Airtel|Glo/i' but never did.",
                "estack": "AssertionError: Timed out retrying after 10000ms: Expected to find content: '/MTN|Airtel|Glo/i' but never did.\n    at Context.eval (webpack:///./cypress/e2e/services/airtime.cy.ts:24:0)",
                "diff": null
              },
              "uuid": "8cfb8748-049c-48a1-a2ab-2d7ca540ef89",
              "parentUUID": "e6ba675a-003b-4f1f-b514-4ab40a9c1fab",
              "isHook": false,
              "skipped": false
            },
            {
              "title": "N2 | Empty amount → submit blocked",
              "fullTitle": "Services — Airtime N2 | Empty amount → submit blocked",
              "timedOut": null,
              "duration": 11772,
              "state": "failed",
              "speed": null,
              "pass": false,
              "fail": true,
              "pending": false,
              "context": null,
              "code": "cy.contains(/MTN|Airtel|Glo/i, { timeout: 10000 }).first().click();\ncy.get('input[name=\"phone\"], input[placeholder*=\"phone\" i]').first().type(\"08012345678\");\ncy.get('button[type=\"submit\"]').click();\ncy.contains(/amount|required/i, { timeout: 5000 }).should(\"be.visible\");",
              "err": {
                "message": "AssertionError: Timed out retrying after 10000ms: Expected to find content: '/MTN|Airtel|Glo/i' but never did.",
                "estack": "AssertionError: Timed out retrying after 10000ms: Expected to find content: '/MTN|Airtel|Glo/i' but never did.\n    at Context.eval (webpack:///./cypress/e2e/services/airtime.cy.ts:32:0)",
                "diff": null
              },
              "uuid": "3809af1c-1f68-4522-a441-71abe9c8519d",
              "parentUUID": "e6ba675a-003b-4f1f-b514-4ab40a9c1fab",
              "isHook": false,
              "skipped": false
            },
            {
              "title": "N3 | No provider selected → submit blocked or provider selection highlighted",
              "fullTitle": "Services — Airtime N3 | No provider selected → submit blocked or provider selection highlighted",
              "timedOut": null,
              "duration": 32058,
              "state": "failed",
              "speed": null,
              "pass": false,
              "fail": true,
              "pending": false,
              "context": null,
              "code": "cy.get('button[type=\"submit\"]').click();\ncy.url().should(\"include\", \"/services/airtime\");",
              "err": {
                "message": "AssertionError: Timed out retrying after 30000ms: expected 'https://staging-nepay.vercel.app/login' to include '/services/airtime'",
                "estack": "AssertionError: Timed out retrying after 30000ms: expected 'https://staging-nepay.vercel.app/login' to include '/services/airtime'\n    at Context.eval (webpack:///./cypress/e2e/services/airtime.cy.ts:39:0)",
                "diff": null
              },
              "uuid": "0e5e9ac6-e164-43c6-bc67-a90f9c7edafc",
              "parentUUID": "e6ba675a-003b-4f1f-b514-4ab40a9c1fab",
              "isHook": false,
              "skipped": false
            },
            {
              "title": "N4 | Insufficient balance → error shown",
              "fullTitle": "Services — Airtime N4 | Insufficient balance → error shown",
              "timedOut": null,
              "duration": 11871,
              "state": "failed",
              "speed": null,
              "pass": false,
              "fail": true,
              "pending": false,
              "context": null,
              "code": "cy.intercept(\"POST\", \"**/services/airtime**\", {\n    statusCode: 400,\n    body: { success: false, code: \"INSUFFICIENT_BALANCE\", message: \"Insufficient wallet balance\" },\n}).as(\"airtimeInsufficient\");\ncy.contains(/MTN/i, { timeout: 10000 }).first().click();\ncy.get('input[name=\"phone\"], input[placeholder*=\"phone\" i]').first().type(\"08012345678\");\ncy.get('input[name=\"amount\"], input[placeholder*=\"amount\" i]').first().type(\"999999999\");\ncy.get('button[type=\"submit\"]').click();\ncy.wait(\"@airtimeInsufficient\");\ncy.contains(/insufficient|balance/i, { timeout: 8000 }).should(\"be.visible\");",
              "err": {
                "message": "AssertionError: Timed out retrying after 10000ms: Expected to find content: '/MTN/i' but never did.",
                "estack": "AssertionError: Timed out retrying after 10000ms: Expected to find content: '/MTN/i' but never did.\n    at Context.eval (webpack:///./cypress/e2e/services/airtime.cy.ts:46:0)",
                "diff": null
              },
              "uuid": "80fc5a32-420b-4a9e-8a48-53563e631b0c",
              "parentUUID": "e6ba675a-003b-4f1f-b514-4ab40a9c1fab",
              "isHook": false,
              "skipped": false
            }
          ],
          "suites": [],
          "passes": [],
          "failures": [
            "9dbba019-73e5-4a7f-8b71-369999e22be3",
            "81d96249-e91b-4a2c-bceb-04865b89ea04",
            "8cfb8748-049c-48a1-a2ab-2d7ca540ef89",
            "3809af1c-1f68-4522-a441-71abe9c8519d",
            "0e5e9ac6-e164-43c6-bc67-a90f9c7edafc",
            "80fc5a32-420b-4a9e-8a48-53563e631b0c"
          ],
          "pending": [],
          "skipped": [],
          "duration": 90671,
          "root": false,
          "rootEmpty": false,
          "_timeout": 2000
        }
      ],
      "passes": [],
      "failures": [],
      "pending": [],
      "skipped": [],
      "duration": 0,
      "root": true,
      "rootEmpty": true,
      "_timeout": 2000
    }
  ],
  "meta": {
    "mocha": {
      "version": "7.0.1"
    },
    "mochawesome": {
      "options": {
        "quiet": false,
        "reportFilename": "mochawesome",
        "saveHtml": false,
        "saveJson": true,
        "consoleReporter": "spec",
        "useInlineDiffs": false,
        "code": true
      },
      "version": "8.1.1"
    },
    "marge": {
      "options": {
        "reportDir": "cypress/reports",
        "overwrite": false,
        "html": false,
        "json": true,
        "timestamp": "isoDateTime"
      },
      "version": "6.3.2"
    }
  }
}