{
  "stats": {
    "suites": 3,
    "tests": 8,
    "passes": 2,
    "pending": 0,
    "failures": 6,
    "start": "2026-09-24T13:49:43.530Z",
    "end": "2026-09-24T13:57:14.021Z",
    "duration": 450491,
    "testsRegistered": 8,
    "passPercent": 25,
    "pendingPercent": 0,
    "other": 0,
    "hasOther": false,
    "skipped": 0,
    "hasSkipped": false
  },
  "results": [
    {
      "uuid": "bdb399c5-e313-4ba7-aa00-02a600bc7579",
      "title": "",
      "fullFile": "cypress/e2e/security/change-password.cy.ts",
      "file": "cypress/e2e/security/change-password.cy.ts",
      "beforeHooks": [],
      "afterHooks": [],
      "tests": [],
      "suites": [
        {
          "uuid": "9ed9640b-7d89-4c22-86fb-01d616ba71a0",
          "title": "Security — Change Password",
          "fullFile": "",
          "file": "",
          "beforeHooks": [],
          "afterHooks": [],
          "tests": [
            {
              "title": "P1 | Change password page loads with 3 fields",
              "fullTitle": "Security — Change Password P1 | Change password page loads with 3 fields",
              "timedOut": null,
              "duration": 1087,
              "state": "passed",
              "speed": "fast",
              "pass": true,
              "fail": false,
              "pending": false,
              "context": null,
              "code": "cy.softAssert(() => {\n    cy.contains(/current password|old password/i, { timeout: 8000 }).should(\"be.visible\");\n}, \"Current password label\");\ncy.softAssert(() => {\n    cy.contains(/new password/i).should(\"be.visible\");\n}, \"New password label\");\ncy.assertAll();",
              "err": {},
              "uuid": "68198176-c9b6-4dd0-9609-6eb9608663bb",
              "parentUUID": "9ed9640b-7d89-4c22-86fb-01d616ba71a0",
              "isHook": false,
              "skipped": false
            },
            {
              "title": "N1 | Wrong current password → API error shown",
              "fullTitle": "Security — Change Password N1 | Wrong current password → API error shown",
              "timedOut": null,
              "duration": 1660,
              "state": "failed",
              "speed": null,
              "pass": false,
              "fail": true,
              "pending": false,
              "context": null,
              "code": "cy.intercept(\"POST\", \"**/auth/change-password**\", {\n    statusCode: 401,\n    body: { success: false, message: \"Current password is incorrect\" },\n}).as(\"wrongCurrentPw\");\ncy.get('input[name=\"currentPassword\"]').first().type(\"WrongCurrent1\");\ncy.get('input[name=\"newPassword\"]').first().type(\"NewValidPass1\");\ncy.get('input[name=\"confirmNewPassword\"], input[name=\"confirmPassword\"]').first().type(\"NewValidPass1\");\ncy.get('button[type=\"submit\"]').click();\ncy.wait(\"@wrongCurrentPw\");\ncy.contains(/incorrect|wrong|current/i, { timeout: 8000 }).should(\"be.visible\");",
              "err": {
                "message": "TypeError: Cannot read properties of undefined (reading 'KeyboardEvent')",
                "estack": "TypeError: Cannot read properties of undefined (reading 'KeyboardEvent')\n    at Keyboard.fireSimulatedEvent (https://staging-nepay.vercel.app/__cypress/runner/cypress_runner.js:149298:28)\n    at Keyboard.simulatedKeydown (https://staging-nepay.vercel.app/__cypress/runner/cypress_runner.js:149443:58)\n    at Keyboard.typeSimulatedKey (https://staging-nepay.vercel.app/__cypress/runner/cypress_runner.js:149490:10)\n    at <unknown> (https://staging-nepay.vercel.app/__cypress/runner/cypress_runner.js:149143:14)\n    at tryCatcher (https://staging-nepay.vercel.app/__cypress/runner/cypress_runner.js:11327:23)\n    at Promise.attempt.Promise.try (https://staging-nepay.vercel.app/__cypress/runner/cypress_runner.js:8601:29)\n    at <unknown> (https://staging-nepay.vercel.app/__cypress/runner/cypress_runner.js:149153:67)\n    at tryCatcher (https://staging-nepay.vercel.app/__cypress/runner/cypress_runner.js:11327:23)\n    at Object.gotValue (https://staging-nepay.vercel.app/__cypress/runner/cypress_runner.js:10469:18)\n    at Object.gotAccum (https://staging-nepay.vercel.app/__cypress/runner/cypress_runner.js:10458:25)\n    at Object.tryCatcher (https://staging-nepay.vercel.app/__cypress/runner/cypress_runner.js:11327:23)\n    at Promise._settlePromiseFromHandler (https://staging-nepay.vercel.app/__cypress/runner/cypress_runner.js:9262:31)\n    at Promise._settlePromise (https://staging-nepay.vercel.app/__cypress/runner/cypress_runner.js:9319:18)\n    at Promise._settlePromise0 (https://staging-nepay.vercel.app/__cypress/runner/cypress_runner.js:9364:10)\n    at Promise._settlePromises (https://staging-nepay.vercel.app/__cypress/runner/cypress_runner.js:9444:18)\n    at Promise._fulfill (https://staging-nepay.vercel.app/__cypress/runner/cypress_runner.js:9388:18)\n    at Promise._resolveCallback (https://staging-nepay.vercel.app/__cypress/runner/cypress_runner.js:9182:57)\n    at Promise._settlePromiseFromHandler (https://staging-nepay.vercel.app/__cypress/runner/cypress_runner.js:9274:17)\n    at Promise._settlePromise (https://staging-nepay.vercel.app/__cypress/runner/cypress_runner.js:9319:18)\n    at Promise._settlePromise0 (https://staging-nepay.vercel.app/__cypress/runner/cypress_runner.js:9364:10)\n    at Promise._settlePromises (https://staging-nepay.vercel.app/__cypress/runner/cypress_runner.js:9444:18)\n    at Promise._fulfill (https://staging-nepay.vercel.app/__cypress/runner/cypress_runner.js:9388:18)",
                "diff": null
              },
              "uuid": "e6ae3a73-24df-492d-a2a3-4880ed6121d6",
              "parentUUID": "9ed9640b-7d89-4c22-86fb-01d616ba71a0",
              "isHook": false,
              "skipped": false
            },
            {
              "title": "N2 | New passwords don't match → validation error",
              "fullTitle": "Security — Change Password N2 | New passwords don't match → validation error",
              "timedOut": null,
              "duration": 31898,
              "state": "failed",
              "speed": null,
              "pass": false,
              "fail": true,
              "pending": false,
              "context": null,
              "code": "cy.get('input[name=\"newPassword\"]').first().type(\"NewPass123\");\ncy.get('input[name=\"confirmNewPassword\"], input[name=\"confirmPassword\"]').first().type(\"DifferentPass123\");\ncy.get('button[type=\"submit\"]').click();\ncy.contains(/do not match|match/i).should(\"be.visible\");",
              "err": {
                "message": "AssertionError: Timed out retrying after 30000ms: Expected to find element: `input[name=\"confirmNewPassword\"], input[name=\"confirmPassword\"]`, but never found it.",
                "estack": "AssertionError: Timed out retrying after 30000ms: Expected to find element: `input[name=\"confirmNewPassword\"], input[name=\"confirmPassword\"]`, but never found it.\n    at Context.eval (webpack:///./cypress/e2e/security/change-password.cy.ts:33:0)",
                "diff": null
              },
              "uuid": "5d9a888f-5634-4037-821c-3ba90ef71d17",
              "parentUUID": "9ed9640b-7d89-4c22-86fb-01d616ba71a0",
              "isHook": false,
              "skipped": false
            },
            {
              "title": "N3 | Weak new password → validation error",
              "fullTitle": "Security — Change Password N3 | Weak new password → validation error",
              "timedOut": null,
              "duration": 32270,
              "state": "failed",
              "speed": null,
              "pass": false,
              "fail": true,
              "pending": false,
              "context": null,
              "code": "cy.get('input[name=\"newPassword\"]').first().type(\"weak\");\ncy.get('button[type=\"submit\"]').click();\ncy.contains(/6 characters|strong|minimum/i).should(\"be.visible\");",
              "err": {
                "message": "AssertionError: Timed out retrying after 30000ms: Expected to find content: '/6 characters|strong|minimum/i' but never did.",
                "estack": "AssertionError: Timed out retrying after 30000ms: Expected to find content: '/6 characters|strong|minimum/i' but never did.\n    at Context.eval (webpack:///./cypress/e2e/security/change-password.cy.ts:40:0)",
                "diff": null
              },
              "uuid": "92dc1022-c1ab-472b-8845-fab2650465e5",
              "parentUUID": "9ed9640b-7d89-4c22-86fb-01d616ba71a0",
              "isHook": false,
              "skipped": false
            }
          ],
          "suites": [],
          "passes": [
            "68198176-c9b6-4dd0-9609-6eb9608663bb"
          ],
          "failures": [
            "e6ae3a73-24df-492d-a2a3-4880ed6121d6",
            "5d9a888f-5634-4037-821c-3ba90ef71d17",
            "92dc1022-c1ab-472b-8845-fab2650465e5"
          ],
          "pending": [],
          "skipped": [],
          "duration": 66915,
          "root": false,
          "rootEmpty": false,
          "_timeout": 2000
        },
        {
          "uuid": "14822931-377c-44ff-bc10-fcf720fbef20",
          "title": "Security — Change PIN",
          "fullFile": "",
          "file": "",
          "beforeHooks": [],
          "afterHooks": [],
          "tests": [
            {
              "title": "N1 | PINs don't match → error",
              "fullTitle": "Security — Change PIN N1 | PINs don't match → error",
              "timedOut": null,
              "duration": 31789,
              "state": "failed",
              "speed": null,
              "pass": false,
              "fail": true,
              "pending": false,
              "context": null,
              "code": "cy.get('input[name=\"pin\"]').first().type(\"1234\");\ncy.get('input[name=\"confirmPin\"]').first().type(\"5678\");\ncy.get('button[type=\"submit\"]').click();\ncy.contains(/match|same/i).should(\"be.visible\");",
              "err": {
                "message": "AssertionError: Timed out retrying after 30000ms: Expected to find element: `input[name=\"pin\"]`, but never found it.",
                "estack": "AssertionError: Timed out retrying after 30000ms: Expected to find element: `input[name=\"pin\"]`, but never found it.\n    at Context.eval (webpack:///./cypress/e2e/security/change-password.cy.ts:49:0)",
                "diff": null
              },
              "uuid": "009c0713-a0c1-40f9-b575-c409457539c9",
              "parentUUID": "14822931-377c-44ff-bc10-fcf720fbef20",
              "isHook": false,
              "skipped": false
            },
            {
              "title": "N2 | PIN not 4 digits → validation error",
              "fullTitle": "Security — Change PIN N2 | PIN not 4 digits → validation error",
              "timedOut": null,
              "duration": 31796,
              "state": "failed",
              "speed": null,
              "pass": false,
              "fail": true,
              "pending": false,
              "context": null,
              "code": "cy.get('input[name=\"pin\"]').first().type(\"12\");\ncy.get('button[type=\"submit\"]').click();\ncy.contains(/4|digits|length/i).should(\"be.visible\");",
              "err": {
                "message": "AssertionError: Timed out retrying after 30000ms: Expected to find element: `input[name=\"pin\"]`, but never found it.",
                "estack": "AssertionError: Timed out retrying after 30000ms: Expected to find element: `input[name=\"pin\"]`, but never found it.\n    at Context.eval (webpack:///./cypress/e2e/security/change-password.cy.ts:55:0)",
                "diff": null
              },
              "uuid": "00ceb055-b3af-4fb2-a583-9f625a3f44aa",
              "parentUUID": "14822931-377c-44ff-bc10-fcf720fbef20",
              "isHook": false,
              "skipped": false
            }
          ],
          "suites": [],
          "passes": [],
          "failures": [
            "009c0713-a0c1-40f9-b575-c409457539c9",
            "00ceb055-b3af-4fb2-a583-9f625a3f44aa"
          ],
          "pending": [],
          "skipped": [],
          "duration": 63585,
          "root": false,
          "rootEmpty": false,
          "_timeout": 2000
        },
        {
          "uuid": "6653474c-d0f8-4844-b72a-7f05559581de",
          "title": "Security — Login Activity",
          "fullFile": "",
          "file": "",
          "beforeHooks": [],
          "afterHooks": [],
          "tests": [
            {
              "title": "P1 | Login activity page loads",
              "fullTitle": "Security — Login Activity P1 | Login activity page loads",
              "timedOut": null,
              "duration": 948,
              "state": "passed",
              "speed": "fast",
              "pass": true,
              "fail": false,
              "pending": false,
              "context": null,
              "code": "cy.get(\"body\").should(\"be.visible\");\ncy.softAssert(() => {\n    cy.contains(/device|session|login|activity/i, { timeout: 8000 }).should(\"be.visible\");\n}, \"Activity page heading\");\ncy.assertAll();",
              "err": {},
              "uuid": "529a5eaa-209f-47c3-9c18-d7b049807e70",
              "parentUUID": "6653474c-d0f8-4844-b72a-7f05559581de",
              "isHook": false,
              "skipped": false
            },
            {
              "title": "N1 | API error → graceful error state, no crash",
              "fullTitle": "Security — Login Activity N1 | API error → graceful error state, no crash",
              "timedOut": null,
              "duration": 30351,
              "state": "failed",
              "speed": null,
              "pass": false,
              "fail": true,
              "pending": false,
              "context": null,
              "code": "cy.intercept(\"GET\", \"**/security/login-activity**\", {\n    statusCode: 500,\n    body: { success: false, message: \"Server error\" },\n}).as(\"sessionsError\");\ncy.reload();\ncy.wait(\"@sessionsError\");\ncy.get(\"body\").should(\"be.visible\");",
              "err": {
                "message": "TypeError: Timed out retrying after 30000ms: Cannot read properties of undefined (reading 'origin')\n\nBecause this error occurred during a `before each` hook we are skipping the remaining tests in the current suite: `Security — Login Activity`",
                "estack": "TypeError: Timed out retrying after 30000ms: Cannot read properties of undefined (reading 'origin')\n\nBecause this error occurred during a `before each` hook we are skipping the remaining tests in the current suite: `Security — Login Activity`\n    at $Cy.ensureCommandCanCommunicateWithAUT (https://staging-nepay.vercel.app/__cypress/runner/cypress_runner.js:148084:40)\n    at <unknown> (https://staging-nepay.vercel.app/__cypress/runner/cypress_runner.js:152522:14)\n    at tryCatcher (https://staging-nepay.vercel.app/__cypress/runner/cypress_runner.js:11327:23)\n    at Promise.attempt.Promise.try (https://staging-nepay.vercel.app/__cypress/runner/cypress_runner.js:8601:29)\n    at retryValue (https://staging-nepay.vercel.app/__cypress/runner/cypress_runner.js:152520:65)\n    at tryCatcher (https://staging-nepay.vercel.app/__cypress/runner/cypress_runner.js:11327:23)\n    at Promise.attempt.Promise.try (https://staging-nepay.vercel.app/__cypress/runner/cypress_runner.js:8601:29)\n    at whenStable (https://staging-nepay.vercel.app/__cypress/runner/cypress_runner.js:153099:65)\n    at <unknown> (https://staging-nepay.vercel.app/__cypress/runner/cypress_runner.js:152508:14)\n    at tryCatcher (https://staging-nepay.vercel.app/__cypress/runner/cypress_runner.js:11327:23)\n    at Promise._settlePromiseFromHandler (https://staging-nepay.vercel.app/__cypress/runner/cypress_runner.js:9262:31)\n    at Promise._settlePromise (https://staging-nepay.vercel.app/__cypress/runner/cypress_runner.js:9319:18)\n    at Promise._settlePromise0 (https://staging-nepay.vercel.app/__cypress/runner/cypress_runner.js:9364:10)\n    at Promise._settlePromises (https://staging-nepay.vercel.app/__cypress/runner/cypress_runner.js:9444:18)\n    at Promise._fulfill (https://staging-nepay.vercel.app/__cypress/runner/cypress_runner.js:9388:18)\n    at <unknown> (https://staging-nepay.vercel.app/__cypress/runner/cypress_runner.js:11002:46)",
                "diff": null
              },
              "uuid": "122fa29e-13d1-4eb3-965e-e3800c3b42d9",
              "parentUUID": "6653474c-d0f8-4844-b72a-7f05559581de",
              "isHook": false,
              "skipped": false
            }
          ],
          "suites": [],
          "passes": [
            "529a5eaa-209f-47c3-9c18-d7b049807e70"
          ],
          "failures": [
            "122fa29e-13d1-4eb3-965e-e3800c3b42d9"
          ],
          "pending": [],
          "skipped": [],
          "duration": 31299,
          "root": false,
          "rootEmpty": false,
          "_timeout": 2000
        }
      ],
      "passes": [],
      "failures": [],
      "pending": [],
      "skipped": [],
      "duration": 0,
      "root": true,
      "rootEmpty": true,
      "_timeout": 2000
    }
  ],
  "meta": {
    "mocha": {
      "version": "7.0.1"
    },
    "mochawesome": {
      "options": {
        "quiet": false,
        "reportFilename": "mochawesome",
        "saveHtml": false,
        "saveJson": true,
        "consoleReporter": "spec",
        "useInlineDiffs": false,
        "code": true
      },
      "version": "8.1.1"
    },
    "marge": {
      "options": {
        "reportDir": "cypress/reports",
        "overwrite": false,
        "html": false,
        "json": true,
        "timestamp": "isoDateTime"
      },
      "version": "6.3.2"
    }
  }
}