{
  "stats": {
    "suites": 1,
    "tests": 6,
    "passes": 2,
    "pending": 0,
    "failures": 4,
    "start": "2026-09-25T09:18:15.909Z",
    "end": "2026-09-25T09:20:37.684Z",
    "duration": 141775,
    "testsRegistered": 6,
    "passPercent": 33.33333333333333,
    "pendingPercent": 0,
    "other": 0,
    "hasOther": false,
    "skipped": 0,
    "hasSkipped": false
  },
  "results": [
    {
      "uuid": "739d6804-b6a9-488a-8756-8b4ed8ab12d1",
      "title": "",
      "fullFile": "cypress/e2e/gift-cards/gift-cards.cy.ts",
      "file": "cypress/e2e/gift-cards/gift-cards.cy.ts",
      "beforeHooks": [],
      "afterHooks": [],
      "tests": [],
      "suites": [
        {
          "uuid": "9161bd8a-2b50-4206-87f7-473a45461aa1",
          "title": "Gift Cards",
          "fullFile": "",
          "file": "",
          "beforeHooks": [],
          "afterHooks": [],
          "tests": [
            {
              "title": "P1 | Gift cards page loads with available cards",
              "fullTitle": "Gift Cards P1 | Gift cards page loads with available cards",
              "timedOut": null,
              "duration": 756,
              "state": "passed",
              "speed": "fast",
              "pass": true,
              "fail": false,
              "pending": false,
              "context": null,
              "code": "cy.get(\"body\").should(\"be.visible\");\ncy.softAssert(() => {\n    cy.contains(/gift card|Amazon|iTunes|Google Play/i, { timeout: 10000 }).should(\"be.visible\");\n}, \"Gift cards listed\");\ncy.assertAll();",
              "err": {},
              "uuid": "8a152773-39ce-4629-bd78-47a5f36a7129",
              "parentUUID": "9161bd8a-2b50-4206-87f7-473a45461aa1",
              "isHook": false,
              "skipped": false
            },
            {
              "title": "P2 | History tab navigates to gift card history",
              "fullTitle": "Gift Cards P2 | History tab navigates to gift card history",
              "timedOut": null,
              "duration": 9052,
              "state": "failed",
              "speed": null,
              "pass": false,
              "fail": true,
              "pending": false,
              "context": null,
              "code": "cy.contains(/history/i, { timeout: 8000 }).click();\ncy.url().should(\"include\", \"/gift-cards\");\ncy.softAssert(() => {\n    cy.contains(/history|purchase|bought/i).should(\"be.visible\");\n}, \"History tab content\");\ncy.assertAll();",
              "err": {
                "message": "AssertionError: Timed out retrying after 8000ms: Expected to find content: '/history/i' but never did.",
                "estack": "AssertionError: Timed out retrying after 8000ms: Expected to find content: '/history/i' but never did.\n    at Context.eval (webpack:///./cypress/e2e/gift-cards/gift-cards.cy.ts:18:0)",
                "diff": null
              },
              "uuid": "ebb23ca8-5b3e-42e1-9b9b-36cf4f3056c0",
              "parentUUID": "9161bd8a-2b50-4206-87f7-473a45461aa1",
              "isHook": false,
              "skipped": false
            },
            {
              "title": "P3 | Sell tab navigates to gift card submission",
              "fullTitle": "Gift Cards P3 | Sell tab navigates to gift card submission",
              "timedOut": null,
              "duration": 508,
              "state": "passed",
              "speed": "fast",
              "pass": true,
              "fail": false,
              "pending": false,
              "context": null,
              "code": "cy.contains(/sell/i, { timeout: 8000 }).click();\ncy.softAssert(() => {\n    cy.contains(/sell|upload|submit/i).should(\"be.visible\");\n}, \"Sell tab content\");\ncy.assertAll();",
              "err": {},
              "uuid": "98ec41b2-273c-4b10-9a94-def6541e9930",
              "parentUUID": "9161bd8a-2b50-4206-87f7-473a45461aa1",
              "isHook": false,
              "skipped": false
            },
            {
              "title": "N1 | Sell gift card with no image uploaded → validation error",
              "fullTitle": "Gift Cards N1 | Sell gift card with no image uploaded → validation error",
              "timedOut": null,
              "duration": 6294,
              "state": "failed",
              "speed": null,
              "pass": false,
              "fail": true,
              "pending": false,
              "context": null,
              "code": "cy.contains(/sell/i, { timeout: 8000 }).click();\ncy.get('button[type=\"submit\"]').click();\ncy.contains(/image|upload|required/i, { timeout: 5000 }).should(\"be.visible\");",
              "err": {
                "message": "AssertionError: Timed out retrying after 5000ms: Expected to find content: '/image|upload|required/i' but never did.",
                "estack": "AssertionError: Timed out retrying after 5000ms: Expected to find content: '/image|upload|required/i' but never did.\n    at Context.eval (webpack:///./cypress/e2e/gift-cards/gift-cards.cy.ts:35:63)",
                "diff": null
              },
              "uuid": "df27d27d-52cf-4964-b444-277f5c958f50",
              "parentUUID": "9161bd8a-2b50-4206-87f7-473a45461aa1",
              "isHook": false,
              "skipped": false
            },
            {
              "title": "N2 | Buy with insufficient balance → error shown",
              "fullTitle": "Gift Cards N2 | Buy with insufficient balance → error shown",
              "timedOut": null,
              "duration": 11335,
              "state": "failed",
              "speed": null,
              "pass": false,
              "fail": true,
              "pending": false,
              "context": null,
              "code": "cy.intercept(\"POST\", \"**/gift-cards**\", {\n    statusCode: 400,\n    body: { success: false, code: \"INSUFFICIENT_BALANCE\", message: \"Insufficient balance\" },\n}).as(\"giftCardInsufficient\");\ncy.softAssert(() => {\n    cy.contains(/Amazon|iTunes/i, { timeout: 10000 }).first().click();\n}, \"Click a gift card\");\n// Try to purchase\ncy.softAssert(() => {\n    cy.get('button[type=\"submit\"]').click();\n}, \"Submit purchase\");\ncy.assertAll();",
              "err": {
                "message": "AssertionError: Timed out retrying after 10000ms: Expected to find content: '/Amazon|iTunes/i' but never did.",
                "estack": "AssertionError: Timed out retrying after 10000ms: Expected to find content: '/Amazon|iTunes/i' but never did.\n    at eval (webpack:///./cypress/e2e/gift-cards/gift-cards.cy.ts:43:0)\n    at Context.eval (webpack:///./cypress/support/commands.ts:60:0)",
                "diff": null
              },
              "uuid": "55c8db29-e5c0-48b2-9ef7-3b2d735f9209",
              "parentUUID": "9161bd8a-2b50-4206-87f7-473a45461aa1",
              "isHook": false,
              "skipped": false
            },
            {
              "title": "N3 | API error on gift card load → no crash",
              "fullTitle": "Gift Cards N3 | API error on gift card load → no crash",
              "timedOut": null,
              "duration": 30104,
              "state": "failed",
              "speed": null,
              "pass": false,
              "fail": true,
              "pending": false,
              "context": null,
              "code": "cy.intercept(\"GET\", \"**/gift-cards**\", {\n    statusCode: 500,\n    body: { success: false, message: \"Server error\" },\n}).as(\"gcError\");\ncy.reload();\ncy.wait(\"@gcError\");\ncy.get(\"body\").should(\"be.visible\");",
              "err": {
                "message": "TypeError: Timed out retrying after 30000ms: Cannot read properties of undefined (reading 'origin')\n\nBecause this error occurred during a `before each` hook we are skipping the remaining tests in the current suite: `Gift Cards`",
                "estack": "TypeError: Timed out retrying after 30000ms: Cannot read properties of undefined (reading 'origin')\n\nBecause this error occurred during a `before each` hook we are skipping the remaining tests in the current suite: `Gift Cards`\n    at $Cy.ensureCommandCanCommunicateWithAUT (https://staging-nepay.vercel.app/__cypress/runner/cypress_runner.js:148084:40)\n    at <unknown> (https://staging-nepay.vercel.app/__cypress/runner/cypress_runner.js:152522:14)\n    at tryCatcher (https://staging-nepay.vercel.app/__cypress/runner/cypress_runner.js:11327:23)\n    at Promise.attempt.Promise.try (https://staging-nepay.vercel.app/__cypress/runner/cypress_runner.js:8601:29)\n    at retryValue (https://staging-nepay.vercel.app/__cypress/runner/cypress_runner.js:152520:65)\n    at tryCatcher (https://staging-nepay.vercel.app/__cypress/runner/cypress_runner.js:11327:23)\n    at Promise.attempt.Promise.try (https://staging-nepay.vercel.app/__cypress/runner/cypress_runner.js:8601:29)\n    at whenStable (https://staging-nepay.vercel.app/__cypress/runner/cypress_runner.js:153099:65)\n    at <unknown> (https://staging-nepay.vercel.app/__cypress/runner/cypress_runner.js:152508:14)\n    at tryCatcher (https://staging-nepay.vercel.app/__cypress/runner/cypress_runner.js:11327:23)\n    at Promise._settlePromiseFromHandler (https://staging-nepay.vercel.app/__cypress/runner/cypress_runner.js:9262:31)\n    at Promise._settlePromise (https://staging-nepay.vercel.app/__cypress/runner/cypress_runner.js:9319:18)\n    at Promise._settlePromise0 (https://staging-nepay.vercel.app/__cypress/runner/cypress_runner.js:9364:10)\n    at Promise._settlePromises (https://staging-nepay.vercel.app/__cypress/runner/cypress_runner.js:9444:18)\n    at Promise._fulfill (https://staging-nepay.vercel.app/__cypress/runner/cypress_runner.js:9388:18)\n    at <unknown> (https://staging-nepay.vercel.app/__cypress/runner/cypress_runner.js:11002:46)",
                "diff": null
              },
              "uuid": "53ea667a-2480-44f0-b657-d9abe5e74333",
              "parentUUID": "9161bd8a-2b50-4206-87f7-473a45461aa1",
              "isHook": false,
              "skipped": false
            }
          ],
          "suites": [],
          "passes": [
            "8a152773-39ce-4629-bd78-47a5f36a7129",
            "98ec41b2-273c-4b10-9a94-def6541e9930"
          ],
          "failures": [
            "ebb23ca8-5b3e-42e1-9b9b-36cf4f3056c0",
            "df27d27d-52cf-4964-b444-277f5c958f50",
            "55c8db29-e5c0-48b2-9ef7-3b2d735f9209",
            "53ea667a-2480-44f0-b657-d9abe5e74333"
          ],
          "pending": [],
          "skipped": [],
          "duration": 58049,
          "root": false,
          "rootEmpty": false,
          "_timeout": 2000
        }
      ],
      "passes": [],
      "failures": [],
      "pending": [],
      "skipped": [],
      "duration": 0,
      "root": true,
      "rootEmpty": true,
      "_timeout": 2000
    }
  ],
  "meta": {
    "mocha": {
      "version": "7.0.1"
    },
    "mochawesome": {
      "options": {
        "quiet": false,
        "reportFilename": "mochawesome",
        "saveHtml": false,
        "saveJson": true,
        "consoleReporter": "spec",
        "useInlineDiffs": false,
        "code": true
      },
      "version": "8.1.1"
    },
    "marge": {
      "options": {
        "reportDir": "cypress/reports",
        "overwrite": false,
        "html": false,
        "json": true,
        "timestamp": "isoDateTime"
      },
      "version": "6.3.2"
    }
  }
}