{
  "stats": {
    "suites": 1,
    "tests": 6,
    "passes": 0,
    "pending": 0,
    "failures": 6,
    "start": "2026-09-24T22:31:07.834Z",
    "end": "2026-09-24T22:33:54.413Z",
    "duration": 166579,
    "testsRegistered": 6,
    "passPercent": 0,
    "pendingPercent": 0,
    "other": 0,
    "hasOther": false,
    "skipped": 0,
    "hasSkipped": false
  },
  "results": [
    {
      "uuid": "ebfcb349-7e81-4ca1-b535-e1ff25cdf646",
      "title": "",
      "fullFile": "cypress/e2e/auth/logout.cy.ts",
      "file": "cypress/e2e/auth/logout.cy.ts",
      "beforeHooks": [],
      "afterHooks": [],
      "tests": [],
      "suites": [
        {
          "uuid": "1d4d3183-3f69-45ba-9eba-6a8d34f42445",
          "title": "Auth — Logout",
          "fullFile": "",
          "file": "",
          "beforeHooks": [],
          "afterHooks": [],
          "tests": [
            {
              "title": "P1 | Logout clears nepay_refresh cookie",
              "fullTitle": "Auth — Logout P1 | Logout clears nepay_refresh cookie",
              "timedOut": null,
              "duration": 9103,
              "state": "failed",
              "speed": null,
              "pass": false,
              "fail": true,
              "pending": false,
              "context": null,
              "code": "// Find and click the logout trigger\ncy.contains(/log out|sign out/i, { timeout: 8000 }).click();\n// HARD: cookie must be gone\ncy.getCookie(\"nepay_refresh\", { timeout: 8000 }).should(\"not.exist\");",
              "err": {
                "message": "AssertionError: Timed out retrying after 8000ms: Expected to find content: '/log out|sign out/i' but never did.",
                "estack": "AssertionError: Timed out retrying after 8000ms: Expected to find content: '/log out|sign out/i' but never did.\n    at Context.eval (webpack:///./cypress/e2e/auth/logout.cy.ts:11:0)",
                "diff": null
              },
              "uuid": "5cc0940d-6bd2-4ccb-9f57-c0cad4add347",
              "parentUUID": "1d4d3183-3f69-45ba-9eba-6a8d34f42445",
              "isHook": false,
              "skipped": false
            },
            {
              "title": "P2 | Logout redirects to /login",
              "fullTitle": "Auth — Logout P2 | Logout redirects to /login",
              "timedOut": null,
              "duration": 9138,
              "state": "failed",
              "speed": null,
              "pass": false,
              "fail": true,
              "pending": false,
              "context": null,
              "code": "cy.contains(/log out|sign out/i, { timeout: 8000 }).click();\n// HARD\ncy.url({ timeout: 8000 }).should(\"include\", \"/login\");",
              "err": {
                "message": "AssertionError: Timed out retrying after 8000ms: Expected to find content: '/log out|sign out/i' but never did.",
                "estack": "AssertionError: Timed out retrying after 8000ms: Expected to find content: '/log out|sign out/i' but never did.\n    at Context.eval (webpack:///./cypress/e2e/auth/logout.cy.ts:16:0)",
                "diff": null
              },
              "uuid": "aa0bc8c9-3146-4dca-9337-cf095ef7f251",
              "parentUUID": "1d4d3183-3f69-45ba-9eba-6a8d34f42445",
              "isHook": false,
              "skipped": false
            },
            {
              "title": "P3 | Signed out toast is shown",
              "fullTitle": "Auth — Logout P3 | Signed out toast is shown",
              "timedOut": null,
              "duration": 9180,
              "state": "failed",
              "speed": null,
              "pass": false,
              "fail": true,
              "pending": false,
              "context": null,
              "code": "cy.contains(/log out|sign out/i, { timeout: 8000 }).click();\n// SOFT: toast is cosmetic\ncy.softAssert(() => {\n    cy.contains(/signed out|logged out/i, { timeout: 5000 }).should(\"be.visible\");\n}, \"Signed out toast\");\ncy.assertAll();",
              "err": {
                "message": "AssertionError: Timed out retrying after 8000ms: Expected to find content: '/log out|sign out/i' but never did.",
                "estack": "AssertionError: Timed out retrying after 8000ms: Expected to find content: '/log out|sign out/i' but never did.\n    at Context.eval (webpack:///./cypress/e2e/auth/logout.cy.ts:21:0)",
                "diff": null
              },
              "uuid": "396b3b04-bdb4-4140-8a5e-4c18cd2e2adb",
              "parentUUID": "1d4d3183-3f69-45ba-9eba-6a8d34f42445",
              "isHook": false,
              "skipped": false
            },
            {
              "title": "P4 | localStorage is cleared after logout",
              "fullTitle": "Auth — Logout P4 | localStorage is cleared after logout",
              "timedOut": null,
              "duration": 9243,
              "state": "failed",
              "speed": null,
              "pass": false,
              "fail": true,
              "pending": false,
              "context": null,
              "code": "cy.contains(/log out|sign out/i, { timeout: 8000 }).click();\ncy.url({ timeout: 8000 }).should(\"include\", \"/login\");\n// HARD: tokens must be gone from localStorage\ncy.window().then((win) => {\n    expect(win.localStorage.getItem(\"nepay-auth\")).to.be.null;\n});",
              "err": {
                "message": "AssertionError: Timed out retrying after 8000ms: Expected to find content: '/log out|sign out/i' but never did.",
                "estack": "AssertionError: Timed out retrying after 8000ms: Expected to find content: '/log out|sign out/i' but never did.\n    at Context.eval (webpack:///./cypress/e2e/auth/logout.cy.ts:29:0)",
                "diff": null
              },
              "uuid": "636a3e67-601c-4baa-acab-0f04d96a7419",
              "parentUUID": "1d4d3183-3f69-45ba-9eba-6a8d34f42445",
              "isHook": false,
              "skipped": false
            },
            {
              "title": "N1 | After logout, browser back to protected route → redirected to /login",
              "fullTitle": "Auth — Logout N1 | After logout, browser back to protected route → redirected to /login",
              "timedOut": null,
              "duration": 9282,
              "state": "failed",
              "speed": null,
              "pass": false,
              "fail": true,
              "pending": false,
              "context": null,
              "code": "cy.contains(/log out|sign out/i, { timeout: 8000 }).click();\ncy.url({ timeout: 8000 }).should(\"include\", \"/login\");\ncy.go(\"back\");\n// HARD: middleware must gate the route\ncy.url({ timeout: 8000 }).should(\"include\", \"/login\");",
              "err": {
                "message": "AssertionError: Timed out retrying after 8000ms: Expected to find content: '/log out|sign out/i' but never did.",
                "estack": "AssertionError: Timed out retrying after 8000ms: Expected to find content: '/log out|sign out/i' but never did.\n    at Context.eval (webpack:///./cypress/e2e/auth/logout.cy.ts:37:0)",
                "diff": null
              },
              "uuid": "d7e5dc46-3e2d-4f8a-a24c-deb227a7f4cd",
              "parentUUID": "1d4d3183-3f69-45ba-9eba-6a8d34f42445",
              "isHook": false,
              "skipped": false
            },
            {
              "title": "N2 | Logout when API fails → still clears state and redirects",
              "fullTitle": "Auth — Logout N2 | Logout when API fails → still clears state and redirects",
              "timedOut": null,
              "duration": 9293,
              "state": "failed",
              "speed": null,
              "pass": false,
              "fail": true,
              "pending": false,
              "context": null,
              "code": "cy.intercept(\"POST\", \"**/auth/logout\", { forceNetworkError: true }).as(\"logoutFail\");\ncy.contains(/log out|sign out/i, { timeout: 8000 }).click();\ncy.wait(\"@logoutFail\");\n// HARD: even on API failure, user must be logged out locally\ncy.url({ timeout: 8000 }).should(\"include\", \"/login\");\ncy.getCookie(\"nepay_refresh\").should(\"not.exist\");",
              "err": {
                "message": "AssertionError: Timed out retrying after 8000ms: Expected to find content: '/log out|sign out/i' but never did.",
                "estack": "AssertionError: Timed out retrying after 8000ms: Expected to find content: '/log out|sign out/i' but never did.\n    at Context.eval (webpack:///./cypress/e2e/auth/logout.cy.ts:45:0)",
                "diff": null
              },
              "uuid": "6a694cbd-3cfe-4b51-8024-123bfd2edfad",
              "parentUUID": "1d4d3183-3f69-45ba-9eba-6a8d34f42445",
              "isHook": false,
              "skipped": false
            }
          ],
          "suites": [],
          "passes": [],
          "failures": [
            "5cc0940d-6bd2-4ccb-9f57-c0cad4add347",
            "aa0bc8c9-3146-4dca-9337-cf095ef7f251",
            "396b3b04-bdb4-4140-8a5e-4c18cd2e2adb",
            "636a3e67-601c-4baa-acab-0f04d96a7419",
            "d7e5dc46-3e2d-4f8a-a24c-deb227a7f4cd",
            "6a694cbd-3cfe-4b51-8024-123bfd2edfad"
          ],
          "pending": [],
          "skipped": [],
          "duration": 55239,
          "root": false,
          "rootEmpty": false,
          "_timeout": 2000
        }
      ],
      "passes": [],
      "failures": [],
      "pending": [],
      "skipped": [],
      "duration": 0,
      "root": true,
      "rootEmpty": true,
      "_timeout": 2000
    }
  ],
  "meta": {
    "mocha": {
      "version": "7.0.1"
    },
    "mochawesome": {
      "options": {
        "quiet": false,
        "reportFilename": "mochawesome",
        "saveHtml": false,
        "saveJson": true,
        "consoleReporter": "spec",
        "useInlineDiffs": false,
        "code": true
      },
      "version": "8.1.1"
    },
    "marge": {
      "options": {
        "reportDir": "cypress/reports",
        "overwrite": false,
        "html": false,
        "json": true,
        "timestamp": "isoDateTime"
      },
      "version": "6.3.2"
    }
  }
}