{
  "stats": {
    "suites": 1,
    "tests": 2,
    "passes": 1,
    "pending": 0,
    "failures": 1,
    "start": "2026-09-25T00:52:11.393Z",
    "end": "2026-09-25T00:53:13.825Z",
    "duration": 62432,
    "testsRegistered": 5,
    "passPercent": 20,
    "pendingPercent": 0,
    "other": 0,
    "hasOther": false,
    "skipped": 3,
    "hasSkipped": true
  },
  "results": [
    {
      "uuid": "2175cd28-b585-4c84-99dd-be7a25a334df",
      "title": "",
      "fullFile": "cypress/e2e/pods/pods.cy.ts",
      "file": "cypress/e2e/pods/pods.cy.ts",
      "beforeHooks": [],
      "afterHooks": [],
      "tests": [],
      "suites": [
        {
          "uuid": "d701d277-b6d0-40b9-98fb-a4744d68543c",
          "title": "Pods",
          "fullFile": "",
          "file": "",
          "beforeHooks": [],
          "afterHooks": [],
          "tests": [
            {
              "title": "P1 | Pods page loads",
              "fullTitle": "Pods P1 | Pods page loads",
              "timedOut": null,
              "duration": 937,
              "state": "passed",
              "speed": "fast",
              "pass": true,
              "fail": false,
              "pending": false,
              "context": null,
              "code": "cy.get(\"body\").should(\"be.visible\");\ncy.contains(/pod|saving|group/i, { timeout: 10000 }).should(\"be.visible\");",
              "err": {},
              "uuid": "7951c793-997e-47db-9a9a-3cbeb9766653",
              "parentUUID": "d701d277-b6d0-40b9-98fb-a4744d68543c",
              "isHook": false,
              "skipped": false
            },
            {
              "title": "P2 | Empty pods → empty state shown",
              "fullTitle": "Pods P2 | Empty pods → empty state shown",
              "timedOut": null,
              "duration": 30120,
              "state": "failed",
              "speed": null,
              "pass": false,
              "fail": true,
              "pending": false,
              "context": null,
              "code": "cy.intercept(\"GET\", \"**/pods**\", {\n    statusCode: 200,\n    body: { success: true, data: [] },\n}).as(\"emptyPods\");\ncy.reload();\ncy.wait(\"@emptyPods\");\ncy.softAssert(() => {\n    cy.contains(/no pod|create|start/i, { timeout: 8000 }).should(\"be.visible\");\n}, \"Empty state message for no pods\");\ncy.assertAll();",
              "err": {
                "message": "TypeError: Timed out retrying after 30000ms: Cannot read properties of undefined (reading 'origin')\n\nBecause this error occurred during a `before each` hook we are skipping the remaining tests in the current suite: `Pods`",
                "estack": "TypeError: Timed out retrying after 30000ms: Cannot read properties of undefined (reading 'origin')\n\nBecause this error occurred during a `before each` hook we are skipping the remaining tests in the current suite: `Pods`\n    at $Cy.ensureCommandCanCommunicateWithAUT (https://staging-nepay.vercel.app/__cypress/runner/cypress_runner.js:148084:40)\n    at <unknown> (https://staging-nepay.vercel.app/__cypress/runner/cypress_runner.js:152522:14)\n    at tryCatcher (https://staging-nepay.vercel.app/__cypress/runner/cypress_runner.js:11327:23)\n    at Promise.attempt.Promise.try (https://staging-nepay.vercel.app/__cypress/runner/cypress_runner.js:8601:29)\n    at retryValue (https://staging-nepay.vercel.app/__cypress/runner/cypress_runner.js:152520:65)\n    at tryCatcher (https://staging-nepay.vercel.app/__cypress/runner/cypress_runner.js:11327:23)\n    at Promise.attempt.Promise.try (https://staging-nepay.vercel.app/__cypress/runner/cypress_runner.js:8601:29)\n    at whenStable (https://staging-nepay.vercel.app/__cypress/runner/cypress_runner.js:153099:65)\n    at <unknown> (https://staging-nepay.vercel.app/__cypress/runner/cypress_runner.js:152508:14)\n    at tryCatcher (https://staging-nepay.vercel.app/__cypress/runner/cypress_runner.js:11327:23)\n    at Promise._settlePromiseFromHandler (https://staging-nepay.vercel.app/__cypress/runner/cypress_runner.js:9262:31)\n    at Promise._settlePromise (https://staging-nepay.vercel.app/__cypress/runner/cypress_runner.js:9319:18)\n    at Promise._settlePromise0 (https://staging-nepay.vercel.app/__cypress/runner/cypress_runner.js:9364:10)\n    at Promise._settlePromises (https://staging-nepay.vercel.app/__cypress/runner/cypress_runner.js:9444:18)\n    at Promise._fulfill (https://staging-nepay.vercel.app/__cypress/runner/cypress_runner.js:9388:18)\n    at <unknown> (https://staging-nepay.vercel.app/__cypress/runner/cypress_runner.js:11002:46)",
                "diff": null
              },
              "uuid": "9ee76e30-27db-4bbc-bf30-ab520da9a24a",
              "parentUUID": "d701d277-b6d0-40b9-98fb-a4744d68543c",
              "isHook": false,
              "skipped": false
            },
            {
              "title": "N1 | Create pod with no name → validation error",
              "fullTitle": "Pods N1 | Create pod with no name → validation error",
              "timedOut": null,
              "duration": 0,
              "state": "skipped",
              "speed": null,
              "pass": false,
              "fail": false,
              "pending": false,
              "context": null,
              "code": "cy.contains(/create|new pod/i, { timeout: 8000 }).click();\ncy.get('button[type=\"submit\"]').click();\ncy.contains(/name|required/i, { timeout: 5000 }).should(\"be.visible\");",
              "err": {},
              "uuid": "0092c0c0-2830-45e1-b1fd-3779a549184f",
              "parentUUID": "d701d277-b6d0-40b9-98fb-a4744d68543c",
              "isHook": false,
              "skipped": true
            },
            {
              "title": "N2 | Create pod with target = 0 → validation error",
              "fullTitle": "Pods N2 | Create pod with target = 0 → validation error",
              "timedOut": null,
              "duration": 0,
              "state": "skipped",
              "speed": null,
              "pass": false,
              "fail": false,
              "pending": false,
              "context": null,
              "code": "cy.contains(/create|new pod/i, { timeout: 8000 }).click();\ncy.get('input[name=\"name\"], input[placeholder*=\"name\" i]').first().type(\"My Pod\");\ncy.get('input[name=\"targetAmount\"], input[placeholder*=\"target\" i], input[placeholder*=\"amount\" i]')\n    .first()\n    .type(\"0\");\ncy.get('button[type=\"submit\"]').click();\ncy.softAssert(() => {\n    cy.contains(/invalid|greater than|minimum/i, { timeout: 5000 }).should(\"be.visible\");\n}, \"Zero target amount validation\");\ncy.assertAll();",
              "err": {},
              "uuid": "e14b4f8a-2a31-414c-ba37-a1a053071127",
              "parentUUID": "d701d277-b6d0-40b9-98fb-a4744d68543c",
              "isHook": false,
              "skipped": true
            },
            {
              "title": "N3 | API error on pod load → page doesn't crash",
              "fullTitle": "Pods N3 | API error on pod load → page doesn't crash",
              "timedOut": null,
              "duration": 0,
              "state": "skipped",
              "speed": null,
              "pass": false,
              "fail": false,
              "pending": false,
              "context": null,
              "code": "cy.intercept(\"GET\", \"**/pods**\", {\n    statusCode: 500,\n    body: { success: false, message: \"Server error\" },\n}).as(\"podsError\");\ncy.reload();\ncy.wait(\"@podsError\");\ncy.get(\"body\").should(\"be.visible\");\ncy.contains(/something went wrong|unhandled/i).should(\"not.exist\");",
              "err": {},
              "uuid": "8d31aa7d-69c6-45bf-b452-c5ede0864a8c",
              "parentUUID": "d701d277-b6d0-40b9-98fb-a4744d68543c",
              "isHook": false,
              "skipped": true
            }
          ],
          "suites": [],
          "passes": [
            "7951c793-997e-47db-9a9a-3cbeb9766653"
          ],
          "failures": [
            "9ee76e30-27db-4bbc-bf30-ab520da9a24a"
          ],
          "pending": [],
          "skipped": [
            "0092c0c0-2830-45e1-b1fd-3779a549184f",
            "e14b4f8a-2a31-414c-ba37-a1a053071127",
            "8d31aa7d-69c6-45bf-b452-c5ede0864a8c"
          ],
          "duration": 31057,
          "root": false,
          "rootEmpty": false,
          "_timeout": 2000
        }
      ],
      "passes": [],
      "failures": [],
      "pending": [],
      "skipped": [],
      "duration": 0,
      "root": true,
      "rootEmpty": true,
      "_timeout": 2000
    }
  ],
  "meta": {
    "mocha": {
      "version": "7.0.1"
    },
    "mochawesome": {
      "options": {
        "quiet": false,
        "reportFilename": "mochawesome",
        "saveHtml": false,
        "saveJson": true,
        "consoleReporter": "spec",
        "useInlineDiffs": false,
        "code": true
      },
      "version": "8.1.1"
    },
    "marge": {
      "options": {
        "reportDir": "cypress/reports",
        "overwrite": false,
        "html": false,
        "json": true,
        "timestamp": "isoDateTime"
      },
      "version": "6.3.2"
    }
  }
}